{"C:\\Users\\Acer\\Desktop\\petropulse\\src\\App.tsx": {"path":"C:\\Users\\Acer\\Desktop\\petropulse\\src\\App.tsx","statementMap":{"0":{"start":{"line":1,"column":0},"end":{"line":1,"column":50}},"1":{"start":{"line":2,"column":0},"end":{"line":2,"column":59}},"2":{"start":{"line":3,"column":0},"end":{"line":3,"column":58}},"3":{"start":{"line":4,"column":0},"end":{"line":4,"column":73}},"4":{"start":{"line":5,"column":0},"end":{"line":5,"column":74}},"5":{"start":{"line":6,"column":0},"end":{"line":6,"column":51}},"6":{"start":{"line":7,"column":0},"end":{"line":7,"column":61}},"7":{"start":{"line":8,"column":0},"end":{"line":8,"column":61}},"8":{"start":{"line":9,"column":0},"end":{"line":9,"column":42}},"9":{"start":{"line":10,"column":0},"end":{"line":10,"column":42}},"10":{"start":{"line":12,"column":0},"end":{"line":12,"column":42}},"11":{"start":{"line":13,"column":0},"end":{"line":13,"column":42}},"12":{"start":{"line":14,"column":0},"end":{"line":14,"column":46}},"13":{"start":{"line":15,"column":0},"end":{"line":15,"column":38}},"14":{"start":{"line":16,"column":0},"end":{"line":16,"column":38}},"15":{"start":{"line":17,"column":0},"end":{"line":17,"column":40}},"16":{"start":{"line":18,"column":0},"end":{"line":18,"column":40}},"17":{"start":{"line":19,"column":0},"end":{"line":19,"column":34}},"18":{"start":{"line":22,"column":0},"end":{"line":22,"column":60}},"19":{"start":{"line":23,"column":0},"end":{"line":23,"column":50}},"20":{"start":{"line":24,"column":0},"end":{"line":24,"column":54}},"21":{"start":{"line":25,"column":0},"end":{"line":25,"column":48}},"22":{"start":{"line":26,"column":0},"end":{"line":26,"column":46}},"23":{"start":{"line":29,"column":0},"end":{"line":29,"column":39}},"24":{"start":{"line":30,"column":0},"end":{"line":30,"column":49}},"25":{"start":{"line":31,"column":0},"end":{"line":31,"column":55}},"26":{"start":{"line":32,"column":0},"end":{"line":32,"column":55}},"27":{"start":{"line":35,"column":0},"end":{"line":35,"column":59}},"28":{"start":{"line":36,"column":0},"end":{"line":36,"column":59}},"29":{"start":{"line":37,"column":0},"end":{"line":37,"column":61}},"30":{"start":{"line":38,"column":0},"end":{"line":38,"column":55}},"31":{"start":{"line":39,"column":0},"end":{"line":39,"column":57}},"32":{"start":{"line":42,"column":0},"end":{"line":42,"column":59}},"33":{"start":{"line":43,"column":0},"end":{"line":43,"column":61}},"34":{"start":{"line":44,"column":0},"end":{"line":44,"column":55}},"35":{"start":{"line":45,"column":0},"end":{"line":45,"column":57}},"36":{"start":{"line":46,"column":0},"end":{"line":46,"column":55}},"37":{"start":{"line":48,"column":20},"end":{"line":48,"column":37}},"38":{"start":{"line":51,"column":23},"end":{"line":88,"column":1}},"39":{"start":{"line":52,"column":25},"end":{"line":52,"column":57}},"40":{"start":{"line":53,"column":16},"end":{"line":53,"column":45}},"41":{"start":{"line":55,"column":2},"end":{"line":55,"column":99}},"42":{"start":{"line":56,"column":2},"end":{"line":56,"column":76}},"43":{"start":{"line":57,"column":2},"end":{"line":57,"column":66}},"44":{"start":{"line":59,"column":2},"end":{"line":63,"column":3}},"45":{"start":{"line":61,"column":4},"end":{"line":61,"column":80}},"46":{"start":{"line":62,"column":4},"end":{"line":62,"column":49}},"47":{"start":{"line":65,"column":2},"end":{"line":70,"column":3}},"48":{"start":{"line":68,"column":4},"end":{"line":68,"column":95}},"49":{"start":{"line":69,"column":4},"end":{"line":69,"column":20}},"50":{"start":{"line":72,"column":2},"end":{"line":83,"column":3}},"51":{"start":{"line":74,"column":4},"end":{"line":74,"column":109}},"52":{"start":{"line":76,"column":4},"end":{"line":82,"column":5}},"53":{"start":{"line":77,"column":6},"end":{"line":77,"column":56}},"54":{"start":{"line":78,"column":11},"end":{"line":82,"column":5}},"55":{"start":{"line":79,"column":6},"end":{"line":79,"column":59}},"56":{"start":{"line":80,"column":11},"end":{"line":82,"column":5}},"57":{"start":{"line":81,"column":6},"end":{"line":81,"column":59}},"58":{"start":{"line":86,"column":2},"end":{"line":86,"column":78}},"59":{"start":{"line":87,"column":2},"end":{"line":87,"column":18}},"60":{"start":{"line":90,"column":12},"end":{"line":168,"column":null}},"61":{"start":{"line":91,"column":2},"end":{"line":167,"column":null}},"62":{"start":{"line":171,"column":0},"end":{"line":171,"column":19}}},"fnMap":{"0":{"name":"(anonymous_1)","decl":{"start":{"line":51,"column":23},"end":{"line":51,"column":24}},"loc":{"start":{"line":51,"column":95},"end":{"line":88,"column":1}}},"1":{"name":"(anonymous_2)","decl":{"start":{"line":90,"column":12},"end":{"line":90,"column":15}},"loc":{"start":{"line":91,"column":2},"end":{"line":167,"column":null}}}},"branchMap":{"0":{"loc":{"start":{"line":59,"column":2},"end":{"line":63,"column":3}},"type":"if","locations":[{"start":{"line":59,"column":2},"end":{"line":63,"column":3}}]},"1":{"loc":{"start":{"line":65,"column":2},"end":{"line":70,"column":3}},"type":"if","locations":[{"start":{"line":65,"column":2},"end":{"line":70,"column":3}}]},"2":{"loc":{"start":{"line":72,"column":2},"end":{"line":83,"column":3}},"type":"if","locations":[{"start":{"line":72,"column":2},"end":{"line":83,"column":3}}]},"3":{"loc":{"start":{"line":76,"column":4},"end":{"line":82,"column":5}},"type":"if","locations":[{"start":{"line":76,"column":4},"end":{"line":82,"column":5}},{"start":{"line":78,"column":11},"end":{"line":82,"column":5}}]},"4":{"loc":{"start":{"line":78,"column":11},"end":{"line":82,"column":5}},"type":"if","locations":[{"start":{"line":78,"column":11},"end":{"line":82,"column":5}},{"start":{"line":80,"column":11},"end":{"line":82,"column":5}}]},"5":{"loc":{"start":{"line":80,"column":11},"end":{"line":82,"column":5}},"type":"if","locations":[{"start":{"line":80,"column":11},"end":{"line":82,"column":5}}]}},"s":{"0":1,"1":1,"2":1,"3":1,"4":1,"5":1,"6":1,"7":1,"8":1,"9":1,"10":1,"11":1,"12":1,"13":1,"14":1,"15":1,"16":1,"17":1,"18":1,"19":1,"20":1,"21":1,"22":1,"23":1,"24":1,"25":1,"26":1,"27":1,"28":1,"29":1,"30":1,"31":1,"32":1,"33":1,"34":1,"35":1,"36":1,"37":1,"38":1,"39":0,"40":0,"41":0,"42":0,"43":0,"44":0,"45":0,"46":0,"47":0,"48":0,"49":0,"50":0,"51":0,"52":0,"53":0,"54":0,"55":0,"56":0,"57":0,"58":0,"59":0,"60":1,"61":1,"62":1},"f":{"0":0,"1":1},"b":{"0":[0],"1":[0],"2":[0],"3":[0,0],"4":[0,0],"5":[0]}}
,"C:\\Users\\Acer\\Desktop\\petropulse\\src\\components\\AppLayout.tsx": {"path":"C:\\Users\\Acer\\Desktop\\petropulse\\src\\components\\AppLayout.tsx","statementMap":{"0":{"start":{"line":6,"column":0},"end":{"line":6,"column":16}},"1":{"start":{"line":2,"column":0},"end":{"line":2,"column":42}},"2":{"start":{"line":3,"column":0},"end":{"line":3,"column":45}},"3":{"start":{"line":4,"column":0},"end":{"line":4,"column":53}},"4":{"start":{"line":7,"column":2},"end":{"line":19,"column":4}}},"fnMap":{"0":{"name":"AppLayout","decl":{"start":{"line":6,"column":16},"end":{"line":6,"column":25}},"loc":{"start":{"line":6,"column":25},"end":{"line":20,"column":1}}}},"branchMap":{},"s":{"0":2,"1":2,"2":2,"3":2,"4":2},"f":{"0":2},"b":{}}
,"C:\\Users\\Acer\\Desktop\\petropulse\\src\\components\\CustomerLayout.tsx": {"path":"C:\\Users\\Acer\\Desktop\\petropulse\\src\\components\\CustomerLayout.tsx","statementMap":{"0":{"start":{"line":34,"column":0},"end":{"line":34,"column":16}},"1":{"start":{"line":1,"column":0},"end":{"line":1,"column":55}},"2":{"start":{"line":2,"column":0},"end":{"line":2,"column":84}},"3":{"start":{"line":3,"column":0},"end":{"line":3,"column":97}},"4":{"start":{"line":4,"column":0},"end":{"line":4,"column":48}},"5":{"start":{"line":5,"column":0},"end":{"line":5,"column":33}},"6":{"start":{"line":6,"column":0},"end":{"line":6,"column":31}},"7":{"start":{"line":7,"column":0},"end":{"line":7,"column":64}},"8":{"start":{"line":8,"column":0},"end":{"line":8,"column":74}},"9":{"start":{"line":18,"column":2},"end":{"line":31,"column":4}},"10":{"start":{"line":35,"column":42},"end":{"line":35,"column":62}},"11":{"start":{"line":36,"column":19},"end":{"line":36,"column":32}},"12":{"start":{"line":37,"column":19},"end":{"line":37,"column":32}},"13":{"start":{"line":38,"column":19},"end":{"line":38,"column":51}},"14":{"start":{"line":40,"column":2},"end":{"line":54,"column":17}},"15":{"start":{"line":42,"column":22},"end":{"line":51,"column":5}},"16":{"start":{"line":43,"column":29},"end":{"line":43,"column":61}},"17":{"start":{"line":44,"column":25},"end":{"line":44,"column":57}},"18":{"start":{"line":46,"column":6},"end":{"line":50,"column":7}},"19":{"start":{"line":47,"column":8},"end":{"line":47,"column":32}},"20":{"start":{"line":48,"column":13},"end":{"line":50,"column":7}},"21":{"start":{"line":49,"column":8},"end":{"line":49,"column":36}},"22":{"start":{"line":53,"column":4},"end":{"line":53,"column":16}},"23":{"start":{"line":56,"column":23},"end":{"line":63,"column":3}},"24":{"start":{"line":57,"column":4},"end":{"line":57,"column":40}},"25":{"start":{"line":58,"column":4},"end":{"line":58,"column":41}},"26":{"start":{"line":59,"column":4},"end":{"line":59,"column":40}},"27":{"start":{"line":60,"column":4},"end":{"line":60,"column":42}},"28":{"start":{"line":61,"column":4},"end":{"line":61,"column":46}},"29":{"start":{"line":62,"column":4},"end":{"line":62,"column":28}},"30":{"start":{"line":65,"column":2},"end":{"line":67,"column":3}},"31":{"start":{"line":66,"column":4},"end":{"line":66,"column":41}},"32":{"start":{"line":69,"column":22},"end":{"line":75,"column":3}},"33":{"start":{"line":70,"column":4},"end":{"line":74,"column":21}},"34":{"start":{"line":72,"column":19},"end":{"line":72,"column":26}},"35":{"start":{"line":78,"column":19},"end":{"line":84,"column":4}},"36":{"start":{"line":86,"column":2},"end":{"line":189,"column":4}},"37":{"start":{"line":99,"column":16},"end":{"line":100,"column":null}},"38":{"start":{"line":144,"column":20},"end":{"line":145,"column":null}}},"fnMap":{"0":{"name":"NavItem","decl":{"start":{"line":17,"column":9},"end":{"line":17,"column":16}},"loc":{"start":{"line":17,"column":68},"end":{"line":32,"column":1}}},"1":{"name":"CustomerLayout","decl":{"start":{"line":34,"column":16},"end":{"line":34,"column":30}},"loc":{"start":{"line":34,"column":30},"end":{"line":190,"column":1}}},"2":{"name":"(anonymous_2)","decl":{"start":{"line":40,"column":12},"end":{"line":40,"column":15}},"loc":{"start":{"line":40,"column":17},"end":{"line":54,"column":3}}},"3":{"name":"(anonymous_3)","decl":{"start":{"line":42,"column":22},"end":{"line":42,"column":25}},"loc":{"start":{"line":42,"column":27},"end":{"line":51,"column":5}}},"4":{"name":"(anonymous_4)","decl":{"start":{"line":56,"column":23},"end":{"line":56,"column":26}},"loc":{"start":{"line":56,"column":28},"end":{"line":63,"column":3}}},"5":{"name":"(anonymous_5)","decl":{"start":{"line":69,"column":22},"end":{"line":69,"column":23}},"loc":{"start":{"line":69,"column":39},"end":{"line":75,"column":3}}},"6":{"name":"(anonymous_6)","decl":{"start":{"line":72,"column":11},"end":{"line":72,"column":15}},"loc":{"start":{"line":72,"column":19},"end":{"line":72,"column":26}}},"7":{"name":"(anonymous_7)","decl":{"start":{"line":98,"column":28},"end":{"line":98,"column":29}},"loc":{"start":{"line":99,"column":16},"end":{"line":100,"column":null}}},"8":{"name":"(anonymous_8)","decl":{"start":{"line":143,"column":32},"end":{"line":143,"column":33}},"loc":{"start":{"line":144,"column":20},"end":{"line":145,"column":null}}}},"branchMap":{"0":{"loc":{"start":{"line":24,"column":10},"end":{"line":24,"column":56}},"type":"binary-expr","locations":[{"start":{"line":24,"column":10},"end":{"line":24,"column":18}},{"start":{"line":24,"column":22},"end":{"line":24,"column":56}}]},"1":{"loc":{"start":{"line":46,"column":6},"end":{"line":50,"column":7}},"type":"if","locations":[{"start":{"line":46,"column":6},"end":{"line":50,"column":7}},{"start":{"line":48,"column":13},"end":{"line":50,"column":7}}]},"2":{"loc":{"start":{"line":48,"column":13},"end":{"line":50,"column":7}},"type":"if","locations":[{"start":{"line":48,"column":13},"end":{"line":50,"column":7}}]},"3":{"loc":{"start":{"line":65,"column":2},"end":{"line":67,"column":3}},"type":"if","locations":[{"start":{"line":65,"column":2},"end":{"line":67,"column":3}}]},"4":{"loc":{"start":{"line":173,"column":33},"end":{"line":173,"column":80}},"type":"cond-expr","locations":[{"start":{"line":173,"column":48},"end":{"line":173,"column":73}},{"start":{"line":173,"column":76},"end":{"line":173,"column":80}}]},"5":{"loc":{"start":{"line":176,"column":54},"end":{"line":176,"column":80}},"type":"binary-expr","locations":[{"start":{"line":176,"column":54},"end":{"line":176,"column":66}},{"start":{"line":176,"column":70},"end":{"line":176,"column":80}}]}},"s":{"0":1,"1":1,"2":1,"3":1,"4":1,"5":1,"6":1,"7":1,"8":1,"9":0,"10":0,"11":0,"12":0,"13":0,"14":0,"15":0,"16":0,"17":0,"18":0,"19":0,"20":0,"21":0,"22":0,"23":0,"24":0,"25":0,"26":0,"27":0,"28":0,"29":0,"30":0,"31":0,"32":0,"33":0,"34":0,"35":0,"36":0,"37":0,"38":0},"f":{"0":0,"1":0,"2":0,"3":0,"4":0,"5":0,"6":0,"7":0,"8":0},"b":{"0":[0,0],"1":[0,0],"2":[0],"3":[0],"4":[0,0],"5":[0,0]}}
,"C:\\Users\\Acer\\Desktop\\petropulse\\src\\components\\DatePickerWithRange.tsx": {"path":"C:\\Users\\Acer\\Desktop\\petropulse\\src\\components\\DatePickerWithRange.tsx","statementMap":{"0":{"start":{"line":22,"column":0},"end":{"line":22,"column":16}},"1":{"start":{"line":3,"column":0},"end":{"line":3,"column":34}},"2":{"start":{"line":4,"column":0},"end":{"line":4,"column":56}},"3":{"start":{"line":7,"column":0},"end":{"line":7,"column":33}},"4":{"start":{"line":8,"column":0},"end":{"line":8,"column":48}},"5":{"start":{"line":9,"column":0},"end":{"line":9,"column":52}},"6":{"start":{"line":10,"column":0},"end":{"line":10,"column":null}},"7":{"start":{"line":27,"column":2},"end":{"line":66,"column":4}}},"fnMap":{"0":{"name":"DatePickerWithRange","decl":{"start":{"line":22,"column":16},"end":{"line":22,"column":35}},"loc":{"start":{"line":26,"column":27},"end":{"line":67,"column":1}}}},"branchMap":{"0":{"loc":{"start":{"line":36,"column":14},"end":{"line":36,"column":51}},"type":"binary-expr","locations":[{"start":{"line":36,"column":14},"end":{"line":36,"column":24}},{"start":{"line":36,"column":28},"end":{"line":36,"column":51}}]},"1":{"loc":{"start":{"line":40,"column":13},"end":{"line":50,"column":null}},"type":"cond-expr","locations":[{"start":{"line":41,"column":14},"end":{"line":47,"column":null}},{"start":{"line":50,"column":14},"end":{"line":50,"column":38}}]},"2":{"loc":{"start":{"line":40,"column":13},"end":{"line":40,"column":28}},"type":"cond-expr","locations":[{"start":{"line":40,"column":22},"end":{"line":40,"column":24}},{"start":{"line":40,"column":13},"end":{"line":40,"column":28}}]},"3":{"loc":{"start":{"line":40,"column":13},"end":{"line":40,"column":24}},"type":"binary-expr","locations":[{"start":{"line":40,"column":13},"end":{"line":40,"column":24}},{"start":{"line":40,"column":13},"end":{"line":40,"column":24}}]},"4":{"loc":{"start":{"line":41,"column":14},"end":{"line":47,"column":null}},"type":"cond-expr","locations":[{"start":{"line":42,"column":16},"end":{"line":44,"column":null}},{"start":{"line":47,"column":16},"end":{"line":47,"column":51}}]},"5":{"loc":{"start":{"line":58,"column":26},"end":{"line":58,"column":41}},"type":"cond-expr","locations":[{"start":{"line":58,"column":35},"end":{"line":58,"column":37}},{"start":{"line":58,"column":26},"end":{"line":58,"column":41}}]},"6":{"loc":{"start":{"line":58,"column":26},"end":{"line":58,"column":37}},"type":"binary-expr","locations":[{"start":{"line":58,"column":26},"end":{"line":58,"column":37}},{"start":{"line":58,"column":26},"end":{"line":58,"column":37}}]}},"s":{"0":1,"1":1,"2":1,"3":1,"4":1,"5":1,"6":1,"7":0},"f":{"0":0},"b":{"0":[0,0],"1":[0,0],"2":[0,0],"3":[0,0],"4":[0,0],"5":[0,0],"6":[0,0]}}
,"C:\\Users\\Acer\\Desktop\\petropulse\\src\\components\\EmployeeLayout.tsx": {"path":"C:\\Users\\Acer\\Desktop\\petropulse\\src\\components\\EmployeeLayout.tsx","statementMap":{"0":{"start":{"line":42,"column":0},"end":{"line":42,"column":16}},"1":{"start":{"line":1,"column":0},"end":{"line":1,"column":55}},"2":{"start":{"line":2,"column":0},"end":{"line":2,"column":84}},"3":{"start":{"line":3,"column":0},"end":{"line":3,"column":104}},"4":{"start":{"line":4,"column":0},"end":{"line":4,"column":48}},"5":{"start":{"line":5,"column":0},"end":{"line":5,"column":33}},"6":{"start":{"line":6,"column":0},"end":{"line":6,"column":31}},"7":{"start":{"line":7,"column":0},"end":{"line":7,"column":64}},"8":{"start":{"line":8,"column":0},"end":{"line":8,"column":74}},"9":{"start":{"line":9,"column":0},"end":{"line":9,"column":null}},"10":{"start":{"line":26,"column":2},"end":{"line":39,"column":4}},"11":{"start":{"line":43,"column":42},"end":{"line":43,"column":62}},"12":{"start":{"line":44,"column":42},"end":{"line":44,"column":62}},"13":{"start":{"line":45,"column":19},"end":{"line":45,"column":32}},"14":{"start":{"line":46,"column":19},"end":{"line":46,"column":32}},"15":{"start":{"line":47,"column":19},"end":{"line":47,"column":51}},"16":{"start":{"line":49,"column":26},"end":{"line":53,"column":4}},"17":{"start":{"line":55,"column":2},"end":{"line":86,"column":17}},"18":{"start":{"line":57,"column":22},"end":{"line":83,"column":5}},"19":{"start":{"line":58,"column":20},"end":{"line":58,"column":49}},"20":{"start":{"line":59,"column":29},"end":{"line":59,"column":61}},"21":{"start":{"line":60,"column":25},"end":{"line":60,"column":57}},"22":{"start":{"line":61,"column":25},"end":{"line":61,"column":53}},"23":{"start":{"line":63,"column":6},"end":{"line":63,"column":70}},"24":{"start":{"line":64,"column":6},"end":{"line":64,"column":87}},"25":{"start":{"line":65,"column":6},"end":{"line":65,"column":75}},"26":{"start":{"line":66,"column":6},"end":{"line":66,"column":67}},"27":{"start":{"line":68,"column":6},"end":{"line":72,"column":7}},"28":{"start":{"line":69,"column":8},"end":{"line":69,"column":84}},"29":{"start":{"line":70,"column":8},"end":{"line":70,"column":32}},"30":{"start":{"line":71,"column":8},"end":{"line":71,"column":15}},"31":{"start":{"line":76,"column":6},"end":{"line":79,"column":7}},"32":{"start":{"line":77,"column":8},"end":{"line":77,"column":90}},"33":{"start":{"line":78,"column":8},"end":{"line":78,"column":53}},"34":{"start":{"line":81,"column":6},"end":{"line":81,"column":50}},"35":{"start":{"line":81,"column":22},"end":{"line":81,"column":50}},"36":{"start":{"line":82,"column":6},"end":{"line":82,"column":50}},"37":{"start":{"line":82,"column":22},"end":{"line":82,"column":50}},"38":{"start":{"line":85,"column":4},"end":{"line":85,"column":16}},"39":{"start":{"line":88,"column":23},"end":{"line":97,"column":3}},"40":{"start":{"line":89,"column":4},"end":{"line":89,"column":37}},"41":{"start":{"line":90,"column":4},"end":{"line":90,"column":40}},"42":{"start":{"line":91,"column":4},"end":{"line":91,"column":41}},"43":{"start":{"line":92,"column":4},"end":{"line":92,"column":40}},"44":{"start":{"line":93,"column":4},"end":{"line":93,"column":42}},"45":{"start":{"line":94,"column":4},"end":{"line":94,"column":36}},"46":{"start":{"line":95,"column":4},"end":{"line":95,"column":46}},"47":{"start":{"line":96,"column":4},"end":{"line":96,"column":28}},"48":{"start":{"line":100,"column":16},"end":{"line":100,"column":45}},"49":{"start":{"line":101,"column":2},"end":{"line":104,"column":3}},"50":{"start":{"line":102,"column":4},"end":{"line":102,"column":85}},"51":{"start":{"line":103,"column":4},"end":{"line":103,"column":41}},"52":{"start":{"line":106,"column":22},"end":{"line":112,"column":3}},"53":{"start":{"line":107,"column":4},"end":{"line":111,"column":21}},"54":{"start":{"line":109,"column":19},"end":{"line":109,"column":26}},"55":{"start":{"line":115,"column":19},"end":{"line":121,"column":4}},"56":{"start":{"line":123,"column":2},"end":{"line":248,"column":4}},"57":{"start":{"line":136,"column":16},"end":{"line":137,"column":null}},"58":{"start":{"line":181,"column":20},"end":{"line":182,"column":null}},"59":{"start":{"line":223,"column":18},"end":{"line":223,"column":58}}},"fnMap":{"0":{"name":"NavItem","decl":{"start":{"line":25,"column":9},"end":{"line":25,"column":16}},"loc":{"start":{"line":25,"column":68},"end":{"line":40,"column":1}}},"1":{"name":"EmployeeLayout","decl":{"start":{"line":42,"column":16},"end":{"line":42,"column":30}},"loc":{"start":{"line":42,"column":30},"end":{"line":249,"column":1}}},"2":{"name":"(anonymous_2)","decl":{"start":{"line":55,"column":12},"end":{"line":55,"column":15}},"loc":{"start":{"line":55,"column":17},"end":{"line":86,"column":3}}},"3":{"name":"(anonymous_3)","decl":{"start":{"line":57,"column":22},"end":{"line":57,"column":25}},"loc":{"start":{"line":57,"column":27},"end":{"line":83,"column":5}}},"4":{"name":"(anonymous_4)","decl":{"start":{"line":88,"column":23},"end":{"line":88,"column":26}},"loc":{"start":{"line":88,"column":28},"end":{"line":97,"column":3}}},"5":{"name":"(anonymous_5)","decl":{"start":{"line":106,"column":22},"end":{"line":106,"column":23}},"loc":{"start":{"line":106,"column":39},"end":{"line":112,"column":3}}},"6":{"name":"(anonymous_6)","decl":{"start":{"line":109,"column":11},"end":{"line":109,"column":15}},"loc":{"start":{"line":109,"column":19},"end":{"line":109,"column":26}}},"7":{"name":"(anonymous_7)","decl":{"start":{"line":135,"column":28},"end":{"line":135,"column":29}},"loc":{"start":{"line":136,"column":16},"end":{"line":137,"column":null}}},"8":{"name":"(anonymous_8)","decl":{"start":{"line":180,"column":32},"end":{"line":180,"column":33}},"loc":{"start":{"line":181,"column":20},"end":{"line":182,"column":null}}},"9":{"name":"(anonymous_9)","decl":{"start":{"line":222,"column":35},"end":{"line":222,"column":36}},"loc":{"start":{"line":223,"column":18},"end":{"line":223,"column":58}}}},"branchMap":{"0":{"loc":{"start":{"line":32,"column":10},"end":{"line":32,"column":56}},"type":"binary-expr","locations":[{"start":{"line":32,"column":10},"end":{"line":32,"column":18}},{"start":{"line":32,"column":22},"end":{"line":32,"column":56}}]},"1":{"loc":{"start":{"line":64,"column":54},"end":{"line":64,"column":83}},"type":"cond-expr","locations":[{"start":{"line":64,"column":62},"end":{"line":64,"column":71}},{"start":{"line":64,"column":74},"end":{"line":64,"column":83}}]},"2":{"loc":{"start":{"line":68,"column":6},"end":{"line":72,"column":7}},"type":"if","locations":[{"start":{"line":68,"column":6},"end":{"line":72,"column":7}}]},"3":{"loc":{"start":{"line":76,"column":6},"end":{"line":79,"column":7}},"type":"if","locations":[{"start":{"line":76,"column":6},"end":{"line":79,"column":7}}]},"4":{"loc":{"start":{"line":81,"column":6},"end":{"line":81,"column":50}},"type":"if","locations":[{"start":{"line":81,"column":6},"end":{"line":81,"column":50}}]},"5":{"loc":{"start":{"line":82,"column":6},"end":{"line":82,"column":50}},"type":"if","locations":[{"start":{"line":82,"column":6},"end":{"line":82,"column":50}}]},"6":{"loc":{"start":{"line":101,"column":2},"end":{"line":104,"column":3}},"type":"if","locations":[{"start":{"line":101,"column":2},"end":{"line":104,"column":3}}]},"7":{"loc":{"start":{"line":212,"column":19},"end":{"line":215,"column":null}},"type":"binary-expr","locations":[{"start":{"line":212,"column":19},"end":{"line":212,"column":43}},{"start":{"line":213,"column":20},"end":{"line":214,"column":null}}]},"8":{"loc":{"start":{"line":232,"column":33},"end":{"line":232,"column":80}},"type":"cond-expr","locations":[{"start":{"line":232,"column":48},"end":{"line":232,"column":73}},{"start":{"line":232,"column":76},"end":{"line":232,"column":80}}]},"9":{"loc":{"start":{"line":235,"column":54},"end":{"line":235,"column":80}},"type":"binary-expr","locations":[{"start":{"line":235,"column":54},"end":{"line":235,"column":66}},{"start":{"line":235,"column":70},"end":{"line":235,"column":80}}]}},"s":{"0":1,"1":1,"2":1,"3":1,"4":1,"5":1,"6":1,"7":1,"8":1,"9":1,"10":0,"11":0,"12":0,"13":0,"14":0,"15":0,"16":0,"17":0,"18":0,"19":0,"20":0,"21":0,"22":0,"23":0,"24":0,"25":0,"26":0,"27":0,"28":0,"29":0,"30":0,"31":0,"32":0,"33":0,"34":0,"35":0,"36":0,"37":0,"38":0,"39":0,"40":0,"41":0,"42":0,"43":0,"44":0,"45":0,"46":0,"47":0,"48":0,"49":0,"50":0,"51":0,"52":0,"53":0,"54":0,"55":0,"56":0,"57":0,"58":0,"59":0},"f":{"0":0,"1":0,"2":0,"3":0,"4":0,"5":0,"6":0,"7":0,"8":0,"9":0},"b":{"0":[0,0],"1":[0,0],"2":[0],"3":[0],"4":[0],"5":[0],"6":[0],"7":[0,0],"8":[0,0],"9":[0,0]}}
,"C:\\Users\\Acer\\Desktop\\petropulse\\src\\components\\Header.tsx": {"path":"C:\\Users\\Acer\\Desktop\\petropulse\\src\\components\\Header.tsx","statementMap":{"0":{"start":{"line":15,"column":0},"end":{"line":15,"column":16}},"1":{"start":{"line":2,"column":0},"end":{"line":2,"column":33}},"2":{"start":{"line":3,"column":0},"end":{"line":3,"column":50}},"3":{"start":{"line":4,"column":0},"end":{"line":4,"column":48}},"4":{"start":{"line":5,"column":0},"end":{"line":5,"column":null}},"5":{"start":{"line":13,"column":0},"end":{"line":13,"column":46}},"6":{"start":{"line":16,"column":26},"end":{"line":20,"column":4}},"7":{"start":{"line":22,"column":2},"end":{"line":71,"column":4}},"8":{"start":{"line":48,"column":14},"end":{"line":48,"column":54}}},"fnMap":{"0":{"name":"Header","decl":{"start":{"line":15,"column":16},"end":{"line":15,"column":22}},"loc":{"start":{"line":15,"column":22},"end":{"line":72,"column":1}}},"1":{"name":"(anonymous_1)","decl":{"start":{"line":47,"column":31},"end":{"line":47,"column":32}},"loc":{"start":{"line":48,"column":14},"end":{"line":48,"column":54}}}},"branchMap":{"0":{"loc":{"start":{"line":37,"column":15},"end":{"line":40,"column":null}},"type":"binary-expr","locations":[{"start":{"line":37,"column":15},"end":{"line":37,"column":39}},{"start":{"line":38,"column":16},"end":{"line":39,"column":null}}]}},"s":{"0":1,"1":1,"2":1,"3":1,"4":1,"5":1,"6":0,"7":0,"8":0},"f":{"0":0,"1":0},"b":{"0":[0,0]}}
,"C:\\Users\\Acer\\Desktop\\petropulse\\src\\components\\SidebarNav.tsx": {"path":"C:\\Users\\Acer\\Desktop\\petropulse\\src\\components\\SidebarNav.tsx","statementMap":{"0":{"start":{"line":86,"column":0},"end":{"line":86,"column":16}},"1":{"start":{"line":1,"column":0},"end":{"line":1,"column":33}},"2":{"start":{"line":2,"column":0},"end":{"line":2,"column":53}},"3":{"start":{"line":3,"column":0},"end":{"line":3,"column":33}},"4":{"start":{"line":4,"column":0},"end":{"line":4,"column":48}},"5":{"start":{"line":5,"column":0},"end":{"line":5,"column":null}},"6":{"start":{"line":27,"column":28},"end":{"line":84,"column":2}},"7":{"start":{"line":87,"column":19},"end":{"line":87,"column":32}},"8":{"start":{"line":88,"column":36},"end":{"line":88,"column":73}},"9":{"start":{"line":90,"column":24},"end":{"line":95,"column":3}},"10":{"start":{"line":91,"column":4},"end":{"line":94,"column":8}},"11":{"start":{"line":91,"column":27},"end":{"line":93,"column":null}},"12":{"start":{"line":97,"column":2},"end":{"line":167,"column":4}},"13":{"start":{"line":106,"column":12},"end":{"line":106,"column":34}},"14":{"start":{"line":115,"column":33},"end":{"line":115,"column":58}},"15":{"start":{"line":147,"column":20},"end":{"line":148,"column":null}}},"fnMap":{"0":{"name":"SidebarNav","decl":{"start":{"line":86,"column":16},"end":{"line":86,"column":26}},"loc":{"start":{"line":86,"column":26},"end":{"line":168,"column":1}}},"1":{"name":"(anonymous_1)","decl":{"start":{"line":90,"column":24},"end":{"line":90,"column":25}},"loc":{"start":{"line":90,"column":42},"end":{"line":95,"column":3}}},"2":{"name":"(anonymous_2)","decl":{"start":{"line":91,"column":17},"end":{"line":91,"column":18}},"loc":{"start":{"line":91,"column":27},"end":{"line":93,"column":null}}},"3":{"name":"(anonymous_3)","decl":{"start":{"line":105,"column":24},"end":{"line":105,"column":25}},"loc":{"start":{"line":106,"column":12},"end":{"line":106,"column":34}}},"4":{"name":"(anonymous_4)","decl":{"start":{"line":115,"column":27},"end":{"line":115,"column":30}},"loc":{"start":{"line":115,"column":33},"end":{"line":115,"column":58}}},"5":{"name":"(anonymous_5)","decl":{"start":{"line":146,"column":36},"end":{"line":146,"column":37}},"loc":{"start":{"line":147,"column":20},"end":{"line":148,"column":null}}}},"branchMap":{"0":{"loc":{"start":{"line":107,"column":15},"end":{"line":142,"column":null}},"type":"cond-expr","locations":[{"start":{"line":108,"column":16},"end":{"line":126,"column":null}},{"start":{"line":129,"column":16},"end":{"line":141,"column":null}}]},"1":{"loc":{"start":{"line":112,"column":20},"end":{"line":113,"column":56}},"type":"binary-expr","locations":[{"start":{"line":112,"column":20},"end":{"line":112,"column":59}},{"start":{"line":113,"column":22},"end":{"line":113,"column":56}}]},"2":{"loc":{"start":{"line":124,"column":22},"end":{"line":124,"column":58}},"type":"binary-expr","locations":[{"start":{"line":124,"column":22},"end":{"line":124,"column":43}},{"start":{"line":124,"column":47},"end":{"line":124,"column":58}}]},"3":{"loc":{"start":{"line":133,"column":20},"end":{"line":134,"column":56}},"type":"binary-expr","locations":[{"start":{"line":133,"column":20},"end":{"line":133,"column":51}},{"start":{"line":134,"column":22},"end":{"line":134,"column":56}}]},"4":{"loc":{"start":{"line":144,"column":15},"end":{"line":160,"column":null}},"type":"binary-expr","locations":[{"start":{"line":144,"column":15},"end":{"line":144,"column":27}},{"start":{"line":144,"column":31},"end":{"line":144,"column":52}},{"start":{"line":145,"column":16},"end":{"line":159,"column":null}}]},"5":{"loc":{"start":{"line":152,"column":24},"end":{"line":153,"column":60}},"type":"binary-expr","locations":[{"start":{"line":152,"column":24},"end":{"line":152,"column":58}},{"start":{"line":153,"column":26},"end":{"line":153,"column":60}}]}},"s":{"0":1,"1":1,"2":1,"3":1,"4":1,"5":1,"6":1,"7":0,"8":0,"9":0,"10":0,"11":0,"12":0,"13":0,"14":0,"15":0},"f":{"0":0,"1":0,"2":0,"3":0,"4":0,"5":0},"b":{"0":[0,0],"1":[0,0],"2":[0,0],"3":[0,0],"4":[0,0,0],"5":[0,0]}}
,"C:\\Users\\Acer\\Desktop\\petropulse\\src\\components\\auth\\AuthLayout.tsx": {"path":"C:\\Users\\Acer\\Desktop\\petropulse\\src\\components\\auth\\AuthLayout.tsx","statementMap":{"0":{"start":{"line":9,"column":0},"end":{"line":9,"column":16}},"1":{"start":{"line":10,"column":2},"end":{"line":23,"column":4}}},"fnMap":{"0":{"name":"AuthLayout","decl":{"start":{"line":9,"column":16},"end":{"line":9,"column":26}},"loc":{"start":{"line":9,"column":73},"end":{"line":24,"column":1}}}},"branchMap":{},"s":{"0":2,"1":3},"f":{"0":3},"b":{}}
,"C:\\Users\\Acer\\Desktop\\petropulse\\src\\components\\customer\\CustomerStatCards.tsx": {"path":"C:\\Users\\Acer\\Desktop\\petropulse\\src\\components\\customer\\CustomerStatCards.tsx","statementMap":{"0":{"start":{"line":3,"column":0},"end":{"line":3,"column":80}},"1":{"start":{"line":4,"column":0},"end":{"line":4,"column":70}},"2":{"start":{"line":13,"column":67},"end":{"line":74,"column":1}},"3":{"start":{"line":19,"column":2},"end":{"line":73,"column":4}},"4":{"start":{"line":13,"column":13},"end":{"line":13,"column":67}}},"fnMap":{"0":{"name":"(anonymous_0)","decl":{"start":{"line":13,"column":67},"end":{"line":13,"column":68}},"loc":{"start":{"line":18,"column":5},"end":{"line":74,"column":1}}}},"branchMap":{},"s":{"0":1,"1":1,"2":1,"3":0,"4":1},"f":{"0":0},"b":{}}
,"C:\\Users\\Acer\\Desktop\\petropulse\\src\\components\\customer\\DashboardLoading.tsx": {"path":"C:\\Users\\Acer\\Desktop\\petropulse\\src\\components\\customer\\DashboardLoading.tsx","statementMap":{"0":{"start":{"line":4,"column":42},"end":{"line":13,"column":1}},"1":{"start":{"line":5,"column":2},"end":{"line":12,"column":4}},"2":{"start":{"line":4,"column":13},"end":{"line":4,"column":42}}},"fnMap":{"0":{"name":"(anonymous_0)","decl":{"start":{"line":4,"column":42},"end":{"line":4,"column":45}},"loc":{"start":{"line":4,"column":47},"end":{"line":13,"column":1}}}},"branchMap":{},"s":{"0":1,"1":0,"2":1},"f":{"0":0},"b":{}}
,"C:\\Users\\Acer\\Desktop\\petropulse\\src\\components\\customer\\FuelPurchaseBarChart.tsx": {"path":"C:\\Users\\Acer\\Desktop\\petropulse\\src\\components\\customer\\FuelPurchaseBarChart.tsx","statementMap":{"0":{"start":{"line":3,"column":0},"end":{"line":3,"column":null}},"1":{"start":{"line":13,"column":0},"end":{"line":13,"column":80}},"2":{"start":{"line":24,"column":73},"end":{"line":56,"column":1}},"3":{"start":{"line":25,"column":2},"end":{"line":55,"column":4}},"4":{"start":{"line":24,"column":13},"end":{"line":24,"column":73}}},"fnMap":{"0":{"name":"(anonymous_0)","decl":{"start":{"line":24,"column":73},"end":{"line":24,"column":74}},"loc":{"start":{"line":24,"column":86},"end":{"line":56,"column":1}}}},"branchMap":{},"s":{"0":1,"1":1,"2":1,"3":0,"4":1},"f":{"0":0},"b":{}}
,"C:\\Users\\Acer\\Desktop\\petropulse\\src\\components\\customer\\PaymentMethodsPieChart.tsx": {"path":"C:\\Users\\Acer\\Desktop\\petropulse\\src\\components\\customer\\PaymentMethodsPieChart.tsx","statementMap":{"0":{"start":{"line":3,"column":0},"end":{"line":3,"column":null}},"1":{"start":{"line":10,"column":0},"end":{"line":10,"column":80}},"2":{"start":{"line":20,"column":15},"end":{"line":20,"column":48}},"3":{"start":{"line":22,"column":77},"end":{"line":55,"column":1}},"4":{"start":{"line":23,"column":2},"end":{"line":54,"column":4}},"5":{"start":{"line":37,"column":46},"end":{"line":37,"column":87}},"6":{"start":{"line":43,"column":18},"end":{"line":43,"column":46}},"7":{"start":{"line":47,"column":38},"end":{"line":47,"column":60}},"8":{"start":{"line":22,"column":13},"end":{"line":22,"column":77}}},"fnMap":{"0":{"name":"(anonymous_0)","decl":{"start":{"line":22,"column":77},"end":{"line":22,"column":78}},"loc":{"start":{"line":22,"column":90},"end":{"line":55,"column":1}}},"1":{"name":"(anonymous_1)","decl":{"start":{"line":37,"column":23},"end":{"line":37,"column":24}},"loc":{"start":{"line":37,"column":46},"end":{"line":37,"column":87}}},"2":{"name":"(anonymous_2)","decl":{"start":{"line":42,"column":26},"end":{"line":42,"column":27}},"loc":{"start":{"line":43,"column":18},"end":{"line":43,"column":46}}},"3":{"name":"(anonymous_3)","decl":{"start":{"line":47,"column":27},"end":{"line":47,"column":28}},"loc":{"start":{"line":47,"column":38},"end":{"line":47,"column":60}}}},"branchMap":{},"s":{"0":1,"1":1,"2":1,"3":1,"4":0,"5":0,"6":0,"7":0,"8":1},"f":{"0":0,"1":0,"2":0,"3":0},"b":{}}
,"C:\\Users\\Acer\\Desktop\\petropulse\\src\\components\\customer\\RecentTransactionsList.tsx": {"path":"C:\\Users\\Acer\\Desktop\\petropulse\\src\\components\\customer\\RecentTransactionsList.tsx","statementMap":{"0":{"start":{"line":3,"column":0},"end":{"line":3,"column":80}},"1":{"start":{"line":22,"column":77},"end":{"line":69,"column":1}},"2":{"start":{"line":23,"column":2},"end":{"line":68,"column":4}},"3":{"start":{"line":32,"column":14},"end":{"line":33,"column":null}},"4":{"start":{"line":22,"column":13},"end":{"line":22,"column":77}}},"fnMap":{"0":{"name":"(anonymous_0)","decl":{"start":{"line":22,"column":77},"end":{"line":22,"column":78}},"loc":{"start":{"line":22,"column":98},"end":{"line":69,"column":1}}},"1":{"name":"(anonymous_1)","decl":{"start":{"line":31,"column":29},"end":{"line":31,"column":30}},"loc":{"start":{"line":32,"column":14},"end":{"line":33,"column":null}}}},"branchMap":{"0":{"loc":{"start":{"line":30,"column":11},"end":{"line":63,"column":null}},"type":"cond-expr","locations":[{"start":{"line":31,"column":12},"end":{"line":59,"column":14}},{"start":{"line":61,"column":12},"end":{"line":61,"column":null}}]},"1":{"loc":{"start":{"line":37,"column":54},"end":{"line":37,"column":94}},"type":"binary-expr","locations":[{"start":{"line":37,"column":54},"end":{"line":37,"column":70}},{"start":{"line":37,"column":74},"end":{"line":37,"column":94}}]},"2":{"loc":{"start":{"line":40,"column":23},"end":{"line":42,"column":69}},"type":"cond-expr","locations":[{"start":{"line":41,"column":26},"end":{"line":41,"column":42}},{"start":{"line":42,"column":26},"end":{"line":42,"column":69}}]},"3":{"loc":{"start":{"line":44,"column":21},"end":{"line":45,"column":null}},"type":"binary-expr","locations":[{"start":{"line":44,"column":21},"end":{"line":44,"column":43}},{"start":{"line":45,"column":22},"end":{"line":45,"column":84}}]},"4":{"loc":{"start":{"line":52,"column":23},"end":{"line":52,"column":67}},"type":"binary-expr","locations":[{"start":{"line":52,"column":23},"end":{"line":52,"column":41}},{"start":{"line":52,"column":45},"end":{"line":52,"column":62}},{"start":{"line":52,"column":66},"end":{"line":52,"column":67}}]},"5":{"loc":{"start":{"line":33,"column":21},"end":{"line":33,"column":54}},"type":"binary-expr","locations":[{"start":{"line":33,"column":21},"end":{"line":33,"column":35}},{"start":{"line":33,"column":39},"end":{"line":33,"column":54}}]}},"s":{"0":1,"1":1,"2":0,"3":0,"4":1},"f":{"0":0,"1":0},"b":{"0":[0,0],"1":[0,0],"2":[0,0],"3":[0,0],"4":[0,0,0],"5":[0,0]}}
,"C:\\Users\\Acer\\Desktop\\petropulse\\src\\components\\customer\\SpendingTrendChart.tsx": {"path":"C:\\Users\\Acer\\Desktop\\petropulse\\src\\components\\customer\\SpendingTrendChart.tsx","statementMap":{"0":{"start":{"line":3,"column":0},"end":{"line":3,"column":null}},"1":{"start":{"line":12,"column":0},"end":{"line":12,"column":80}},"2":{"start":{"line":21,"column":69},"end":{"line":60,"column":1}},"3":{"start":{"line":22,"column":2},"end":{"line":59,"column":4}},"4":{"start":{"line":43,"column":42},"end":{"line":43,"column":53}},"5":{"start":{"line":45,"column":45},"end":{"line":45,"column":68}},"6":{"start":{"line":21,"column":13},"end":{"line":21,"column":69}}},"fnMap":{"0":{"name":"(anonymous_0)","decl":{"start":{"line":21,"column":69},"end":{"line":21,"column":70}},"loc":{"start":{"line":21,"column":82},"end":{"line":60,"column":1}}},"1":{"name":"(anonymous_1)","decl":{"start":{"line":43,"column":31},"end":{"line":43,"column":32}},"loc":{"start":{"line":43,"column":42},"end":{"line":43,"column":53}}},"2":{"name":"(anonymous_2)","decl":{"start":{"line":45,"column":34},"end":{"line":45,"column":35}},"loc":{"start":{"line":45,"column":45},"end":{"line":45,"column":68}}}},"branchMap":{},"s":{"0":1,"1":1,"2":1,"3":0,"4":0,"5":0,"6":1},"f":{"0":0,"1":0,"2":0},"b":{}}
,"C:\\Users\\Acer\\Desktop\\petropulse\\src\\components\\dashboard\\FuelLevelChart.tsx": {"path":"C:\\Users\\Acer\\Desktop\\petropulse\\src\\components\\dashboard\\FuelLevelChart.tsx","statementMap":{"0":{"start":{"line":18,"column":0},"end":{"line":18,"column":16}},"1":{"start":{"line":2,"column":0},"end":{"line":2,"column":80}},"2":{"start":{"line":3,"column":0},"end":{"line":3,"column":52}},"3":{"start":{"line":4,"column":0},"end":{"line":4,"column":33}},"4":{"start":{"line":5,"column":0},"end":{"line":5,"column":55}},"5":{"start":{"line":19,"column":2},"end":{"line":67,"column":4}},"6":{"start":{"line":28,"column":31},"end":{"line":28,"column":77}},"7":{"start":{"line":29,"column":26},"end":{"line":29,"column":41}},"8":{"start":{"line":31,"column":12},"end":{"line":62,"column":14}}},"fnMap":{"0":{"name":"FuelLevelChart","decl":{"start":{"line":18,"column":16},"end":{"line":18,"column":30}},"loc":{"start":{"line":18,"column":60},"end":{"line":68,"column":1}}},"1":{"name":"(anonymous_1)","decl":{"start":{"line":27,"column":20},"end":{"line":27,"column":21}},"loc":{"start":{"line":27,"column":29},"end":{"line":63,"column":11}}}},"branchMap":{"0":{"loc":{"start":{"line":36,"column":21},"end":{"line":40,"column":null}},"type":"binary-expr","locations":[{"start":{"line":36,"column":21},"end":{"line":36,"column":26}},{"start":{"line":37,"column":22},"end":{"line":39,"column":null}}]},"1":{"loc":{"start":{"line":55,"column":35},"end":{"line":55,"column":66}},"type":"binary-expr","locations":[{"start":{"line":55,"column":35},"end":{"line":55,"column":56}},{"start":{"line":55,"column":60},"end":{"line":55,"column":66}}]},"2":{"loc":{"start":{"line":56,"column":36},"end":{"line":56,"column":68}},"type":"binary-expr","locations":[{"start":{"line":56,"column":36},"end":{"line":56,"column":58}},{"start":{"line":56,"column":62},"end":{"line":56,"column":68}}]},"3":{"loc":{"start":{"line":57,"column":37},"end":{"line":57,"column":70}},"type":"binary-expr","locations":[{"start":{"line":57,"column":37},"end":{"line":57,"column":60}},{"start":{"line":57,"column":64},"end":{"line":57,"column":70}}]}},"s":{"0":1,"1":1,"2":1,"3":1,"4":1,"5":0,"6":0,"7":0,"8":0},"f":{"0":0,"1":0},"b":{"0":[0,0],"1":[0,0],"2":[0,0],"3":[0,0]}}
,"C:\\Users\\Acer\\Desktop\\petropulse\\src\\components\\dashboard\\RecentTransactions.tsx": {"path":"C:\\Users\\Acer\\Desktop\\petropulse\\src\\components\\dashboard\\RecentTransactions.tsx","statementMap":{"0":{"start":{"line":17,"column":0},"end":{"line":17,"column":16}},"1":{"start":{"line":2,"column":0},"end":{"line":2,"column":80}},"2":{"start":{"line":18,"column":2},"end":{"line":52,"column":4}},"3":{"start":{"line":26,"column":12},"end":{"line":27,"column":null}}},"fnMap":{"0":{"name":"RecentTransactions","decl":{"start":{"line":17,"column":16},"end":{"line":17,"column":34}},"loc":{"start":{"line":17,"column":76},"end":{"line":53,"column":1}}},"1":{"name":"(anonymous_1)","decl":{"start":{"line":25,"column":28},"end":{"line":25,"column":29}},"loc":{"start":{"line":26,"column":12},"end":{"line":27,"column":null}}}},"branchMap":{"0":{"loc":{"start":{"line":34,"column":19},"end":{"line":35,"column":null}},"type":"binary-expr","locations":[{"start":{"line":34,"column":19},"end":{"line":34,"column":41}},{"start":{"line":35,"column":20},"end":{"line":35,"column":82}}]}},"s":{"0":1,"1":1,"2":0,"3":0},"f":{"0":0,"1":0},"b":{"0":[0,0]}}
,"C:\\Users\\Acer\\Desktop\\petropulse\\src\\components\\dashboard\\RevenueChart.tsx": {"path":"C:\\Users\\Acer\\Desktop\\petropulse\\src\\components\\dashboard\\RevenueChart.tsx","statementMap":{"0":{"start":{"line":21,"column":2},"end":{"line":62,"column":4}},"1":{"start":{"line":42,"column":42},"end":{"line":42,"column":53}}},"fnMap":{"0":{"name":"RevenueChart","decl":{"start":{"line":20,"column":16},"end":{"line":20,"column":28}},"loc":{"start":{"line":20,"column":56},"end":{"line":63,"column":1}}},"1":{"name":"(anonymous_1)","decl":{"start":{"line":42,"column":31},"end":{"line":42,"column":32}},"loc":{"start":{"line":42,"column":42},"end":{"line":42,"column":53}}}},"branchMap":{},"s":{"0":0,"1":0},"f":{"0":0,"1":0},"b":{}}
,"C:\\Users\\Acer\\Desktop\\petropulse\\src\\components\\dashboard\\StatCard.tsx": {"path":"C:\\Users\\Acer\\Desktop\\petropulse\\src\\components\\dashboard\\StatCard.tsx","statementMap":{"0":{"start":{"line":16,"column":0},"end":{"line":16,"column":16}},"1":{"start":{"line":3,"column":0},"end":{"line":3,"column":57}},"2":{"start":{"line":4,"column":0},"end":{"line":4,"column":33}},"3":{"start":{"line":25,"column":2},"end":{"line":55,"column":4}}},"fnMap":{"0":{"name":"StatCard","decl":{"start":{"line":16,"column":16},"end":{"line":16,"column":24}},"loc":{"start":{"line":24,"column":16},"end":{"line":56,"column":1}}}},"branchMap":{"0":{"loc":{"start":{"line":32,"column":13},"end":{"line":33,"column":null}},"type":"binary-expr","locations":[{"start":{"line":32,"column":13},"end":{"line":32,"column":24}},{"start":{"line":33,"column":14},"end":{"line":33,"column":81}}]},"1":{"loc":{"start":{"line":35,"column":13},"end":{"line":46,"column":null}},"type":"binary-expr","locations":[{"start":{"line":35,"column":13},"end":{"line":35,"column":18}},{"start":{"line":36,"column":14},"end":{"line":45,"column":null}}]},"2":{"loc":{"start":{"line":40,"column":20},"end":{"line":40,"column":56}},"type":"binary-expr","locations":[{"start":{"line":40,"column":20},"end":{"line":40,"column":34}},{"start":{"line":40,"column":38},"end":{"line":40,"column":56}}]},"3":{"loc":{"start":{"line":41,"column":20},"end":{"line":41,"column":55}},"type":"binary-expr","locations":[{"start":{"line":41,"column":20},"end":{"line":41,"column":36}},{"start":{"line":41,"column":40},"end":{"line":41,"column":55}}]}},"s":{"0":1,"1":1,"2":1,"3":0},"f":{"0":0},"b":{"0":[0,0],"1":[0,0],"2":[0,0],"3":[0,0]}}
,"C:\\Users\\Acer\\Desktop\\petropulse\\src\\components\\dashboard\\TopSellingProducts.tsx": {"path":"C:\\Users\\Acer\\Desktop\\petropulse\\src\\components\\dashboard\\TopSellingProducts.tsx","statementMap":{"0":{"start":{"line":17,"column":0},"end":{"line":17,"column":16}},"1":{"start":{"line":2,"column":0},"end":{"line":2,"column":80}},"2":{"start":{"line":3,"column":0},"end":{"line":3,"column":44}},"3":{"start":{"line":18,"column":2},"end":{"line":44,"column":4}},"4":{"start":{"line":27,"column":12},"end":{"line":28,"column":null}}},"fnMap":{"0":{"name":"TopSellingProducts","decl":{"start":{"line":17,"column":16},"end":{"line":17,"column":34}},"loc":{"start":{"line":17,"column":72},"end":{"line":45,"column":1}}},"1":{"name":"(anonymous_1)","decl":{"start":{"line":26,"column":24},"end":{"line":26,"column":25}},"loc":{"start":{"line":27,"column":12},"end":{"line":28,"column":null}}}},"branchMap":{},"s":{"0":1,"1":1,"2":1,"3":0,"4":0},"f":{"0":0,"1":0},"b":{}}
,"C:\\Users\\Acer\\Desktop\\petropulse\\src\\components\\employees\\EmployeeForm.tsx": {"path":"C:\\Users\\Acer\\Desktop\\petropulse\\src\\components\\employees\\EmployeeForm.tsx","statementMap":{"0":{"start":{"line":106,"column":0},"end":{"line":106,"column":16}},"1":{"start":{"line":1,"column":0},"end":{"line":1,"column":33}},"2":{"start":{"line":2,"column":0},"end":{"line":2,"column":54}},"3":{"start":{"line":3,"column":0},"end":{"line":3,"column":42}},"4":{"start":{"line":4,"column":0},"end":{"line":4,"column":25}},"5":{"start":{"line":5,"column":0},"end":{"line":5,"column":48}},"6":{"start":{"line":6,"column":0},"end":{"line":6,"column":46}},"7":{"start":{"line":7,"column":0},"end":{"line":7,"column":52}},"8":{"start":{"line":8,"column":0},"end":{"line":8,"column":null}},"9":{"start":{"line":17,"column":0},"end":{"line":17,"column":null}},"10":{"start":{"line":24,"column":0},"end":{"line":24,"column":52}},"11":{"start":{"line":25,"column":0},"end":{"line":25,"column":82}},"12":{"start":{"line":26,"column":0},"end":{"line":26,"column":44}},"13":{"start":{"line":27,"column":0},"end":{"line":27,"column":34}},"14":{"start":{"line":28,"column":0},"end":{"line":28,"column":33}},"15":{"start":{"line":29,"column":0},"end":{"line":29,"column":37}},"16":{"start":{"line":30,"column":0},"end":{"line":30,"column":50}},"17":{"start":{"line":41,"column":23},"end":{"line":46,"column":2}},"18":{"start":{"line":49,"column":27},"end":{"line":58,"column":2}},"19":{"start":{"line":61,"column":27},"end":{"line":67,"column":2}},"20":{"start":{"line":70,"column":19},"end":{"line":104,"column":2}},"21":{"start":{"line":107,"column":36},"end":{"line":107,"column":51}},"22":{"start":{"line":108,"column":20},"end":{"line":108,"column":30}},"23":{"start":{"line":109,"column":56},"end":{"line":110,"column":null}},"24":{"start":{"line":114,"column":15},"end":{"line":151,"column":4}},"25":{"start":{"line":154,"column":4},"end":{"line":154,"column":23}},"26":{"start":{"line":155,"column":4},"end":{"line":244,"column":5}},"27":{"start":{"line":157,"column":28},"end":{"line":195,"column":8}},"28":{"start":{"line":197,"column":6},"end":{"line":197,"column":62}},"29":{"start":{"line":200,"column":6},"end":{"line":218,"column":7}},"30":{"start":{"line":202,"column":8},"end":{"line":204,"column":9}},"31":{"start":{"line":203,"column":10},"end":{"line":203,"column":40}},"32":{"start":{"line":205,"column":8},"end":{"line":205,"column":76}},"33":{"start":{"line":208,"column":8},"end":{"line":216,"column":9}},"34":{"start":{"line":209,"column":10},"end":{"line":213,"column":13}},"35":{"start":{"line":214,"column":10},"end":{"line":214,"column":30}},"36":{"start":{"line":215,"column":10},"end":{"line":215,"column":17}},"37":{"start":{"line":217,"column":8},"end":{"line":217,"column":62}},"38":{"start":{"line":220,"column":6},"end":{"line":234,"column":7}},"39":{"start":{"line":221,"column":8},"end":{"line":226,"column":11}},"40":{"start":{"line":227,"column":8},"end":{"line":227,"column":20}},"41":{"start":{"line":229,"column":8},"end":{"line":233,"column":11}},"42":{"start":{"line":236,"column":6},"end":{"line":236,"column":53}},"43":{"start":{"line":237,"column":6},"end":{"line":241,"column":9}},"44":{"start":{"line":243,"column":6},"end":{"line":243,"column":26}},"45":{"start":{"line":248,"column":27},"end":{"line":256,"column":3}},"46":{"start":{"line":249,"column":4},"end":{"line":255,"column":7}},"47":{"start":{"line":250,"column":6},"end":{"line":254,"column":7}},"48":{"start":{"line":251,"column":8},"end":{"line":251,"column":50}},"49":{"start":{"line":251,"column":32},"end":{"line":251,"column":48}},"50":{"start":{"line":253,"column":8},"end":{"line":253,"column":37}},"51":{"start":{"line":258,"column":2},"end":{"line":751,"column":4}},"52":{"start":{"line":267,"column":14},"end":{"line":272,"column":null}},"53":{"start":{"line":281,"column":14},"end":{"line":286,"column":null}},"54":{"start":{"line":298,"column":14},"end":{"line":303,"column":null}},"55":{"start":{"line":312,"column":14},"end":{"line":317,"column":null}},"56":{"start":{"line":329,"column":14},"end":{"line":334,"column":null}},"57":{"start":{"line":346,"column":14},"end":{"line":351,"column":null}},"58":{"start":{"line":360,"column":14},"end":{"line":379,"column":null}},"59":{"start":{"line":373,"column":22},"end":{"line":373,"column":51}},"60":{"start":{"line":388,"column":14},"end":{"line":407,"column":null}},"61":{"start":{"line":401,"column":22},"end":{"line":401,"column":53}},"62":{"start":{"line":419,"column":14},"end":{"line":425,"column":null}},"63":{"start":{"line":434,"column":14},"end":{"line":440,"column":null}},"64":{"start":{"line":450,"column":12},"end":{"line":480,"column":null}},"65":{"start":{"line":490,"column":12},"end":{"line":501,"column":null}},"66":{"start":{"line":514,"column":16},"end":{"line":519,"column":null}},"67":{"start":{"line":528,"column":16},"end":{"line":533,"column":null}},"68":{"start":{"line":542,"column":16},"end":{"line":547,"column":null}},"69":{"start":{"line":561,"column":14},"end":{"line":566,"column":null}},"70":{"start":{"line":576,"column":16},"end":{"line":581,"column":null}},"71":{"start":{"line":590,"column":16},"end":{"line":595,"column":null}},"72":{"start":{"line":606,"column":16},"end":{"line":611,"column":null}},"73":{"start":{"line":620,"column":16},"end":{"line":625,"column":null}},"74":{"start":{"line":640,"column":16},"end":{"line":645,"column":null}},"75":{"start":{"line":654,"column":16},"end":{"line":659,"column":null}},"76":{"start":{"line":670,"column":16},"end":{"line":675,"column":null}},"77":{"start":{"line":684,"column":16},"end":{"line":689,"column":null}},"78":{"start":{"line":701,"column":14},"end":{"line":701,"column":42}},"79":{"start":{"line":706,"column":34},"end":{"line":706,"column":68}},"80":{"start":{"line":722,"column":12},"end":{"line":731,"column":null}}},"fnMap":{"0":{"name":"EmployeeForm","decl":{"start":{"line":106,"column":16},"end":{"line":106,"column":28}},"loc":{"start":{"line":106,"column":81},"end":{"line":752,"column":1}}},"1":{"name":"onSubmit","decl":{"start":{"line":153,"column":17},"end":{"line":153,"column":25}},"loc":{"start":{"line":153,"column":60},"end":{"line":245,"column":null}}},"2":{"name":"(anonymous_16)","decl":{"start":{"line":248,"column":27},"end":{"line":248,"column":28}},"loc":{"start":{"line":248,"column":50},"end":{"line":256,"column":3}}},"3":{"name":"(anonymous_17)","decl":{"start":{"line":249,"column":27},"end":{"line":249,"column":31}},"loc":{"start":{"line":249,"column":34},"end":{"line":255,"column":5}}},"4":{"name":"(anonymous_18)","decl":{"start":{"line":251,"column":27},"end":{"line":251,"column":28}},"loc":{"start":{"line":251,"column":32},"end":{"line":251,"column":48}}},"5":{"name":"(anonymous_19)","decl":{"start":{"line":266,"column":20},"end":{"line":266,"column":21}},"loc":{"start":{"line":267,"column":14},"end":{"line":272,"column":null}}},"6":{"name":"(anonymous_20)","decl":{"start":{"line":280,"column":20},"end":{"line":280,"column":21}},"loc":{"start":{"line":281,"column":14},"end":{"line":286,"column":null}}},"7":{"name":"(anonymous_21)","decl":{"start":{"line":297,"column":20},"end":{"line":297,"column":21}},"loc":{"start":{"line":298,"column":14},"end":{"line":303,"column":null}}},"8":{"name":"(anonymous_22)","decl":{"start":{"line":311,"column":20},"end":{"line":311,"column":21}},"loc":{"start":{"line":312,"column":14},"end":{"line":317,"column":null}}},"9":{"name":"(anonymous_23)","decl":{"start":{"line":328,"column":20},"end":{"line":328,"column":21}},"loc":{"start":{"line":329,"column":14},"end":{"line":334,"column":null}}},"10":{"name":"(anonymous_24)","decl":{"start":{"line":345,"column":20},"end":{"line":345,"column":21}},"loc":{"start":{"line":346,"column":14},"end":{"line":351,"column":null}}},"11":{"name":"(anonymous_25)","decl":{"start":{"line":359,"column":20},"end":{"line":359,"column":21}},"loc":{"start":{"line":360,"column":14},"end":{"line":379,"column":null}}},"12":{"name":"(anonymous_26)","decl":{"start":{"line":372,"column":44},"end":{"line":372,"column":48}},"loc":{"start":{"line":373,"column":22},"end":{"line":373,"column":51}}},"13":{"name":"(anonymous_27)","decl":{"start":{"line":387,"column":20},"end":{"line":387,"column":21}},"loc":{"start":{"line":388,"column":14},"end":{"line":407,"column":null}}},"14":{"name":"(anonymous_28)","decl":{"start":{"line":400,"column":40},"end":{"line":400,"column":46}},"loc":{"start":{"line":401,"column":22},"end":{"line":401,"column":53}}},"15":{"name":"(anonymous_29)","decl":{"start":{"line":418,"column":20},"end":{"line":418,"column":21}},"loc":{"start":{"line":419,"column":14},"end":{"line":425,"column":null}}},"16":{"name":"(anonymous_30)","decl":{"start":{"line":433,"column":20},"end":{"line":433,"column":21}},"loc":{"start":{"line":434,"column":14},"end":{"line":440,"column":null}}},"17":{"name":"(anonymous_31)","decl":{"start":{"line":449,"column":18},"end":{"line":449,"column":19}},"loc":{"start":{"line":450,"column":12},"end":{"line":480,"column":null}}},"18":{"name":"(anonymous_32)","decl":{"start":{"line":489,"column":18},"end":{"line":489,"column":19}},"loc":{"start":{"line":490,"column":12},"end":{"line":501,"column":null}}},"19":{"name":"(anonymous_33)","decl":{"start":{"line":513,"column":22},"end":{"line":513,"column":23}},"loc":{"start":{"line":514,"column":16},"end":{"line":519,"column":null}}},"20":{"name":"(anonymous_34)","decl":{"start":{"line":527,"column":22},"end":{"line":527,"column":23}},"loc":{"start":{"line":528,"column":16},"end":{"line":533,"column":null}}},"21":{"name":"(anonymous_35)","decl":{"start":{"line":541,"column":22},"end":{"line":541,"column":23}},"loc":{"start":{"line":542,"column":16},"end":{"line":547,"column":null}}},"22":{"name":"(anonymous_36)","decl":{"start":{"line":560,"column":20},"end":{"line":560,"column":21}},"loc":{"start":{"line":561,"column":14},"end":{"line":566,"column":null}}},"23":{"name":"(anonymous_37)","decl":{"start":{"line":575,"column":22},"end":{"line":575,"column":23}},"loc":{"start":{"line":576,"column":16},"end":{"line":581,"column":null}}},"24":{"name":"(anonymous_38)","decl":{"start":{"line":589,"column":22},"end":{"line":589,"column":23}},"loc":{"start":{"line":590,"column":16},"end":{"line":595,"column":null}}},"25":{"name":"(anonymous_39)","decl":{"start":{"line":605,"column":22},"end":{"line":605,"column":23}},"loc":{"start":{"line":606,"column":16},"end":{"line":611,"column":null}}},"26":{"name":"(anonymous_40)","decl":{"start":{"line":619,"column":22},"end":{"line":619,"column":23}},"loc":{"start":{"line":620,"column":16},"end":{"line":625,"column":null}}},"27":{"name":"(anonymous_41)","decl":{"start":{"line":639,"column":22},"end":{"line":639,"column":23}},"loc":{"start":{"line":640,"column":16},"end":{"line":645,"column":null}}},"28":{"name":"(anonymous_42)","decl":{"start":{"line":653,"column":22},"end":{"line":653,"column":23}},"loc":{"start":{"line":654,"column":16},"end":{"line":659,"column":null}}},"29":{"name":"(anonymous_43)","decl":{"start":{"line":669,"column":22},"end":{"line":669,"column":23}},"loc":{"start":{"line":670,"column":16},"end":{"line":675,"column":null}}},"30":{"name":"(anonymous_44)","decl":{"start":{"line":683,"column":22},"end":{"line":683,"column":23}},"loc":{"start":{"line":684,"column":16},"end":{"line":689,"column":null}}},"31":{"name":"(anonymous_45)","decl":{"start":{"line":700,"column":36},"end":{"line":700,"column":46}},"loc":{"start":{"line":701,"column":14},"end":{"line":701,"column":42}}},"32":{"name":"(anonymous_46)","decl":{"start":{"line":706,"column":28},"end":{"line":706,"column":31}},"loc":{"start":{"line":706,"column":34},"end":{"line":706,"column":68}}},"33":{"name":"(anonymous_47)","decl":{"start":{"line":721,"column":18},"end":{"line":721,"column":19}},"loc":{"start":{"line":722,"column":12},"end":{"line":731,"column":null}}}},"branchMap":{"0":{"loc":{"start":{"line":110,"column":4},"end":{"line":110,"column":31}},"type":"binary-expr","locations":[{"start":{"line":110,"column":4},"end":{"line":110,"column":25}},{"start":{"line":110,"column":29},"end":{"line":110,"column":31}}]},"1":{"loc":{"start":{"line":110,"column":4},"end":{"line":110,"column":25}},"type":"cond-expr","locations":[{"start":{"line":110,"column":12},"end":{"line":110,"column":14}},{"start":{"line":110,"column":4},"end":{"line":110,"column":25}}]},"2":{"loc":{"start":{"line":110,"column":4},"end":{"line":110,"column":14}},"type":"binary-expr","locations":[{"start":{"line":110,"column":4},"end":{"line":110,"column":14}},{"start":{"line":110,"column":4},"end":{"line":110,"column":14}}]},"3":{"loc":{"start":{"line":117,"column":17},"end":{"line":117,"column":42}},"type":"binary-expr","locations":[{"start":{"line":117,"column":17},"end":{"line":117,"column":36}},{"start":{"line":117,"column":40},"end":{"line":117,"column":42}}]},"4":{"loc":{"start":{"line":117,"column":17},"end":{"line":117,"column":36}},"type":"cond-expr","locations":[{"start":{"line":117,"column":25},"end":{"line":117,"column":27}},{"start":{"line":117,"column":17},"end":{"line":117,"column":36}}]},"5":{"loc":{"start":{"line":117,"column":17},"end":{"line":117,"column":27}},"type":"binary-expr","locations":[{"start":{"line":117,"column":17},"end":{"line":117,"column":27}},{"start":{"line":117,"column":17},"end":{"line":117,"column":27}}]},"6":{"loc":{"start":{"line":118,"column":16},"end":{"line":118,"column":40}},"type":"binary-expr","locations":[{"start":{"line":118,"column":16},"end":{"line":118,"column":34}},{"start":{"line":118,"column":38},"end":{"line":118,"column":40}}]},"7":{"loc":{"start":{"line":118,"column":16},"end":{"line":118,"column":34}},"type":"cond-expr","locations":[{"start":{"line":118,"column":24},"end":{"line":118,"column":26}},{"start":{"line":118,"column":16},"end":{"line":118,"column":34}}]},"8":{"loc":{"start":{"line":118,"column":16},"end":{"line":118,"column":26}},"type":"binary-expr","locations":[{"start":{"line":118,"column":16},"end":{"line":118,"column":26}},{"start":{"line":118,"column":16},"end":{"line":118,"column":26}}]},"9":{"loc":{"start":{"line":119,"column":13},"end":{"line":119,"column":34}},"type":"binary-expr","locations":[{"start":{"line":119,"column":13},"end":{"line":119,"column":28}},{"start":{"line":119,"column":32},"end":{"line":119,"column":34}}]},"10":{"loc":{"start":{"line":119,"column":13},"end":{"line":119,"column":28}},"type":"cond-expr","locations":[{"start":{"line":119,"column":21},"end":{"line":119,"column":23}},{"start":{"line":119,"column":13},"end":{"line":119,"column":28}}]},"11":{"loc":{"start":{"line":119,"column":13},"end":{"line":119,"column":23}},"type":"binary-expr","locations":[{"start":{"line":119,"column":13},"end":{"line":119,"column":23}},{"start":{"line":119,"column":13},"end":{"line":119,"column":23}}]},"12":{"loc":{"start":{"line":121,"column":13},"end":{"line":121,"column":34}},"type":"binary-expr","locations":[{"start":{"line":121,"column":13},"end":{"line":121,"column":28}},{"start":{"line":121,"column":32},"end":{"line":121,"column":34}}]},"13":{"loc":{"start":{"line":121,"column":13},"end":{"line":121,"column":28}},"type":"cond-expr","locations":[{"start":{"line":121,"column":21},"end":{"line":121,"column":23}},{"start":{"line":121,"column":13},"end":{"line":121,"column":28}}]},"14":{"loc":{"start":{"line":121,"column":13},"end":{"line":121,"column":23}},"type":"binary-expr","locations":[{"start":{"line":121,"column":13},"end":{"line":121,"column":23}},{"start":{"line":121,"column":13},"end":{"line":121,"column":23}}]},"15":{"loc":{"start":{"line":122,"column":16},"end":{"line":122,"column":40}},"type":"binary-expr","locations":[{"start":{"line":122,"column":16},"end":{"line":122,"column":34}},{"start":{"line":122,"column":38},"end":{"line":122,"column":40}}]},"16":{"loc":{"start":{"line":122,"column":16},"end":{"line":122,"column":34}},"type":"cond-expr","locations":[{"start":{"line":122,"column":24},"end":{"line":122,"column":26}},{"start":{"line":122,"column":16},"end":{"line":122,"column":34}}]},"17":{"loc":{"start":{"line":122,"column":16},"end":{"line":122,"column":26}},"type":"binary-expr","locations":[{"start":{"line":122,"column":16},"end":{"line":122,"column":26}},{"start":{"line":122,"column":16},"end":{"line":122,"column":26}}]},"18":{"loc":{"start":{"line":123,"column":18},"end":{"line":123,"column":49}},"type":"binary-expr","locations":[{"start":{"line":123,"column":18},"end":{"line":123,"column":38}},{"start":{"line":123,"column":42},"end":{"line":123,"column":49}}]},"19":{"loc":{"start":{"line":123,"column":18},"end":{"line":123,"column":38}},"type":"cond-expr","locations":[{"start":{"line":123,"column":26},"end":{"line":123,"column":28}},{"start":{"line":123,"column":18},"end":{"line":123,"column":38}}]},"20":{"loc":{"start":{"line":123,"column":18},"end":{"line":123,"column":28}},"type":"binary-expr","locations":[{"start":{"line":123,"column":18},"end":{"line":123,"column":28}},{"start":{"line":123,"column":18},"end":{"line":123,"column":28}}]},"21":{"loc":{"start":{"line":124,"column":18},"end":{"line":124,"column":44}},"type":"binary-expr","locations":[{"start":{"line":124,"column":18},"end":{"line":124,"column":38}},{"start":{"line":124,"column":42},"end":{"line":124,"column":44}}]},"22":{"loc":{"start":{"line":124,"column":18},"end":{"line":124,"column":38}},"type":"cond-expr","locations":[{"start":{"line":124,"column":26},"end":{"line":124,"column":28}},{"start":{"line":124,"column":18},"end":{"line":124,"column":38}}]},"23":{"loc":{"start":{"line":124,"column":18},"end":{"line":124,"column":28}},"type":"binary-expr","locations":[{"start":{"line":124,"column":18},"end":{"line":124,"column":28}},{"start":{"line":124,"column":18},"end":{"line":124,"column":28}}]},"24":{"loc":{"start":{"line":125,"column":22},"end":{"line":125,"column":48}},"type":"binary-expr","locations":[{"start":{"line":125,"column":22},"end":{"line":125,"column":42}},{"start":{"line":125,"column":46},"end":{"line":125,"column":48}}]},"25":{"loc":{"start":{"line":125,"column":22},"end":{"line":125,"column":42}},"type":"cond-expr","locations":[{"start":{"line":125,"column":30},"end":{"line":125,"column":32}},{"start":{"line":125,"column":22},"end":{"line":125,"column":42}}]},"26":{"loc":{"start":{"line":125,"column":22},"end":{"line":125,"column":32}},"type":"binary-expr","locations":[{"start":{"line":125,"column":22},"end":{"line":125,"column":32}},{"start":{"line":125,"column":22},"end":{"line":125,"column":32}}]},"27":{"loc":{"start":{"line":126,"column":16},"end":{"line":126,"column":77}},"type":"cond-expr","locations":[{"start":{"line":126,"column":37},"end":{"line":126,"column":64}},{"start":{"line":126,"column":67},"end":{"line":126,"column":77}}]},"28":{"loc":{"start":{"line":126,"column":16},"end":{"line":126,"column":34}},"type":"cond-expr","locations":[{"start":{"line":126,"column":24},"end":{"line":126,"column":26}},{"start":{"line":126,"column":16},"end":{"line":126,"column":34}}]},"29":{"loc":{"start":{"line":126,"column":16},"end":{"line":126,"column":26}},"type":"binary-expr","locations":[{"start":{"line":126,"column":16},"end":{"line":126,"column":26}},{"start":{"line":126,"column":16},"end":{"line":126,"column":26}}]},"30":{"loc":{"start":{"line":127,"column":14},"end":{"line":127,"column":35}},"type":"binary-expr","locations":[{"start":{"line":127,"column":14},"end":{"line":127,"column":30}},{"start":{"line":127,"column":34},"end":{"line":127,"column":35}}]},"31":{"loc":{"start":{"line":127,"column":14},"end":{"line":127,"column":30}},"type":"cond-expr","locations":[{"start":{"line":127,"column":22},"end":{"line":127,"column":24}},{"start":{"line":127,"column":14},"end":{"line":127,"column":30}}]},"32":{"loc":{"start":{"line":127,"column":14},"end":{"line":127,"column":24}},"type":"binary-expr","locations":[{"start":{"line":127,"column":14},"end":{"line":127,"column":24}},{"start":{"line":127,"column":14},"end":{"line":127,"column":24}}]},"33":{"loc":{"start":{"line":128,"column":14},"end":{"line":128,"column":42}},"type":"binary-expr","locations":[{"start":{"line":128,"column":14},"end":{"line":128,"column":30}},{"start":{"line":128,"column":34},"end":{"line":128,"column":42}}]},"34":{"loc":{"start":{"line":128,"column":14},"end":{"line":128,"column":30}},"type":"cond-expr","locations":[{"start":{"line":128,"column":22},"end":{"line":128,"column":24}},{"start":{"line":128,"column":14},"end":{"line":128,"column":30}}]},"35":{"loc":{"start":{"line":128,"column":14},"end":{"line":128,"column":24}},"type":"binary-expr","locations":[{"start":{"line":128,"column":14},"end":{"line":128,"column":24}},{"start":{"line":128,"column":14},"end":{"line":128,"column":24}}]},"36":{"loc":{"start":{"line":131,"column":28},"end":{"line":131,"column":66}},"type":"binary-expr","locations":[{"start":{"line":131,"column":28},"end":{"line":131,"column":60}},{"start":{"line":131,"column":64},"end":{"line":131,"column":66}}]},"37":{"loc":{"start":{"line":131,"column":28},"end":{"line":131,"column":60}},"type":"cond-expr","locations":[{"start":{"line":131,"column":54},"end":{"line":131,"column":56}},{"start":{"line":131,"column":54},"end":{"line":131,"column":60}}]},"38":{"loc":{"start":{"line":131,"column":28},"end":{"line":131,"column":56}},"type":"binary-expr","locations":[{"start":{"line":131,"column":28},"end":{"line":131,"column":56}},{"start":{"line":131,"column":54},"end":{"line":131,"column":56}}]},"39":{"loc":{"start":{"line":131,"column":28},"end":{"line":131,"column":54}},"type":"cond-expr","locations":[{"start":{"line":131,"column":36},"end":{"line":131,"column":38}},{"start":{"line":131,"column":28},"end":{"line":131,"column":54}}]},"40":{"loc":{"start":{"line":131,"column":28},"end":{"line":131,"column":38}},"type":"binary-expr","locations":[{"start":{"line":131,"column":28},"end":{"line":131,"column":38}},{"start":{"line":131,"column":28},"end":{"line":131,"column":38}}]},"41":{"loc":{"start":{"line":132,"column":36},"end":{"line":132,"column":82}},"type":"binary-expr","locations":[{"start":{"line":132,"column":36},"end":{"line":132,"column":76}},{"start":{"line":132,"column":80},"end":{"line":132,"column":82}}]},"42":{"loc":{"start":{"line":132,"column":36},"end":{"line":132,"column":76}},"type":"cond-expr","locations":[{"start":{"line":132,"column":62},"end":{"line":132,"column":64}},{"start":{"line":132,"column":62},"end":{"line":132,"column":76}}]},"43":{"loc":{"start":{"line":132,"column":36},"end":{"line":132,"column":64}},"type":"binary-expr","locations":[{"start":{"line":132,"column":36},"end":{"line":132,"column":64}},{"start":{"line":132,"column":62},"end":{"line":132,"column":64}}]},"44":{"loc":{"start":{"line":132,"column":36},"end":{"line":132,"column":62}},"type":"cond-expr","locations":[{"start":{"line":132,"column":44},"end":{"line":132,"column":46}},{"start":{"line":132,"column":36},"end":{"line":132,"column":62}}]},"45":{"loc":{"start":{"line":132,"column":36},"end":{"line":132,"column":46}},"type":"binary-expr","locations":[{"start":{"line":132,"column":36},"end":{"line":132,"column":46}},{"start":{"line":132,"column":36},"end":{"line":132,"column":46}}]},"46":{"loc":{"start":{"line":133,"column":29},"end":{"line":133,"column":68}},"type":"binary-expr","locations":[{"start":{"line":133,"column":29},"end":{"line":133,"column":62}},{"start":{"line":133,"column":66},"end":{"line":133,"column":68}}]},"47":{"loc":{"start":{"line":133,"column":29},"end":{"line":133,"column":62}},"type":"cond-expr","locations":[{"start":{"line":133,"column":55},"end":{"line":133,"column":57}},{"start":{"line":133,"column":55},"end":{"line":133,"column":62}}]},"48":{"loc":{"start":{"line":133,"column":29},"end":{"line":133,"column":57}},"type":"binary-expr","locations":[{"start":{"line":133,"column":29},"end":{"line":133,"column":57}},{"start":{"line":133,"column":55},"end":{"line":133,"column":57}}]},"49":{"loc":{"start":{"line":133,"column":29},"end":{"line":133,"column":55}},"type":"cond-expr","locations":[{"start":{"line":133,"column":37},"end":{"line":133,"column":39}},{"start":{"line":133,"column":29},"end":{"line":133,"column":55}}]},"50":{"loc":{"start":{"line":133,"column":29},"end":{"line":133,"column":39}},"type":"binary-expr","locations":[{"start":{"line":133,"column":29},"end":{"line":133,"column":39}},{"start":{"line":133,"column":29},"end":{"line":133,"column":39}}]},"51":{"loc":{"start":{"line":136,"column":14},"end":{"line":136,"column":45}},"type":"binary-expr","locations":[{"start":{"line":136,"column":14},"end":{"line":136,"column":39}},{"start":{"line":136,"column":43},"end":{"line":136,"column":45}}]},"52":{"loc":{"start":{"line":136,"column":14},"end":{"line":136,"column":39}},"type":"cond-expr","locations":[{"start":{"line":136,"column":31},"end":{"line":136,"column":33}},{"start":{"line":136,"column":31},"end":{"line":136,"column":39}}]},"53":{"loc":{"start":{"line":136,"column":14},"end":{"line":136,"column":33}},"type":"binary-expr","locations":[{"start":{"line":136,"column":14},"end":{"line":136,"column":33}},{"start":{"line":136,"column":31},"end":{"line":136,"column":33}}]},"54":{"loc":{"start":{"line":136,"column":14},"end":{"line":136,"column":31}},"type":"cond-expr","locations":[{"start":{"line":136,"column":22},"end":{"line":136,"column":24}},{"start":{"line":136,"column":14},"end":{"line":136,"column":31}}]},"55":{"loc":{"start":{"line":136,"column":14},"end":{"line":136,"column":24}},"type":"binary-expr","locations":[{"start":{"line":136,"column":14},"end":{"line":136,"column":24}},{"start":{"line":136,"column":14},"end":{"line":136,"column":24}}]},"56":{"loc":{"start":{"line":137,"column":12},"end":{"line":137,"column":41}},"type":"binary-expr","locations":[{"start":{"line":137,"column":12},"end":{"line":137,"column":35}},{"start":{"line":137,"column":39},"end":{"line":137,"column":41}}]},"57":{"loc":{"start":{"line":137,"column":12},"end":{"line":137,"column":35}},"type":"cond-expr","locations":[{"start":{"line":137,"column":29},"end":{"line":137,"column":31}},{"start":{"line":137,"column":29},"end":{"line":137,"column":35}}]},"58":{"loc":{"start":{"line":137,"column":12},"end":{"line":137,"column":31}},"type":"binary-expr","locations":[{"start":{"line":137,"column":12},"end":{"line":137,"column":31}},{"start":{"line":137,"column":29},"end":{"line":137,"column":31}}]},"59":{"loc":{"start":{"line":137,"column":12},"end":{"line":137,"column":29}},"type":"cond-expr","locations":[{"start":{"line":137,"column":20},"end":{"line":137,"column":22}},{"start":{"line":137,"column":12},"end":{"line":137,"column":29}}]},"60":{"loc":{"start":{"line":137,"column":12},"end":{"line":137,"column":22}},"type":"binary-expr","locations":[{"start":{"line":137,"column":12},"end":{"line":137,"column":22}},{"start":{"line":137,"column":12},"end":{"line":137,"column":22}}]},"61":{"loc":{"start":{"line":138,"column":13},"end":{"line":138,"column":43}},"type":"binary-expr","locations":[{"start":{"line":138,"column":13},"end":{"line":138,"column":37}},{"start":{"line":138,"column":41},"end":{"line":138,"column":43}}]},"62":{"loc":{"start":{"line":138,"column":13},"end":{"line":138,"column":37}},"type":"cond-expr","locations":[{"start":{"line":138,"column":30},"end":{"line":138,"column":32}},{"start":{"line":138,"column":30},"end":{"line":138,"column":37}}]},"63":{"loc":{"start":{"line":138,"column":13},"end":{"line":138,"column":32}},"type":"binary-expr","locations":[{"start":{"line":138,"column":13},"end":{"line":138,"column":32}},{"start":{"line":138,"column":30},"end":{"line":138,"column":32}}]},"64":{"loc":{"start":{"line":138,"column":13},"end":{"line":138,"column":30}},"type":"cond-expr","locations":[{"start":{"line":138,"column":21},"end":{"line":138,"column":23}},{"start":{"line":138,"column":13},"end":{"line":138,"column":30}}]},"65":{"loc":{"start":{"line":138,"column":13},"end":{"line":138,"column":23}},"type":"binary-expr","locations":[{"start":{"line":138,"column":13},"end":{"line":138,"column":23}},{"start":{"line":138,"column":13},"end":{"line":138,"column":23}}]},"66":{"loc":{"start":{"line":139,"column":15},"end":{"line":139,"column":47}},"type":"binary-expr","locations":[{"start":{"line":139,"column":15},"end":{"line":139,"column":41}},{"start":{"line":139,"column":45},"end":{"line":139,"column":47}}]},"67":{"loc":{"start":{"line":139,"column":15},"end":{"line":139,"column":41}},"type":"cond-expr","locations":[{"start":{"line":139,"column":32},"end":{"line":139,"column":34}},{"start":{"line":139,"column":32},"end":{"line":139,"column":41}}]},"68":{"loc":{"start":{"line":139,"column":15},"end":{"line":139,"column":34}},"type":"binary-expr","locations":[{"start":{"line":139,"column":15},"end":{"line":139,"column":34}},{"start":{"line":139,"column":32},"end":{"line":139,"column":34}}]},"69":{"loc":{"start":{"line":139,"column":15},"end":{"line":139,"column":32}},"type":"cond-expr","locations":[{"start":{"line":139,"column":23},"end":{"line":139,"column":25}},{"start":{"line":139,"column":15},"end":{"line":139,"column":32}}]},"70":{"loc":{"start":{"line":139,"column":15},"end":{"line":139,"column":25}},"type":"binary-expr","locations":[{"start":{"line":139,"column":15},"end":{"line":139,"column":25}},{"start":{"line":139,"column":15},"end":{"line":139,"column":25}}]},"71":{"loc":{"start":{"line":140,"column":15},"end":{"line":140,"column":60}},"type":"binary-expr","locations":[{"start":{"line":140,"column":15},"end":{"line":140,"column":41}},{"start":{"line":140,"column":45},"end":{"line":140,"column":60}}]},"72":{"loc":{"start":{"line":140,"column":15},"end":{"line":140,"column":41}},"type":"cond-expr","locations":[{"start":{"line":140,"column":32},"end":{"line":140,"column":34}},{"start":{"line":140,"column":32},"end":{"line":140,"column":41}}]},"73":{"loc":{"start":{"line":140,"column":15},"end":{"line":140,"column":34}},"type":"binary-expr","locations":[{"start":{"line":140,"column":15},"end":{"line":140,"column":34}},{"start":{"line":140,"column":32},"end":{"line":140,"column":34}}]},"74":{"loc":{"start":{"line":140,"column":15},"end":{"line":140,"column":32}},"type":"cond-expr","locations":[{"start":{"line":140,"column":23},"end":{"line":140,"column":25}},{"start":{"line":140,"column":15},"end":{"line":140,"column":32}}]},"75":{"loc":{"start":{"line":140,"column":15},"end":{"line":140,"column":25}},"type":"binary-expr","locations":[{"start":{"line":140,"column":15},"end":{"line":140,"column":25}},{"start":{"line":140,"column":15},"end":{"line":140,"column":25}}]},"76":{"loc":{"start":{"line":143,"column":19},"end":{"line":143,"column":59}},"type":"binary-expr","locations":[{"start":{"line":143,"column":19},"end":{"line":143,"column":53}},{"start":{"line":143,"column":57},"end":{"line":143,"column":59}}]},"77":{"loc":{"start":{"line":143,"column":19},"end":{"line":143,"column":53}},"type":"cond-expr","locations":[{"start":{"line":143,"column":40},"end":{"line":143,"column":42}},{"start":{"line":143,"column":40},"end":{"line":143,"column":53}}]},"78":{"loc":{"start":{"line":143,"column":19},"end":{"line":143,"column":42}},"type":"binary-expr","locations":[{"start":{"line":143,"column":19},"end":{"line":143,"column":42}},{"start":{"line":143,"column":40},"end":{"line":143,"column":42}}]},"79":{"loc":{"start":{"line":143,"column":19},"end":{"line":143,"column":40}},"type":"cond-expr","locations":[{"start":{"line":143,"column":27},"end":{"line":143,"column":29}},{"start":{"line":143,"column":19},"end":{"line":143,"column":40}}]},"80":{"loc":{"start":{"line":143,"column":19},"end":{"line":143,"column":29}},"type":"binary-expr","locations":[{"start":{"line":143,"column":19},"end":{"line":143,"column":29}},{"start":{"line":143,"column":19},"end":{"line":143,"column":29}}]},"81":{"loc":{"start":{"line":144,"column":21},"end":{"line":144,"column":63}},"type":"binary-expr","locations":[{"start":{"line":144,"column":21},"end":{"line":144,"column":57}},{"start":{"line":144,"column":61},"end":{"line":144,"column":63}}]},"82":{"loc":{"start":{"line":144,"column":21},"end":{"line":144,"column":57}},"type":"cond-expr","locations":[{"start":{"line":144,"column":42},"end":{"line":144,"column":44}},{"start":{"line":144,"column":42},"end":{"line":144,"column":57}}]},"83":{"loc":{"start":{"line":144,"column":21},"end":{"line":144,"column":44}},"type":"binary-expr","locations":[{"start":{"line":144,"column":21},"end":{"line":144,"column":44}},{"start":{"line":144,"column":42},"end":{"line":144,"column":44}}]},"84":{"loc":{"start":{"line":144,"column":21},"end":{"line":144,"column":42}},"type":"cond-expr","locations":[{"start":{"line":144,"column":29},"end":{"line":144,"column":31}},{"start":{"line":144,"column":21},"end":{"line":144,"column":42}}]},"85":{"loc":{"start":{"line":144,"column":21},"end":{"line":144,"column":31}},"type":"binary-expr","locations":[{"start":{"line":144,"column":21},"end":{"line":144,"column":31}},{"start":{"line":144,"column":21},"end":{"line":144,"column":31}}]},"86":{"loc":{"start":{"line":145,"column":16},"end":{"line":145,"column":53}},"type":"binary-expr","locations":[{"start":{"line":145,"column":16},"end":{"line":145,"column":47}},{"start":{"line":145,"column":51},"end":{"line":145,"column":53}}]},"87":{"loc":{"start":{"line":145,"column":16},"end":{"line":145,"column":47}},"type":"cond-expr","locations":[{"start":{"line":145,"column":37},"end":{"line":145,"column":39}},{"start":{"line":145,"column":37},"end":{"line":145,"column":47}}]},"88":{"loc":{"start":{"line":145,"column":16},"end":{"line":145,"column":39}},"type":"binary-expr","locations":[{"start":{"line":145,"column":16},"end":{"line":145,"column":39}},{"start":{"line":145,"column":37},"end":{"line":145,"column":39}}]},"89":{"loc":{"start":{"line":145,"column":16},"end":{"line":145,"column":37}},"type":"cond-expr","locations":[{"start":{"line":145,"column":24},"end":{"line":145,"column":26}},{"start":{"line":145,"column":16},"end":{"line":145,"column":37}}]},"90":{"loc":{"start":{"line":145,"column":16},"end":{"line":145,"column":26}},"type":"binary-expr","locations":[{"start":{"line":145,"column":16},"end":{"line":145,"column":26}},{"start":{"line":145,"column":16},"end":{"line":145,"column":26}}]},"91":{"loc":{"start":{"line":146,"column":21},"end":{"line":146,"column":63}},"type":"binary-expr","locations":[{"start":{"line":146,"column":21},"end":{"line":146,"column":57}},{"start":{"line":146,"column":61},"end":{"line":146,"column":63}}]},"92":{"loc":{"start":{"line":146,"column":21},"end":{"line":146,"column":57}},"type":"cond-expr","locations":[{"start":{"line":146,"column":42},"end":{"line":146,"column":44}},{"start":{"line":146,"column":42},"end":{"line":146,"column":57}}]},"93":{"loc":{"start":{"line":146,"column":21},"end":{"line":146,"column":44}},"type":"binary-expr","locations":[{"start":{"line":146,"column":21},"end":{"line":146,"column":44}},{"start":{"line":146,"column":42},"end":{"line":146,"colum
[...]
column":18}},"type":"binary-expr","locations":[{"start":{"line":450,"column":10},"end":{"line":450,"column":18}},{"start":{"line":450,"column":10},"end":{"line":450,"column":18}}]},"78":{"loc":{"start":{"line":451,"column":6},"end":{"line":451,"column":88}},"type":"if","locations":[{"start":{"line":451,"column":6},"end":{"line":451,"column":88}}]},"79":{"loc":{"start":{"line":451,"column":10},"end":{"line":451,"column":30}},"type":"cond-expr","locations":[{"start":{"line":451,"column":16},"end":{"line":451,"column":18}},{"start":{"line":451,"column":10},"end":{"line":451,"column":30}}]},"80":{"loc":{"start":{"line":451,"column":10},"end":{"line":451,"column":18}},"type":"binary-expr","locations":[{"start":{"line":451,"column":10},"end":{"line":451,"column":18}},{"start":{"line":451,"column":10},"end":{"line":451,"column":18}}]},"81":{"loc":{"start":{"line":452,"column":6},"end":{"line":452,"column":70}},"type":"if","locations":[{"start":{"line":452,"column":6},"end":{"line":452,"column":70}}]},"82":{"loc":{"start":{"line":452,"column":10},"end":{"line":452,"column":24}},"type":"cond-expr","locations":[{"start":{"line":452,"column":16},"end":{"line":452,"column":18}},{"start":{"line":452,"column":10},"end":{"line":452,"column":24}}]},"83":{"loc":{"start":{"line":452,"column":10},"end":{"line":452,"column":18}},"type":"binary-expr","locations":[{"start":{"line":452,"column":10},"end":{"line":452,"column":18}},{"start":{"line":452,"column":10},"end":{"line":452,"column":18}}]},"84":{"loc":{"start":{"line":454,"column":26},"end":{"line":454,"column":84}},"type":"cond-expr","locations":[{"start":{"line":454,"column":51},"end":{"line":454,"column":79}},{"start":{"line":454,"column":82},"end":{"line":454,"column":84}}]},"85":{"loc":{"start":{"line":495,"column":6},"end":{"line":495,"column":70}},"type":"if","locations":[{"start":{"line":495,"column":6},"end":{"line":495,"column":70}}]},"86":{"loc":{"start":{"line":495,"column":10},"end":{"line":495,"column":24}},"type":"cond-expr","locations":[{"start":{"line":495,"column":16},"end":{"line":495,"column":18}},{"start":{"line":495,"column":10},"end":{"line":495,"column":24}}]},"87":{"loc":{"start":{"line":495,"column":10},"end":{"line":495,"column":18}},"type":"binary-expr","locations":[{"start":{"line":495,"column":10},"end":{"line":495,"column":18}},{"start":{"line":495,"column":10},"end":{"line":495,"column":18}}]},"88":{"loc":{"start":{"line":496,"column":6},"end":{"line":496,"column":76}},"type":"if","locations":[{"start":{"line":496,"column":6},"end":{"line":496,"column":76}}]},"89":{"loc":{"start":{"line":496,"column":10},"end":{"line":496,"column":26}},"type":"cond-expr","locations":[{"start":{"line":496,"column":16},"end":{"line":496,"column":18}},{"start":{"line":496,"column":10},"end":{"line":496,"column":26}}]},"90":{"loc":{"start":{"line":496,"column":10},"end":{"line":496,"column":18}},"type":"binary-expr","locations":[{"start":{"line":496,"column":10},"end":{"line":496,"column":18}},{"start":{"line":496,"column":10},"end":{"line":496,"column":18}}]},"91":{"loc":{"start":{"line":497,"column":6},"end":{"line":497,"column":76}},"type":"if","locations":[{"start":{"line":497,"column":6},"end":{"line":497,"column":76}}]},"92":{"loc":{"start":{"line":497,"column":10},"end":{"line":497,"column":26}},"type":"cond-expr","locations":[{"start":{"line":497,"column":16},"end":{"line":497,"column":18}},{"start":{"line":497,"column":10},"end":{"line":497,"column":26}}]},"93":{"loc":{"start":{"line":497,"column":10},"end":{"line":497,"column":18}},"type":"binary-expr","locations":[{"start":{"line":497,"column":10},"end":{"line":497,"column":18}},{"start":{"line":497,"column":10},"end":{"line":497,"column":18}}]},"94":{"loc":{"start":{"line":498,"column":6},"end":{"line":498,"column":82}},"type":"if","locations":[{"start":{"line":498,"column":6},"end":{"line":498,"column":82}}]},"95":{"loc":{"start":{"line":498,"column":10},"end":{"line":498,"column":28}},"type":"cond-expr","locations":[{"start":{"line":498,"column":16},"end":{"line":498,"column":18}},{"start":{"line":498,"column":10},"end":{"line":498,"column":28}}]},"96":{"loc":{"start":{"line":498,"column":10},"end":{"line":498,"column":18}},"type":"binary-expr","locations":[{"start":{"line":498,"column":10},"end":{"line":498,"column":18}},{"start":{"line":498,"column":10},"end":{"line":498,"column":18}}]},"97":{"loc":{"start":{"line":500,"column":26},"end":{"line":500,"column":84}},"type":"cond-expr","locations":[{"start":{"line":500,"column":51},"end":{"line":500,"column":79}},{"start":{"line":500,"column":82},"end":{"line":500,"column":84}}]},"98":{"loc":{"start":{"line":541,"column":6},"end":{"line":541,"column":79}},"type":"if","locations":[{"start":{"line":541,"column":6},"end":{"line":541,"column":79}}]},"99":{"loc":{"start":{"line":541,"column":10},"end":{"line":541,"column":27}},"type":"cond-expr","locations":[{"start":{"line":541,"column":16},"end":{"line":541,"column":18}},{"start":{"line":541,"column":10},"end":{"line":541,"column":27}}]},"100":{"loc":{"start":{"line":541,"column":10},"end":{"line":541,"column":18}},"type":"binary-expr","locations":[{"start":{"line":541,"column":10},"end":{"line":541,"column":18}},{"start":{"line":541,"column":10},"end":{"line":541,"column":18}}]},"101":{"loc":{"start":{"line":542,"column":6},"end":{"line":542,"column":73}},"type":"if","locations":[{"start":{"line":542,"column":6},"end":{"line":542,"column":73}}]},"102":{"loc":{"start":{"line":542,"column":10},"end":{"line":542,"column":25}},"type":"cond-expr","locations":[{"start":{"line":542,"column":16},"end":{"line":542,"column":18}},{"start":{"line":542,"column":10},"end":{"line":542,"column":25}}]},"103":{"loc":{"start":{"line":542,"column":10},"end":{"line":542,"column":18}},"type":"binary-expr","locations":[{"start":{"line":542,"column":10},"end":{"line":542,"column":18}},{"start":{"line":542,"column":10},"end":{"line":542,"column":18}}]},"104":{"loc":{"start":{"line":543,"column":6},"end":{"line":543,"column":76}},"type":"if","locations":[{"start":{"line":543,"column":6},"end":{"line":543,"column":76}}]},"105":{"loc":{"start":{"line":543,"column":10},"end":{"line":543,"column":26}},"type":"cond-expr","locations":[{"start":{"line":543,"column":16},"end":{"line":543,"column":18}},{"start":{"line":543,"column":10},"end":{"line":543,"column":26}}]},"106":{"loc":{"start":{"line":543,"column":10},"end":{"line":543,"column":18}},"type":"binary-expr","locations":[{"start":{"line":543,"column":10},"end":{"line":543,"column":18}},{"start":{"line":543,"column":10},"end":{"line":543,"column":18}}]},"107":{"loc":{"start":{"line":544,"column":6},"end":{"line":544,"column":70}},"type":"if","locations":[{"start":{"line":544,"column":6},"end":{"line":544,"column":70}}]},"108":{"loc":{"start":{"line":544,"column":10},"end":{"line":544,"column":24}},"type":"cond-expr","locations":[{"start":{"line":544,"column":16},"end":{"line":544,"column":18}},{"start":{"line":544,"column":10},"end":{"line":544,"column":24}}]},"109":{"loc":{"start":{"line":544,"column":10},"end":{"line":544,"column":18}},"type":"binary-expr","locations":[{"start":{"line":544,"column":10},"end":{"line":544,"column":18}},{"start":{"line":544,"column":10},"end":{"line":544,"column":18}}]},"110":{"loc":{"start":{"line":546,"column":26},"end":{"line":546,"column":84}},"type":"cond-expr","locations":[{"start":{"line":546,"column":51},"end":{"line":546,"column":79}},{"start":{"line":546,"column":82},"end":{"line":546,"column":84}}]},"111":{"loc":{"start":{"line":577,"column":6},"end":{"line":577,"column":64}},"type":"if","locations":[{"start":{"line":577,"column":6},"end":{"line":577,"column":64}}]},"112":{"loc":{"start":{"line":578,"column":6},"end":{"line":578,"column":58}},"type":"if","locations":[{"start":{"line":578,"column":6},"end":{"line":578,"column":58}}]},"113":{"loc":{"start":{"line":580,"column":26},"end":{"line":580,"column":84}},"type":"cond-expr","locations":[{"start":{"line":580,"column":51},"end":{"line":580,"column":79}},{"start":{"line":580,"column":82},"end":{"line":580,"column":84}}]},"114":{"loc":{"start":{"line":599,"column":6},"end":{"line":599,"column":64}},"type":"if","locations":[{"start":{"line":599,"column":6},"end":{"line":599,"column":64}}]},"115":{"loc":{"start":{"line":600,"column":6},"end":{"line":600,"column":58}},"type":"if","locations":[{"start":{"line":600,"column":6},"end":{"line":600,"column":58}}]},"116":{"loc":{"start":{"line":602,"column":26},"end":{"line":602,"column":84}},"type":"cond-expr","locations":[{"start":{"line":602,"column":51},"end":{"line":602,"column":79}},{"start":{"line":602,"column":82},"end":{"line":602,"column":84}}]},"117":{"loc":{"start":{"line":612,"column":6},"end":{"line":612,"column":70}},"type":"if","locations":[{"start":{"line":612,"column":6},"end":{"line":612,"column":70}}]},"118":{"loc":{"start":{"line":612,"column":10},"end":{"line":612,"column":24}},"type":"cond-expr","locations":[{"start":{"line":612,"column":16},"end":{"line":612,"column":18}},{"start":{"line":612,"column":10},"end":{"line":612,"column":24}}]},"119":{"loc":{"start":{"line":612,"column":10},"end":{"line":612,"column":18}},"type":"binary-expr","locations":[{"start":{"line":612,"column":10},"end":{"line":612,"column":18}},{"start":{"line":612,"column":10},"end":{"line":612,"column":18}}]},"120":{"loc":{"start":{"line":613,"column":6},"end":{"line":613,"column":82}},"type":"if","locations":[{"start":{"line":613,"column":6},"end":{"line":613,"column":82}}]},"121":{"loc":{"start":{"line":613,"column":10},"end":{"line":613,"column":28}},"type":"cond-expr","locations":[{"start":{"line":613,"column":16},"end":{"line":613,"column":18}},{"start":{"line":613,"column":10},"end":{"line":613,"column":28}}]},"122":{"loc":{"start":{"line":613,"column":10},"end":{"line":613,"column":18}},"type":"binary-expr","locations":[{"start":{"line":613,"column":10},"end":{"line":613,"column":18}},{"start":{"line":613,"column":10},"end":{"line":613,"column":18}}]},"123":{"loc":{"start":{"line":614,"column":6},"end":{"line":614,"column":79}},"type":"if","locations":[{"start":{"line":614,"column":6},"end":{"line":614,"column":79}}]},"124":{"loc":{"start":{"line":614,"column":10},"end":{"line":614,"column":27}},"type":"cond-expr","locations":[{"start":{"line":614,"column":16},"end":{"line":614,"column":18}},{"start":{"line":614,"column":10},"end":{"line":614,"column":27}}]},"125":{"loc":{"start":{"line":614,"column":10},"end":{"line":614,"column":18}},"type":"binary-expr","locations":[{"start":{"line":614,"column":10},"end":{"line":614,"column":18}},{"start":{"line":614,"column":10},"end":{"line":614,"column":18}}]},"126":{"loc":{"start":{"line":615,"column":6},"end":{"line":615,"column":73}},"type":"if","locations":[{"start":{"line":615,"column":6},"end":{"line":615,"column":73}}]},"127":{"loc":{"start":{"line":615,"column":10},"end":{"line":615,"column":25}},"type":"cond-expr","locations":[{"start":{"line":615,"column":16},"end":{"line":615,"column":18}},{"start":{"line":615,"column":10},"end":{"line":615,"column":25}}]},"128":{"loc":{"start":{"line":615,"column":10},"end":{"line":615,"column":18}},"type":"binary-expr","locations":[{"start":{"line":615,"column":10},"end":{"line":615,"column":18}},{"start":{"line":615,"column":10},"end":{"line":615,"column":18}}]},"129":{"loc":{"start":{"line":616,"column":6},"end":{"line":616,"column":75}},"type":"if","locations":[{"start":{"line":616,"column":6},"end":{"line":616,"column":75}}]},"130":{"loc":{"start":{"line":616,"column":10},"end":{"line":616,"column":22}},"type":"cond-expr","locations":[{"start":{"line":616,"column":16},"end":{"line":616,"column":18}},{"start":{"line":616,"column":10},"end":{"line":616,"column":22}}]},"131":{"loc":{"start":{"line":616,"column":10},"end":{"line":616,"column":18}},"type":"binary-expr","locations":[{"start":{"line":616,"column":10},"end":{"line":616,"column":18}},{"start":{"line":616,"column":10},"end":{"line":616,"column":18}}]},"132":{"loc":{"start":{"line":617,"column":6},"end":{"line":617,"column":70}},"type":"if","locations":[{"start":{"line":617,"column":6},"end":{"line":617,"column":70}}]},"133":{"loc":{"start":{"line":617,"column":10},"end":{"line":617,"column":24}},"type":"cond-expr","locations":[{"start":{"line":617,"column":16},"end":{"line":617,"column":18}},{"start":{"line":617,"column":10},"end":{"line":617,"column":24}}]},"134":{"loc":{"start":{"line":617,"column":10},"end":{"line":617,"column":18}},"type":"binary-expr","locations":[{"start":{"line":617,"column":10},"end":{"line":617,"column":18}},{"start":{"line":617,"column":10},"end":{"line":617,"column":18}}]},"135":{"loc":{"start":{"line":619,"column":26},"end":{"line":619,"column":84}},"type":"cond-expr","locations":[{"start":{"line":619,"column":51},"end":{"line":619,"column":79}},{"start":{"line":619,"column":82},"end":{"line":619,"column":84}}]},"136":{"loc":{"start":{"line":649,"column":6},"end":{"line":649,"column":64}},"type":"if","locations":[{"start":{"line":649,"column":6},"end":{"line":649,"column":64}}]},"137":{"loc":{"start":{"line":650,"column":6},"end":{"line":650,"column":58}},"type":"if","locations":[{"start":{"line":650,"column":6},"end":{"line":650,"column":58}}]},"138":{"loc":{"start":{"line":651,"column":6},"end":{"line":651,"column":67}},"type":"if","locations":[{"start":{"line":651,"column":6},"end":{"line":651,"column":67}}]},"139":{"loc":{"start":{"line":653,"column":26},"end":{"line":653,"column":84}},"type":"cond-expr","locations":[{"start":{"line":653,"column":51},"end":{"line":653,"column":79}},{"start":{"line":653,"column":82},"end":{"line":653,"column":84}}]}},"s":{"0":2,"1":2,"2":2,"3":2,"4":0,"5":0,"6":0,"7":0,"8":0,"9":0,"10":0,"11":2,"12":2,"13":2,"14":2,"15":2,"16":2,"17":2,"18":0,"19":2,"20":2,"21":2,"22":0,"23":0,"24":2,"25":2,"26":2,"27":0,"28":2,"29":2,"30":0,"31":0,"32":0,"33":0,"34":0,"35":0,"36":0,"37":0,"38":0,"39":0,"40":0,"41":0,"42":0,"43":0,"44":0,"45":0,"46":0,"47":0,"48":0,"49":0,"50":0,"51":0,"52":0,"53":0,"54":0,"55":0,"56":0,"57":0,"58":0,"59":0,"60":0,"61":0,"62":0,"63":0,"64":0,"65":0,"66":0,"67":0,"68":0,"69":0,"70":0,"71":0,"72":0,"73":0,"74":0,"75":0,"76":0,"77":0,"78":0,"79":0,"80":0,"81":0,"82":0,"83":0,"84":0,"85":0,"86":0,"87":0,"88":0,"89":0,"90":0,"91":0,"92":0,"93":0,"94":0,"95":0,"96":0,"97":0,"98":0,"99":0,"100":0,"101":0,"102":0,"103":0,"104":0,"105":0,"106":0,"107":0,"108":0,"109":0,"110":0,"111":0,"112":0,"113":0,"114":0,"115":0,"116":0,"117":0,"118":0,"119":0,"120":0,"121":0,"122":0,"123":0,"124":0,"125":0,"126":0,"127":0,"128":0,"129":0,"130":0,"131":0,"132":0,"133":0,"134":0,"135":0,"136":0,"137":0,"138":0,"139":0,"140":0,"141":2,"142":2,"143":0,"144":0,"145":0,"146":0,"147":0,"148":0,"149":0,"150":0,"151":0,"152":0,"153":0,"154":0,"155":0,"156":0,"157":0,"158":0,"159":0,"160":0,"161":0,"162":0,"163":0,"164":0,"165":0,"166":0,"167":0,"168":0,"169":0,"170":0,"171":0,"172":0,"173":0,"174":0,"175":0,"176":0,"177":0,"178":0,"179":0,"180":0,"181":0,"182":0,"183":0,"184":0,"185":0,"186":0,"187":0,"188":0,"189":0,"190":0,"191":0,"192":0,"193":0,"194":0,"195":0,"196":0,"197":0,"198":0,"199":0,"200":0,"201":0,"202":0,"203":0,"204":0,"205":0,"206":0,"207":0,"208":0,"209":0,"210":0,"211":0,"212":0,"213":0,"214":0,"215":0,"216":0,"217":0,"218":0,"219":0,"220":0,"221":0,"222":0,"223":0,"224":0,"225":0,"226":0,"227":0,"228":0,"229":0,"230":0,"231":0,"232":0,"233":0,"234":0,"235":0,"236":0,"237":0,"238":0,"239":0,"240":0,"241":0,"242":0,"243":0,"244":0,"245":0,"246":0,"247":0,"248":0,"249":0,"250":0,"251":0,"252":0,"253":0,"254":0,"255":0,"256":0,"257":0,"258":0,"259":0,"260":0,"261":0,"262":0,"263":0,"264":0,"265":0,"266":0,"267":0,"268":0,"269":0,"270":0,"271":0,"272":0,"273":0,"274":0,"275":0,"276":0,"277":0,"278":0,"279":0,"280":0,"281":0,"282":0,"283":0,"284":0,"285":0,"286":0,"287":0,"288":0,"289":0,"290":0,"291":0,"292":0,"293":0,"294":0,"295":0,"296":0,"297":0,"298":0,"299":0,"300":0,"301":0,"302":0,"303":0,"304":0,"305":0,"306":0,"307":0,"308":0,"309":0,"310":0,"311":0,"312":0,"313":0,"314":0,"315":0,"316":0,"317":0,"318":0,"319":0,"320":0,"321":0,"322":0,"323":0,"324":0,"325":0,"326":0,"327":0,"328":0,"329":0,"330":0,"331":0,"332":0,"333":0,"334":0},"f":{"0":2,"1":0,"2":0,"3":2,"4":2,"5":0,"6":0,"7":0,"8":0,"9":0,"10":0,"11":0,"12":0,"13":0,"14":0,"15":0,"16":0,"17":0,"18":0,"19":0,"20":0,"21":0,"22":0,"23":0,"24":0,"25":0,"26":0,"27":0,"28":0,"29":0,"30":0,"31":0,"32":0,"33":0,"34":0,"35":0,"36":0,"37":0,"38":0,"39":0,"40":0,"41":0,"42":0,"43":0,"44":0,"45":0,"46":2,"47":2,"48":0,"49":0,"50":0,"51":0,"52":0,"53":0,"54":0,"55":0,"56":0,"57":0,"58":0,"59":0,"60":0,"61":0,"62":0,"63":0,"64":0,"65":0,"66":0,"67":0,"68":0,"69":0,"70":0,"71":0,"72":0,"73":0,"74":0,"75":0,"76":0,"77":0,"78":0,"79":0,"80":0,"81":0,"82":0,"83":0,"84":0,"85":0,"86":0,"87":0,"88":0,"89":0,"90":0,"91":0,"92":0,"93":0,"94":0,"95":0,"96":0,"97":0,"98":0,"99":0,"100":0,"101":0,"102":0,"103":0,"104":0,"105":0,"106":0,"107":0,"108":0,"109":0,"110":0,"111":0,"112":0,"113":0,"114":0,"115":0,"116":0,"117":0,"118":0,"119":0,"120":0,"121":0,"122":0,"123":0,"124":0,"125":0,"126":0,"127":0,"128":0,"129":0,"130":0,"131":0,"132":0,"133":0,"134":0,"135":0,"136":0,"137":0,"138":0,"139":0,"140":0,"141":0,"142":0,"143":0,"144":0,"145":0,"146":0,"147":0,"148":0,"149":0,"150":0},"b":{"0":[0],"1":[0,0],"2":[0],"3":[2,2],"4":[0],"5":[0,2],"6":[0],"7":[0],"8":[0],"9":[0],"10":[0,0],"11":[0],"12":[0],"13":[0,0],"14":[0,0],"15":[0],"16":[0,0,0],"17":[0],"18":[0],"19":[0,0],"20":[0],"21":[0],"22":[0],"23":[0],"24":[0,0],"25":[0],"26":[0],"27":[0],"28":[0],"29":[0,0],"30":[0,0],"31":[0],"32":[0,0],"33":[0,0],"34":[0],"35":[0,0],"36":[0,0],"37":[0],"38":[0,0],"39":[0,0],"40":[0],"41":[0,0],"42":[0,0],"43":[0,0],"44":[0],"45":[0],"46":[0,0],"47":[0],"48":[0,0],"49":[0],"50":[0,0],"51":[0,0],"52":[0],"53":[0,0],"54":[0,0],"55":[0],"56":[0,0],"57":[0,0],"58":[0,0],"59":[0],"60":[0],"61":[0,0],"62":[0],"63":[0,0],"64":[0,0],"65":[0],"66":[0,0],"67":[0,0],"68":[0],"69":[0,0],"70":[0,0],"71":[0,0],"72":[0],"73":[0,0],"74":[0,0],"75":[0],"76":[0,0],"77":[0,0],"78":[0],"79":[0,0],"80":[0,0],"81":[0],"82":[0,0],"83":[0,0],"84":[0,0],"85":[0],"86":[0,0],"87":[0,0],"88":[0],"89":[0,0],"90":[0,0],"91":[0],"92":[0,0],"93":[0,0],"94":[0],"95":[0,0],"96":[0,0],"97":[0,0],"98":[0],"99":[0,0],"100":[0,0],"101":[0],"102":[0,0],"103":[0,0],"104":[0],"105":[0,0],"106":[0,0],"107":[0],"108":[0,0],"109":[0,0],"110":[0,0],"111":[0],"112":[0],"113":[0,0],"114":[0],"115":[0],"116":[0,0],"117":[0],"118":[0,0],"119":[0,0],"120":[0],"121":[0,0],"122":[0,0],"123":[0],"124":[0,0],"125":[0,0],"126":[0],"127":[0,0],"128":[0,0],"129":[0],"130":[0,0],"131":[0,0],"132":[0],"133":[0,0],"134":[0,0],"135":[0,0],"136":[0],"137":[0],"138":[0],"139":[0,0]}}
,"C:\\Users\\Acer\\Desktop\\petropulse\\src\\utils\\customerDashboardMockData.ts": {"path":"C:\\Users\\Acer\\Desktop\\petropulse\\src\\utils\\customerDashboardMockData.ts","statementMap":{"0":{"start":{"line":2,"column":40},"end":{"line":81,"column":1}},"1":{"start":{"line":4,"column":31},"end":{"line":11,"column":4}},"2":{"start":{"line":14,"column":32},"end":{"line":21,"column":4}},"3":{"start":{"line":24,"column":32},"end":{"line":28,"column":4}},"4":{"start":{"line":31,"column":33},"end":{"line":68,"column":4}},"5":{"start":{"line":70,"column":2},"end":{"line":80,"column":4}},"6":{"start":{"line":2,"column":13},"end":{"line":2,"column":40}}},"fnMap":{"0":{"name":"(anonymous_0)","decl":{"start":{"line":2,"column":40},"end":{"line":2,"column":43}},"loc":{"start":{"line":2,"column":45},"end":{"line":81,"column":1}}}},"branchMap":{},"s":{"0":1,"1":0,"2":0,"3":0,"4":0,"5":0,"6":1},"f":{"0":0},"b":{}}
,"C:\\Users\\Acer\\Desktop\\petropulse\\src\\utils\\database-schema.ts": {"path":"C:\\Users\\Acer\\Desktop\\petropulse\\src\\utils\\database-schema.ts","statementMap":{"0":{"start":{"line":9,"column":30},"end":{"line":304,"column":2}}},"fnMap":{},"branchMap":{},"s":{"0":0},"f":{},"b":{}}
}
