TN:
SF:src\App.tsx
FN:51,(anonymous_1)
FN:90,(anonymous_2)
FNF:2
FNH:1
FNDA:0,(anonymous_1)
FNDA:1,(anonymous_2)
DA:1,1
DA:2,1
DA:3,1
DA:4,1
DA:5,1
DA:6,1
DA:7,1
DA:8,1
DA:9,1
DA:10,1
DA:12,1
DA:13,1
DA:14,1
DA:15,1
DA:16,1
DA:17,1
DA:18,1
DA:19,1
DA:22,1
DA:23,1
DA:24,1
DA:25,1
DA:26,1
DA:29,1
DA:30,1
DA:31,1
DA:32,1
DA:35,1
DA:36,1
DA:37,1
DA:38,1
DA:39,1
DA:42,1
DA:43,1
DA:44,1
DA:45,1
DA:46,1
DA:48,1
DA:51,1
DA:52,0
DA:53,0
DA:55,0
DA:56,0
DA:57,0
DA:59,0
DA:61,0
DA:62,0
DA:65,0
DA:68,0
DA:69,0
DA:72,0
DA:74,0
DA:76,0
DA:77,0
DA:78,0
DA:79,0
DA:80,0
DA:81,0
DA:86,0
DA:87,0
DA:90,1
DA:91,1
DA:171,1
LF:63
LH:42
BRDA:59,0,0,0
BRDA:65,1,0,0
BRDA:72,2,0,0
BRDA:76,3,0,0
BRDA:76,3,1,0
BRDA:78,4,0,0
BRDA:78,4,1,0
BRDA:80,5,0,0
BRF:8
BRH:0
end_of_record
TN:
SF:src\components\AppLayout.tsx
FN:6,AppLayout
FNF:1
FNH:1
FNDA:2,AppLayout
DA:2,2
DA:3,2
DA:4,2
DA:6,2
DA:7,2
LF:5
LH:5
BRF:0
BRH:0
end_of_record
TN:
SF:src\components\CustomerLayout.tsx
FN:17,NavItem
FN:34,CustomerLayout
FN:40,(anonymous_2)
FN:42,(anonymous_3)
FN:56,(anonymous_4)
FN:69,(anonymous_5)
FN:72,(anonymous_6)
FN:98,(anonymous_7)
FN:143,(anonymous_8)
FNF:9
FNH:0
FNDA:0,NavItem
FNDA:0,CustomerLayout
FNDA:0,(anonymous_2)
FNDA:0,(anonymous_3)
FNDA:0,(anonymous_4)
FNDA:0,(anonymous_5)
FNDA:0,(anonymous_6)
FNDA:0,(anonymous_7)
FNDA:0,(anonymous_8)
DA:1,1
DA:2,1
DA:3,1
DA:4,1
DA:5,1
DA:6,1
DA:7,1
DA:8,1
DA:18,0
DA:34,1
DA:35,0
DA:36,0
DA:37,0
DA:38,0
DA:40,0
DA:42,0
DA:43,0
DA:44,0
DA:46,0
DA:47,0
DA:48,0
DA:49,0
DA:53,0
DA:56,0
DA:57,0
DA:58,0
DA:59,0
DA:60,0
DA:61,0
DA:62,0
DA:65,0
DA:66,0
DA:69,0
DA:70,0
DA:72,0
DA:78,0
DA:86,0
DA:99,0
DA:144,0
LF:39
LH:9
BRDA:24,0,0,0
BRDA:24,0,1,0
BRDA:46,1,0,0
BRDA:46,1,1,0
BRDA:48,2,0,0
BRDA:65,3,0,0
BRDA:173,4,0,0
BRDA:173,4,1,0
BRDA:176,5,0,0
BRDA:176,5,1,0
BRF:10
BRH:0
end_of_record
TN:
SF:src\components\DatePickerWithRange.tsx
FN:22,DatePickerWithRange
FNF:1
FNH:0
FNDA:0,DatePickerWithRange
DA:3,1
DA:4,1
DA:7,1
DA:8,1
DA:9,1
DA:10,1
DA:22,1
DA:27,0
LF:8
LH:7
BRDA:36,0,0,0
BRDA:36,0,1,0
BRDA:40,1,0,0
BRDA:40,1,1,0
BRDA:40,2,0,0
BRDA:40,2,1,0
BRDA:40,3,0,0
BRDA:40,3,1,0
BRDA:41,4,0,0
BRDA:41,4,1,0
BRDA:58,5,0,0
BRDA:58,5,1,0
BRDA:58,6,0,0
BRDA:58,6,1,0
BRF:14
BRH:0
end_of_record
TN:
SF:src\components\EmployeeLayout.tsx
FN:25,NavItem
FN:42,EmployeeLayout
FN:55,(anonymous_2)
FN:57,(anonymous_3)
FN:88,(anonymous_4)
FN:106,(anonymous_5)
FN:109,(anonymous_6)
FN:135,(anonymous_7)
FN:180,(anonymous_8)
FN:222,(anonymous_9)
FNF:10
FNH:0
FNDA:0,NavItem
FNDA:0,EmployeeLayout
FNDA:0,(anonymous_2)
FNDA:0,(anonymous_3)
FNDA:0,(anonymous_4)
FNDA:0,(anonymous_5)
FNDA:0,(anonymous_6)
FNDA:0,(anonymous_7)
FNDA:0,(anonymous_8)
FNDA:0,(anonymous_9)
DA:1,1
DA:2,1
DA:3,1
DA:4,1
DA:5,1
DA:6,1
DA:7,1
DA:8,1
DA:9,1
DA:26,0
DA:42,1
DA:43,0
DA:44,0
DA:45,0
DA:46,0
DA:47,0
DA:49,0
DA:55,0
DA:57,0
DA:58,0
DA:59,0
DA:60,0
DA:61,0
DA:63,0
DA:64,0
DA:65,0
DA:66,0
DA:68,0
DA:69,0
DA:70,0
DA:71,0
DA:76,0
DA:77,0
DA:78,0
DA:81,0
DA:82,0
DA:85,0
DA:88,0
DA:89,0
DA:90,0
DA:91,0
DA:92,0
DA:93,0
DA:94,0
DA:95,0
DA:96,0
DA:100,0
DA:101,0
DA:102,0
DA:103,0
DA:106,0
DA:107,0
DA:109,0
DA:115,0
DA:123,0
DA:136,0
DA:181,0
DA:223,0
LF:58
LH:10
BRDA:32,0,0,0
BRDA:32,0,1,0
BRDA:64,1,0,0
BRDA:64,1,1,0
BRDA:68,2,0,0
BRDA:76,3,0,0
BRDA:81,4,0,0
BRDA:82,5,0,0
BRDA:101,6,0,0
BRDA:212,7,0,0
BRDA:212,7,1,0
BRDA:232,8,0,0
BRDA:232,8,1,0
BRDA:235,9,0,0
BRDA:235,9,1,0
BRF:15
BRH:0
end_of_record
TN:
SF:src\components\Header.tsx
FN:15,Header
FN:47,(anonymous_1)
FNF:2
FNH:0
FNDA:0,Header
FNDA:0,(anonymous_1)
DA:2,1
DA:3,1
DA:4,1
DA:5,1
DA:13,1
DA:15,1
DA:16,0
DA:22,0
DA:48,0
LF:9
LH:6
BRDA:37,0,0,0
BRDA:37,0,1,0
BRF:2
BRH:0
end_of_record
TN:
SF:src\components\SidebarNav.tsx
FN:86,SidebarNav
FN:90,(anonymous_1)
FN:91,(anonymous_2)
FN:105,(anonymous_3)
FN:115,(anonymous_4)
FN:146,(anonymous_5)
FNF:6
FNH:0
FNDA:0,SidebarNav
FNDA:0,(anonymous_1)
FNDA:0,(anonymous_2)
FNDA:0,(anonymous_3)
FNDA:0,(anonymous_4)
FNDA:0,(anonymous_5)
DA:1,1
DA:2,1
DA:3,1
DA:4,1
DA:5,1
DA:27,1
DA:86,1
DA:87,0
DA:88,0
DA:90,0
DA:91,0
DA:97,0
DA:106,0
DA:115,0
DA:147,0
LF:15
LH:7
BRDA:107,0,0,0
BRDA:107,0,1,0
BRDA:112,1,0,0
BRDA:112,1,1,0
BRDA:124,2,0,0
BRDA:124,2,1,0
BRDA:133,3,0,0
BRDA:133,3,1,0
BRDA:144,4,0,0
BRDA:144,4,1,0
BRDA:144,4,2,0
BRDA:152,5,0,0
BRDA:152,5,1,0
BRF:13
BRH:0
end_of_record
TN:
SF:src\components\auth\AuthLayout.tsx
FN:9,AuthLayout
FNF:1
FNH:1
FNDA:3,AuthLayout
DA:9,2
DA:10,3
LF:2
LH:2
BRF:0
BRH:0
end_of_record
TN:
SF:src\components\customer\CustomerStatCards.tsx
FN:13,(anonymous_0)
FNF:1
FNH:0
FNDA:0,(anonymous_0)
DA:3,1
DA:4,1
DA:13,1
DA:19,0
LF:4
LH:3
BRF:0
BRH:0
end_of_record
TN:
SF:src\components\customer\DashboardLoading.tsx
FN:4,(anonymous_0)
FNF:1
FNH:0
FNDA:0,(anonymous_0)
DA:4,1
DA:5,0
LF:2
LH:1
BRF:0
BRH:0
end_of_record
TN:
SF:src\components\customer\FuelPurchaseBarChart.tsx
FN:24,(anonymous_0)
FNF:1
FNH:0
FNDA:0,(anonymous_0)
DA:3,1
DA:13,1
DA:24,1
DA:25,0
LF:4
LH:3
BRF:0
BRH:0
end_of_record
TN:
SF:src\components\customer\PaymentMethodsPieChart.tsx
FN:22,(anonymous_0)
FN:37,(anonymous_1)
FN:42,(anonymous_2)
FN:47,(anonymous_3)
FNF:4
FNH:0
FNDA:0,(anonymous_0)
FNDA:0,(anonymous_1)
FNDA:0,(anonymous_2)
FNDA:0,(anonymous_3)
DA:3,1
DA:10,1
DA:20,1
DA:22,1
DA:23,0
DA:37,0
DA:43,0
DA:47,0
LF:8
LH:4
BRF:0
BRH:0
end_of_record
TN:
SF:src\components\customer\RecentTransactionsList.tsx
FN:22,(anonymous_0)
FN:31,(anonymous_1)
FNF:2
FNH:0
FNDA:0,(anonymous_0)
FNDA:0,(anonymous_1)
DA:3,1
DA:22,1
DA:23,0
DA:32,0
LF:4
LH:2
BRDA:30,0,0,0
BRDA:30,0,1,0
BRDA:37,1,0,0
BRDA:37,1,1,0
BRDA:40,2,0,0
BRDA:40,2,1,0
BRDA:44,3,0,0
BRDA:44,3,1,0
BRDA:52,4,0,0
BRDA:52,4,1,0
BRDA:52,4,2,0
BRDA:33,5,0,0
BRDA:33,5,1,0
BRF:13
BRH:0
end_of_record
TN:
SF:src\components\customer\SpendingTrendChart.tsx
FN:21,(anonymous_0)
FN:43,(anonymous_1)
FN:45,(anonymous_2)
FNF:3
FNH:0
FNDA:0,(anonymous_0)
FNDA:0,(anonymous_1)
FNDA:0,(anonymous_2)
DA:3,1
DA:12,1
DA:21,1
DA:22,0
DA:43,0
DA:45,0
LF:6
LH:3
BRF:0
BRH:0
end_of_record
TN:
SF:src\components\dashboard\FuelLevelChart.tsx
FN:18,FuelLevelChart
FN:27,(anonymous_1)
FNF:2
FNH:0
FNDA:0,FuelLevelChart
FNDA:0,(anonymous_1)
DA:2,1
DA:3,1
DA:4,1
DA:5,1
DA:18,1
DA:19,0
DA:28,0
DA:29,0
DA:31,0
LF:9
LH:5
BRDA:36,0,0,0
BRDA:36,0,1,0
BRDA:55,1,0,0
BRDA:55,1,1,0
BRDA:56,2,0,0
BRDA:56,2,1,0
BRDA:57,3,0,0
BRDA:57,3,1,0
BRF:8
BRH:0
end_of_record
TN:
SF:src\components\dashboard\RecentTransactions.tsx
FN:17,RecentTransactions
FN:25,(anonymous_1)
FNF:2
FNH:0
FNDA:0,RecentTransactions
FNDA:0,(anonymous_1)
DA:2,1
DA:17,1
DA:18,0
DA:26,0
LF:4
LH:2
BRDA:34,0,0,0
BRDA:34,0,1,0
BRF:2
BRH:0
end_of_record
TN:
SF:src\components\dashboard\RevenueChart.tsx
FN:20,RevenueChart
FN:42,(anonymous_1)
FNF:2
FNH:0
FNDA:0,RevenueChart
FNDA:0,(anonymous_1)
DA:21,0
DA:42,0
LF:2
LH:0
BRF:0
BRH:0
end_of_record
TN:
SF:src\components\dashboard\StatCard.tsx
FN:16,StatCard
FNF:1
FNH:0
FNDA:0,StatCard
DA:3,1
DA:4,1
DA:16,1
DA:25,0
LF:4
LH:3
BRDA:32,0,0,0
BRDA:32,0,1,0
BRDA:35,1,0,0
BRDA:35,1,1,0
BRDA:40,2,0,0
BRDA:40,2,1,0
BRDA:41,3,0,0
BRDA:41,3,1,0
BRF:8
BRH:0
end_of_record
TN:
SF:src\components\dashboard\TopSellingProducts.tsx
FN:17,TopSellingProducts
FN:26,(anonymous_1)
FNF:2
FNH:0
FNDA:0,TopSellingProducts
FNDA:0,(anonymous_1)
DA:2,1
DA:3,1
DA:17,1
DA:18,0
DA:27,0
LF:5
LH:3
BRF:0
BRH:0
end_of_record
TN:
SF:src\components\employees\EmployeeForm.tsx
FN:106,EmployeeForm
FN:153,onSubmit
FN:248,(anonymous_16)
FN:249,(anonymous_17)
FN:251,(anonymous_18)
FN:266,(anonymous_19)
FN:280,(anonymous_20)
FN:297,(anonymous_21)
FN:311,(anonymous_22)
FN:328,(anonymous_23)
FN:345,(anonymous_24)
FN:359,(anonymous_25)
FN:372,(anonymous_26)
FN:387,(anonymous_27)
FN:400,(anonymous_28)
FN:418,(anonymous_29)
FN:433,(anonymous_30)
FN:449,(anonymous_31)
FN:489,(anonymous_32)
FN:513,(anonymous_33)
FN:527,(anonymous_34)
FN:541,(anonymous_35)
FN:560,(anonymous_36)
FN:575,(anonymous_37)
FN:589,(anonymous_38)
FN:605,(anonymous_39)
FN:619,(anonymous_40)
FN:639,(anonymous_41)
FN:653,(anonymous_42)
FN:669,(anonymous_43)
FN:683,(anonymous_44)
FN:700,(anonymous_45)
FN:706,(anonymous_46)
FN:721,(anonymous_47)
FNF:34
FNH:0
FNDA:0,EmployeeForm
FNDA:0,onSubmit
FNDA:0,(anonymous_16)
FNDA:0,(anonymous_17)
FNDA:0,(anonymous_18)
FNDA:0,(anonymous_19)
FNDA:0,(anonymous_20)
FNDA:0,(anonymous_21)
FNDA:0,(anonymous_22)
FNDA:0,(anonymous_23)
FNDA:0,(anonymous_24)
FNDA:0,(anonymous_25)
FNDA:0,(anonymous_26)
FNDA:0,(anonymous_27)
FNDA:0,(anonymous_28)
FNDA:0,(anonymous_29)
FNDA:0,(anonymous_30)
FNDA:0,(anonymous_31)
FNDA:0,(anonymous_32)
FNDA:0,(anonymous_33)
FNDA:0,(anonymous_34)
FNDA:0,(anonymous_35)
FNDA:0,(anonymous_36)
FNDA:0,(anonymous_37)
FNDA:0,(anonymous_38)
FNDA:0,(anonymous_39)
FNDA:0,(anonymous_40)
FNDA:0,(anonymous_41)
FNDA:0,(anonymous_42)
FNDA:0,(anonymous_43)
FNDA:0,(anonymous_44)
FNDA:0,(anonymous_45)
FNDA:0,(anonymous_46)
FNDA:0,(anonymous_47)
DA:1,1
DA:2,1
DA:3,1
DA:4,1
DA:5,1
DA:6,1
DA:7,1
DA:8,1
DA:17,1
DA:24,1
DA:25,1
DA:26,1
DA:27,1
DA:28,1
DA:29,1
DA:30,1
DA:41,1
DA:49,1
DA:61,1
DA:70,1
DA:106,1
DA:107,0
DA:108,0
DA:109,0
DA:114,0
DA:154,0
DA:155,0
DA:157,0
DA:197,0
DA:200,0
DA:202,0
DA:203,0
DA:205,0
DA:208,0
DA:209,0
DA:214,0
DA:215,0
DA:217,0
DA:220,0
DA:221,0
DA:227,0
DA:229,0
DA:236,0
DA:237,0
DA:243,0
DA:248,0
DA:249,0
DA:250,0
DA:251,0
DA:253,0
DA:258,0
DA:267,0
DA:281,0
DA:298,0
DA:312,0
DA:329,0
DA:346,0
DA:360,0
DA:373,0
DA:388,0
DA:401,0
DA:419,0
DA:434,0
DA:450,0
DA:490,0
DA:514,0
DA:528,0
DA:542,0
DA:561,0
DA:576,0
DA:590,0
DA:606,0
DA:620,0
DA:640,0
DA:654,0
DA:670,0
DA:684,0
DA:701,0
DA:706,0
DA:722,0
LF:80
LH:21
BRDA:110,0,0,0
BRDA:110,0,1,0
BRDA:110,1,0,0
BRDA:110,1,1,0
BRDA:110,2,0,0
BRDA:110,2,1,0
BRDA:117,3,0,0
BRDA:117,3,1,0
BRDA:117,4,0,0
BRDA:117,4,1,0
BRDA:117,5,0,0
BRDA:117,5,1,0
BRDA:118,6,0,0
BRDA:118,6,1,0
BRDA:118,7,0,0
BRDA:118,7,1,0
BRDA:118,8,0,0
BRDA:118,8,1,0
BRDA:119,9,0,0
BRDA:119,9,1,0
BRDA:119,10,0,0
BRDA:119,10,1,0
BRDA:119,11,0,0
BRDA:119,11,1,0
BRDA:121,12,0,0
BRDA:121,12,1,0
BRDA:121,13,0,0
BRDA:121,13,1,0
BRDA:121,14,0,0
BRDA:121,14,1,0
BRDA:122,15,0,0
BRDA:122,15,1,0
BRDA:122,16,0,0
BRDA:122,16,1,0
BRDA:122,17,0,0
BRDA:122,17,1,0
BRDA:123,18,0,0
BRDA:123,18,1,0
BRDA:123,19,0,0
BRDA:123,19,1,0
BRDA:123,20,0,0
BRDA:123,20,1,0
BRDA:124,21,0,0
BRDA:124,21,1,0
BRDA:124,22,0,0
BRDA:124,22,1,0
BRDA:124,23,0,0
BRDA:124,23,1,0
BRDA:125,24,0,0
BRDA:125,24,1,0
BRDA:125,25,0,0
BRDA:125,25,1,0
BRDA:125,26,0,0
BRDA:125,26,1,0
BRDA:126,27,0,0
BRDA:126,27,1,0
BRDA:126,28,0,0
BRDA:126,28,1,0
BRDA:126,29,0,0
BRDA:126,29,1,0
BRDA:127,30,0,0
BRDA:127,30,1,0
BRDA:127,31,0,0
BRDA:127,31,1,0
BRDA:127,32,0,0
BRDA:127,32,1,0
BRDA:128,33,0,0
BRDA:128,33,1,0
BRDA:128,34,0,0
BRDA:128,34,1,0
BRDA:128,35,0,0
BRDA:128,35,1,0
BRDA:131,36,0,0
BRDA:131,36,1,0
BRDA:131,37,0,0
BRDA:131,37,1,0
BRDA:131,38,0,0
BRDA:131,38,1,0
BRDA:131,39,0,0
BRDA:131,39,1,0
BRDA:131,40,0,0
BRDA:131,40,1,0
BRDA:132,41,0,0
BRDA:132,41,1,0
BRDA:132,42,0,0
BRDA:132,42,1,0
BRDA:132,43,0,0
BRDA:132,43,1,0
BRDA:132,44,0,0
BRDA:132,44,1,0
BRDA:132,45,0,0
BRDA:132,45,1,0
BRDA:133,46,0,0
BRDA:133,46,1,0
BRDA:133,47,0,0
BRDA:133,47,1,0
BRDA:133,48,0,0
BRDA:133,48,1,0
BRDA:133,49,0,0
BRDA:133,49,1,0
BRDA:133,50,0,0
BRDA:133,50,1,0
BRDA:136,51,0,0
BRDA:136,51,1,0
BRDA:136,52,0,0
BRDA:136,52,1,0
BRDA:136,53,0,0
BRDA:136,53,1,0
BRDA:136,54,0,0
BRDA:136,54,1,0
BRDA:136,55,0,0
BRDA:136,55,1,0
BRDA:137,56,0,0
BRDA:137,56,1,0
BRDA:137,57,0,0
BRDA:137,57,1,0
BRDA:137,58,0,0
BRDA:137,58,1,0
BRDA:137,59,0,0
BRDA:137,59,1,0
BRDA:137,60,0,0
BRDA:137,60,1,0
BRDA:138,61,0,0
BRDA:138,61,1,0
BRDA:138,62,0,0
BRDA:138,62,1,0
BRDA:138,63,0,0
BRDA:138,63,1,0
BRDA:138,64,0,0
BRDA:138,64,1,0
BRDA:138,65,0,0
BRDA:138,65,1,0
BRDA:139,66,0,0
BRDA:139,66,1,0
BRDA:139,67,0,0
BRDA:139,67,1,0
BRDA:139,68,0,0
BRDA:139,68,1,0
BRDA:139,69,0,0
BRDA:139,69,1,0
BRDA:139,70,0,0
BRDA:139,70,1,0
BRDA:140,71,0,0
BRDA:140,71,1,0
BRDA:140,72,0,0
BRDA:140,72,1,0
BRDA:140,73,0,0
BRDA:140,73,1,0
BRDA:140,74,0,0
BRDA:140,74,1,0
BRDA:140,75,0,0
BRDA:140,75,1,0
BRDA:143,76,0,0
BRDA:143,76,1,0
BRDA:143,77,0,0
BRDA:143,77,1,0
BRDA:143,78,0,0
BRDA:143,78,1,0
BRDA:143,79,0,0
BRDA:143,79,1,0
BRDA:143,80,0,0
BRDA:143,80,1,0
BRDA:144,81,0,0
BRDA:144,81,1,0
BRDA:144,82,0,0
BRDA:144,82,1,0
BRDA:144,83,0,0
BRDA:144,83,1,0
BRDA:144,84,0,0
BRDA:144,84,1,0
BRDA:144,85,0,0
BRDA:144,85,1,0
BRDA:145,86,0,0
BRDA:145,86,1,0
BRDA:145,87,0,0
BRDA:145,87,1,0
BRDA:145,88,0,0
BRDA:145,88,1,0
BRDA:145,89,0,0
BRDA:145,89,1,0
BRDA:145,90,0,0
BRDA:145,90,1,0
BRDA:146,91,0,0
BRDA:146,91,1,0
BRDA:146,92,0,0
BRDA:146,92,1,0
BRDA:146,93,0,0
BRDA:146,93,1,0
BRDA:146,94,0,0
BRDA:146,94,1,0
BRDA:146,95,0,0
BRDA:146,95,1,0
BRDA:148,96,0,0
BRDA:148,96,1,0
BRDA:148,97,0,0
BRDA:148,97,1,0
BRDA:148,98,0,0
BRDA:148,98,1,0
BRDA:149,99,0,0
BRDA:149,99,1,0
BRDA:149,100,0,0
BRDA:149,100,1,0
BRDA:149,101,0,0
BRDA:149,101,1,0
BRDA:166,102,0,0
BRDA:166,102,1,0
BRDA:183,103,0,0
BRDA:183,103,1,0
BRDA:200,104,0,0
BRDA:200,104,1,0
BRDA:200,105,0,0
BRDA:200,105,1,0
BRDA:200,106,0,0
BRDA:200,106,1,0
BRDA:200,107,0,0
BRDA:200,107,1,0
BRDA:202,108,0,0
BRDA:208,109,0,0
BRDA:220,110,0,0
BRDA:220,110,1,0
BRDA:222,111,0,0
BRDA:222,111,1,0
BRDA:223,112,0,0
BRDA:223,112,1,0
BRDA:231,113,0,0
BRDA:231,113,1,0
BRDA:250,114,0,0
BRDA:250,114,1,0
BRDA:324,115,0,0
BRDA:324,115,1,0
BRDA:459,116,0,0
BRDA:459,116,1,0
BRDA:462,117,0,0
BRDA:462,117,1,0
BRDA:746,118,0,0
BRDA:746,118,1,0
BRDA:746,119,0,0
BRDA:746,119,1,0
BRF:238
BRH:0
end_of_record
TN:
SF:src\components\fuel\FuelInventoryForm.tsx
FN:68,FuelInventoryForm
FN:90,onSubmit
FN:127,(anonymous_16)
FN:140,(anonymous_17)
FN:155,(anonymous_18)
FN:175,(anonymous_19)
FN:195,(anonymous_20)
FN:215,(anonymous_21)
FN:238,(anonymous_22)
FN:258,(anonymous_23)
FN:281,(anonymous_24)
FN:295,(anonymous_25)
FN:308,(anonymous_26)
FN:324,(anonymous_27)
FN:338,(anonymous_28)
FNF:15
FNH:0
FNDA:0,FuelInventoryForm
FNDA:0,onSubmit
FNDA:0,(anonymous_16)
FNDA:0,(anonymous_17)
FNDA:0,(anonymous_18)
FNDA:0,(anonymous_19)
FNDA:0,(anonymous_20)
FNDA:0,(anonymous_21)
FNDA:0,(anonymous_22)
FNDA:0,(anonymous_23)
FNDA:0,(anonymous_24)
FNDA:0,(anonymous_25)
FNDA:0,(anonymous_26)
FNDA:0,(anonymous_27)
FNDA:0,(anonymous_28)
DA:1,1
DA:2,1
DA:3,1
DA:4,1
DA:5,1
DA:6,1
DA:7,1
DA:8,1
DA:17,1
DA:24,1
DA:25,1
DA:36,1
DA:51,1
DA:60,1
DA:68,1
DA:69,0
DA:70,0
DA:73,0
DA:91,0
DA:92,0
DA:95,0
DA:97,0
DA:100,0
DA:103,0
DA:104,0
DA:107,0
DA:109,0
DA:112,0
DA:113,0
DA:115,0
DA:119,0
DA:128,0
DA:141,0
DA:156,0
DA:176,0
DA:196,0
DA:216,0
DA:239,0
DA:259,0
DA:282,0
DA:296,0
DA:309,0
DA:325,0
DA:339,0
LF:44
LH:15
BRDA:76,0,0,0
BRDA:76,0,1,0
BRDA:76,1,0,0
BRDA:76,1,1,0
BRDA:76,2,0,0
BRDA:76,2,1,0
BRDA:77,3,0,0
BRDA:77,3,1,0
BRDA:77,4,0,0
BRDA:77,4,1,0
BRDA:77,5,0,0
BRDA:77,5,1,0
BRDA:78,6,0,0
BRDA:78,6,1,0
BRDA:78,7,0,0
BRDA:78,7,1,0
BRDA:78,8,0,0
BRDA:78,8,1,0
BRDA:79,9,0,0
BRDA:79,9,1,0
BRDA:79,10,0,0
BRDA:79,10,1,0
BRDA:79,11,0,0
BRDA:79,11,1,0
BRDA:80,12,0,0
BRDA:80,12,1,0
BRDA:80,13,0,0
BRDA:80,13,1,0
BRDA:80,14,0,0
BRDA:80,14,1,0
BRDA:81,15,0,0
BRDA:81,15,1,0
BRDA:81,16,0,0
BRDA:81,16,1,0
BRDA:81,17,0,0
BRDA:81,17,1,0
BRDA:82,18,0,0
BRDA:82,18,1,0
BRDA:82,19,0,0
BRDA:82,19,1,0
BRDA:82,20,0,0
BRDA:82,20,1,0
BRDA:83,21,0,0
BRDA:83,21,1,0
BRDA:83,22,0,0
BRDA:83,22,1,0
BRDA:83,23,0,0
BRDA:83,23,1,0
BRDA:84,24,0,0
BRDA:84,24,1,0
BRDA:84,25,0,0
BRDA:84,25,1,0
BRDA:84,26,0,0
BRDA:84,26,1,0
BRDA:85,27,0,0
BRDA:85,27,1,0
BRDA:85,28,0,0
BRDA:85,28,1,0
BRDA:85,29,0,0
BRDA:85,29,1,0
BRDA:86,30,0,0
BRDA:86,30,1,0
BRDA:86,31,0,0
BRDA:86,31,1,0
BRDA:86,32,0,0
BRDA:86,32,1,0
BRDA:95,33,0,0
BRDA:95,33,1,0
BRDA:95,34,0,0
BRDA:95,34,1,0
BRDA:95,35,0,0
BRDA:95,35,1,0
BRDA:95,36,0,0
BRDA:95,36,1,0
BRDA:103,37,0,0
BRDA:103,37,1,0
BRDA:105,38,0,0
BRDA:105,38,1,0
BRDA:109,39,0,0
BRDA:109,39,1,0
BRDA:363,40,0,0
BRDA:363,40,1,0
BRDA:363,41,0,0
BRDA:363,41,1,0
BRF:84
BRH:0
end_of_record
TN:
SF:src\components\maintenance\CreateTaskForm.tsx
FN:58,CreateTaskForm
FN:81,(anonymous_8)
FN:82,(anonymous_9)
FN:82,(anonymous_10)
FN:97,(anonymous_11)
FN:141,(anonymous_12)
FN:141,(anonymous_13)
FN:197,(anonymous_14)
FN:212,(anonymous_15)
FN:245,(anonymous_16)
FN:273,(anonymous_17)
FN:302,(anonymous_18)
FN:317,(anonymous_19)
FN:332,(anonymous_20)
FN:359,(anonymous_21)
FN:374,(anonymous_22)
FN:394,(anonymous_23)
FN:408,(anonymous_24)
FN:423,(anonymous_25)
FNF:19
FNH:0
FNDA:0,CreateTaskForm
FNDA:0,(anonymous_8)
FNDA:0,(anonymous_9)
FNDA:0,(anonymous_10)
FNDA:0,(anonymous_11)
FNDA:0,(anonymous_12)
FNDA:0,(anonymous_13)
FNDA:0,(anonymous_14)
FNDA:0,(anonymous_15)
FNDA:0,(anonymous_16)
FNDA:0,(anonymous_17)
FNDA:0,(anonymous_18)
FNDA:0,(anonymous_19)
FNDA:0,(anonymous_20)
FNDA:0,(anonymous_21)
FNDA:0,(anonymous_22)
FNDA:0,(anonymous_23)
FNDA:0,(anonymous_24)
FNDA:0,(anonymous_25)
DA:38,0
DA:59,0
DA:60,0
DA:61,0
DA:64,0
DA:81,0
DA:82,0
DA:83,0
DA:84,0
DA:85,0
DA:86,0
DA:89,0
DA:93,0
DA:97,0
DA:98,0
DA:100,0
DA:111,0
DA:112,0
DA:113,0
DA:114,0
DA:115,0
DA:118,0
DA:122,0
DA:123,0
DA:124,0
DA:126,0
DA:131,0
DA:132,0
DA:136,0
DA:141,0
DA:142,0
DA:143,0
DA:145,0
DA:147,0
DA:156,0
DA:158,0
DA:161,0
DA:164,0
DA:165,0
DA:171,0
DA:173,0
DA:180,0
DA:181,0
DA:187,0
DA:191,0
DA:198,0
DA:213,0
DA:246,0
DA:274,0
DA:303,0
DA:318,0
DA:333,0
DA:360,0
DA:375,0
DA:395,0
DA:409,0
DA:424,0
LF:57
LH:0
BRDA:85,0,0,0
BRDA:85,1,0,0
BRDA:85,1,1,0
BRDA:98,2,0,0
BRDA:106,3,0,0
BRDA:106,3,1,0
BRDA:107,4,0,0
BRDA:107,4,1,0
BRDA:111,5,0,0
BRDA:111,5,1,0
BRDA:112,6,0,0
BRDA:112,6,1,0
BRDA:112,7,0,0
BRDA:112,7,1,0
BRDA:114,8,0,0
BRDA:122,9,0,0
BRDA:131,10,0,0
BRDA:150,11,0,0
BRDA:150,11,1,0
BRDA:151,12,0,0
BRDA:151,12,1,0
BRDA:156,13,0,0
BRDA:156,13,1,0
BRDA:156,14,0,0
BRDA:156,14,1,0
BRDA:156,15,0,0
BRDA:156,15,1,0
BRDA:156,16,0,0
BRDA:156,16,1,0
BRDA:164,17,0,0
BRDA:164,17,1,0
BRDA:166,18,0,0
BRDA:166,18,1,0
BRDA:167,19,0,0
BRDA:167,19,1,0
BRDA:175,20,0,0
BRDA:175,20,1,0
BRDA:308,21,0,0
BRDA:308,21,1,0
BRDA:342,22,0,0
BRDA:342,22,1,0
BRDA:345,23,0,0
BRDA:345,23,1,0
BRDA:443,24,0,0
BRDA:443,24,1,0
BRDA:443,25,0,0
BRDA:443,25,1,0
BRF:47
BRH:0
end_of_record
TN:
SF:src\components\maintenance\MaintenanceForm.tsx
FN:90,MaintenanceForm
FN:112,onSubmit
FN:155,(anonymous_16)
FN:171,(anonymous_17)
FN:191,(anonymous_18)
FN:204,(anonymous_19)
FN:219,(anonymous_20)
FN:232,(anonymous_21)
FN:247,(anonymous_22)
FN:260,(anonymous_23)
FN:278,(anonymous_24)
FN:317,(anonymous_25)
FN:331,(anonymous_26)
FN:348,(anonymous_27)
FN:368,(anonymous_28)
FN:390,(anonymous_29)
FNF:16
FNH:0
FNDA:0,MaintenanceForm
FNDA:0,onSubmit
FNDA:0,(anonymous_16)
FNDA:0,(anonymous_17)
FNDA:0,(anonymous_18)
FNDA:0,(anonymous_19)
FNDA:0,(anonymous_20)
FNDA:0,(anonymous_21)
FNDA:0,(anonymous_22)
FNDA:0,(anonymous_23)
FNDA:0,(anonymous_24)
FNDA:0,(anonymous_25)
FNDA:0,(anonymous_26)
FNDA:0,(anonymous_27)
FNDA:0,(anonymous_28)
FNDA:0,(anonymous_29)
DA:1,1
DA:2,1
DA:3,1
DA:4,1
DA:5,1
DA:6,1
DA:7,1
DA:8,1
DA:17,1
DA:24,1
DA:25,1
DA:26,1
DA:27,1
DA:28,1
DA:29,1
DA:30,1
DA:46,1
DA:61,1
DA:70,1
DA:78,1
DA:90,1
DA:91,0
DA:92,0
DA:95,0
DA:113,0
DA:114,0
DA:116,0
DA:123,0
DA:125,0
DA:128,0
DA:131,0
DA:132,0
DA:135,0
DA:137,0
DA:140,0
DA:141,0
DA:143,0
DA:147,0
DA:156,0
DA:172,0
DA:192,0
DA:205,0
DA:220,0
DA:233,0
DA:248,0
DA:261,0
DA:279,0
DA:318,0
DA:332,0
DA:349,0
DA:369,0
DA:391,0
LF:52
LH:21
BRDA:98,0,0,0
BRDA:98,0,1,0
BRDA:98,1,0,0
BRDA:98,1,1,0
BRDA:98,2,0,0
BRDA:98,2,1,0
BRDA:99,3,0,0
BRDA:99,3,1,0
BRDA:99,4,0,0
BRDA:99,4,1,0
BRDA:99,5,0,0
BRDA:99,5,1,0
BRDA:100,6,0,0
BRDA:100,6,1,0
BRDA:100,7,0,0
BRDA:100,7,1,0
BRDA:100,8,0,0
BRDA:100,8,1,0
BRDA:101,9,0,0
BRDA:101,9,1,0
BRDA:101,10,0,0
BRDA:101,10,1,0
BRDA:101,11,0,0
BRDA:101,11,1,0
BRDA:102,12,0,0
BRDA:102,12,1,0
BRDA:102,13,0,0
BRDA:102,13,1,0
BRDA:102,14,0,0
BRDA:102,14,1,0
BRDA:103,15,0,0
BRDA:103,15,1,0
BRDA:103,16,0,0
BRDA:103,16,1,0
BRDA:103,17,0,0
BRDA:103,17,1,0
BRDA:104,18,0,0
BRDA:104,18,1,0
BRDA:104,19,0,0
BRDA:104,19,1,0
BRDA:104,20,0,0
BRDA:104,20,1,0
BRDA:105,21,0,0
BRDA:105,21,1,0
BRDA:105,22,0,0
BRDA:105,22,1,0
BRDA:105,23,0,0
BRDA:105,23,1,0
BRDA:106,24,0,0
BRDA:106,24,1,0
BRDA:106,25,0,0
BRDA:106,25,1,0
BRDA:106,26,0,0
BRDA:106,26,1,0
BRDA:107,27,0,0
BRDA:107,27,1,0
BRDA:107,28,0,0
BRDA:107,28,1,0
BRDA:107,29,0,0
BRDA:107,29,1,0
BRDA:108,30,0,0
BRDA:108,30,1,0
BRDA:108,31,0,0
BRDA:108,31,1,0
BRDA:108,32,0,0
BRDA:108,32,1,0
BRDA:118,33,0,0
BRDA:118,33,1,0
BRDA:123,34,0,0
BRDA:123,34,1,0
BRDA:123,35,0,0
BRDA:123,35,1,0
BRDA:123,36,0,0
BRDA:123,36,1,0
BRDA:123,37,0,0
BRDA:123,37,1,0
BRDA:131,38,0,0
BRDA:131,38,1,0
BRDA:133,39,0,0
BRDA:133,39,1,0
BRDA:137,40,0,0
BRDA:137,40,1,0
BRDA:288,41,0,0
BRDA:288,41,1,0
BRDA:291,42,0,0
BRDA:291,42,1,0
BRDA:415,43,0,0
BRDA:415,43,1,0
BRDA:415,44,0,0
BRDA:415,44,1,0
BRF:90
BRH:0
end_of_record
TN:
SF:src\components\products\ProductForm.tsx
FN:78,ProductForm
FN:100,onSubmit
FN:137,(anonymous_16)
FN:151,(anonymous_17)
FN:172,(anonymous_18)
FN:185,(anonymous_19)
FN:200,(anonymous_20)
FN:214,(anonymous_21)
FN:231,(anonymous_22)
FN:251,(anonymous_23)
FN:271,(anonymous_24)
FN:294,(anonymous_25)
FN:314,(anonymous_26)
FN:336,(anonymous_27)
FNF:14
FNH:0
FNDA:0,ProductForm
FNDA:0,onSubmit
FNDA:0,(anonymous_16)
FNDA:0,(anonymous_17)
FNDA:0,(anonymous_18)
FNDA:0,(anonymous_19)
FNDA:0,(anonymous_20)
FNDA:0,(anonymous_21)
FNDA:0,(anonymous_22)
FNDA:0,(anonymous_23)
FNDA:0,(anonymous_24)
FNDA:0,(anonymous_25)
FNDA:0,(anonymous_26)
FNDA:0,(anonymous_27)
DA:1,1
DA:2,1
DA:3,1
DA:4,1
DA:5,1
DA:6,1
DA:7,1
DA:8,1
DA:9,1
DA:18,1
DA:25,1
DA:26,1
DA:52,1
DA:67,1
DA:78,1
DA:79,0
DA:80,0
DA:83,0
DA:101,0
DA:102,0
DA:105,0
DA:107,0
DA:110,0
DA:113,0
DA:114,0
DA:117,0
DA:119,0
DA:122,0
DA:123,0
DA:125,0
DA:129,0
DA:138,0
DA:152,0
DA:173,0
DA:186,0
DA:201,0
DA:215,0
DA:232,0
DA:252,0
DA:272,0
DA:295,0
DA:315,0
DA:337,0
LF:43
LH:15
BRDA:86,0,0,0
BRDA:86,0,1,0
BRDA:86,1,0,0
BRDA:86,1,1,0
BRDA:86,2,0,0
BRDA:86,2,1,0
BRDA:87,3,0,0
BRDA:87,3,1,0
BRDA:87,4,0,0
BRDA:87,4,1,0
BRDA:87,5,0,0
BRDA:87,5,1,0
BRDA:88,6,0,0
BRDA:88,6,1,0
BRDA:88,7,0,0
BRDA:88,7,1,0
BRDA:88,8,0,0
BRDA:88,8,1,0
BRDA:89,9,0,0
BRDA:89,9,1,0
BRDA:89,10,0,0
BRDA:89,10,1,0
BRDA:89,11,0,0
BRDA:89,11,1,0
BRDA:90,12,0,0
BRDA:90,12,1,0
BRDA:90,13,0,0
BRDA:90,13,1,0
BRDA:90,14,0,0
BRDA:90,14,1,0
BRDA:91,15,0,0
BRDA:91,15,1,0
BRDA:91,16,0,0
BRDA:91,16,1,0
BRDA:91,17,0,0
BRDA:91,17,1,0
BRDA:92,18,0,0
BRDA:92,18,1,0
BRDA:92,19,0,0
BRDA:92,19,1,0
BRDA:92,20,0,0
BRDA:92,20,1,0
BRDA:93,21,0,0
BRDA:93,21,1,0
BRDA:93,22,0,0
BRDA:93,22,1,0
BRDA:93,23,0,0
BRDA:93,23,1,0
BRDA:94,24,0,0
BRDA:94,24,1,0
BRDA:94,25,0,0
BRDA:94,25,1,0
BRDA:94,26,0,0
BRDA:94,26,1,0
BRDA:95,27,0,0
BRDA:95,27,1,0
BRDA:95,28,0,0
BRDA:95,28,1,0
BRDA:95,29,0,0
BRDA:95,29,1,0
BRDA:96,30,0,0
BRDA:96,30,1,0
BRDA:96,31,0,0
BRDA:96,31,1,0
BRDA:96,32,0,0
BRDA:96,32,1,0
BRDA:96,33,0,0
BRDA:96,33,1,0
BRDA:105,34,0,0
BRDA:105,34,1,0
BRDA:105,35,0,0
BRDA:105,35,1,0
BRDA:105,36,0,0
BRDA:105,36,1,0
BRDA:105,37,0,0
BRDA:105,37,1,0
BRDA:113,38,0,0
BRDA:113,38,1,0
BRDA:115,39,0,0
BRDA:115,39,1,0
BRDA:119,40,0,0
BRDA:119,40,1,0
BRDA:153,41,0,0
BRDA:153,41,1,0
BRDA:361,42,0,0
BRDA:361,42,1,0
BRDA:361,43,0,0
BRDA:361,43,1,0
BRF:88
BRH:0
end_of_record
TN:
SF:src\components\ui\Modal.tsx
FN:10,(anonymous_1)
FNF:1
FNH:1
FNDA:3,(anonymous_1)
DA:2,2
DA:10,2
DA:11,3
DA:13,2
DA:29,2
LF:5
LH:5
BRDA:11,0,0,1
BRF:1
BRH:1
end_of_record
TN:
SF:src\components\ui\accordion.tsx
FN:12,(anonymous_7)
FN:24,(anonymous_8)
FN:44,(anonymous_9)
FNF:3
FNH:0
FNDA:0,(anonymous_7)
FNDA:0,(anonymous_8)
FNDA:0,(anonymous_9)
DA:1,1
DA:2,1
DA:3,1
DA:5,1
DA:7,1
DA:9,1
DA:12,0
DA:19,1
DA:21,1
DA:24,0
DA:39,1
DA:41,1
DA:44,0
DA:54,1
DA:56,1
LF:15
LH:12
BRF:0
BRH:0
end_of_record
TN:
SF:src\components\ui\alert-dialog.tsx
FN:16,(anonymous_1)
FN:31,(anonymous_2)
FN:46,(anonymous_3)
FN:60,(anonymous_4)
FN:77,(anonymous_5)
FN:89,(anonymous_6)
FN:102,(anonymous_7)
FN:114,(anonymous_8)
FNF:8
FNH:0
FNDA:0,(anonymous_1)
FNDA:0,(anonymous_2)
FNDA:0,(anonymous_3)
FNDA:0,(anonymous_4)
FNDA:0,(anonymous_5)
FNDA:0,(anonymous_6)
FNDA:0,(anonymous_7)
FNDA:0,(anonymous_8)
DA:7,0
DA:9,0
DA:11,0
DA:13,0
DA:16,0
DA:26,0
DA:28,0
DA:31,0
DA:44,0
DA:46,0
DA:47,0
DA:48,0
DA:49,0
DA:58,0
DA:60,0
DA:61,0
DA:62,0
DA:63,0
DA:72,0
DA:74,0
DA:77,0
DA:84,0
DA:86,0
DA:89,0
DA:96,0
DA:99,0
DA:102,0
DA:109,0
DA:111,0
DA:114,0
DA:125,0
LF:31
LH:0
BRF:0
BRH:0
end_of_record
TN:
SF:src\components\ui\alert.tsx
FN:25,(anonymous_1)
FN:38,(anonymous_2)
FN:50,(anonymous_3)
FNF:3
FNH:0
FNDA:0,(anonymous_1)
FNDA:0,(anonymous_2)
FNDA:0,(anonymous_3)
DA:6,0
DA:22,0
DA:25,0
DA:33,0
DA:35,0
DA:38,0
DA:45,0
DA:47,0
DA:50,0
DA:57,0
LF:10
LH:0
BRF:0
BRH:0
end_of_record
TN:
SF:src\components\ui\aspect-ratio.tsx
FNF:0
FNH:0
DA:3,0
LF:1
LH:0
BRF:0
BRH:0
end_of_record
TN:
SF:src\components\ui\avatar.tsx
FN:9,(anonymous_7)
FN:24,(anonymous_8)
FN:36,(anonymous_9)
FNF:3
FNH:0
FNDA:0,(anonymous_7)
FNDA:0,(anonymous_8)
FNDA:0,(anonymous_9)
DA:1,1
DA:2,1
DA:4,1
DA:6,1
DA:9,0
DA:19,1
DA:21,1
DA:24,0
DA:31,1
DA:33,1
DA:36,0
DA:46,1
DA:48,1
LF:13
LH:10
BRF:0
BRH:0
end_of_record
TN:
SF:src\components\ui\badge.tsx
FN:30,Badge
FNF:1
FNH:0
FNDA:0,Badge
DA:2,1
DA:4,1
DA:6,1
DA:30,0
DA:31,0
DA:36,1
LF:6
LH:4
BRF:0
BRH:0
end_of_record
TN:
SF:src\components\ui\breadcrumb.tsx
FN:12,(anonymous_1)
FN:18,(anonymous_2)
FN:33,(anonymous_3)
FN:47,(anonymous_4)
FN:63,(anonymous_5)
FN:75,(anonymous_6)
FN:91,(anonymous_7)
FNF:7
FNH:0
FNDA:0,(anonymous_1)
FNDA:0,(anonymous_2)
FNDA:0,(anonymous_3)
FNDA:0,(anonymous_4)
FNDA:0,(anonymous_5)
FNDA:0,(anonymous_6)
FNDA:0,(anonymous_7)
DA:7,0
DA:12,0
DA:13,0
DA:15,0
DA:18,0
DA:28,0
DA:30,0
DA:33,0
DA:40,0
DA:42,0
DA:47,0
DA:48,0
DA:50,0
DA:58,0
DA:60,0
DA:63,0
DA:73,0
DA:75,0
DA:77,0
DA:78,0
DA:79,0
DA:89,0
DA:91,0
DA:92,0
DA:93,0
DA:94,0
DA:105,0
LF:27
LH:0
BRDA:48,0,0,0
BRDA:48,0,1,0
BRDA:86,1,0,0
BRDA:86,1,1,0
BRDA:86,2,0,0
BRDA:86,2,1,0
BRF:6
BRH:0
end_of_record
TN:
SF:src\components\ui\button.tsx
FN:43,(anonymous_7)
FNF:1
FNH:1
FNDA:13,(anonymous_7)
DA:1,2
DA:2,2
DA:3,2
DA:5,2
DA:7,2
DA:42,2
DA:43,13
DA:44,13
DA:45,13
DA:54,2
DA:56,2
LF:11
LH:11
BRDA:43,0,0,13
BRDA:44,1,0,0
BRDA:44,1,1,13
BRF:3
BRH:2
end_of_record
TN:
SF:src\components\ui\calendar.tsx
FN:10,Calendar
FN:55,(anonymous_2)
FN:56,(anonymous_3)
FNF:3
FNH:0
FNDA:0,Calendar
FNDA:0,(anonymous_2)
FNDA:0,(anonymous_3)
DA:2,1
DA:3,1
DA:5,1
DA:6,1
DA:13,0
DA:14,0
DA:16,0
DA:55,0
DA:56,0
DA:62,1
DA:64,1
LF:11
LH:6
BRDA:13,0,0,0
BRF:1
BRH:0
end_of_record
TN:
SF:src\components\ui\card.tsx
FN:8,(anonymous_7)
FN:23,(anonymous_8)
FN:35,(anonymous_9)
FN:50,(anonymous_10)
FN:62,(anonymous_11)
FN:70,(anonymous_12)
FNF:6
FNH:6
FNDA:3,(anonymous_7)
FNDA:3,(anonymous_8)
FNDA:3,(anonymous_9)
FNDA:3,(anonymous_10)
FNDA:3,(anonymous_11)
FNDA:3,(anonymous_12)
DA:1,2
DA:3,2
DA:5,2
DA:8,3
DA:18,2
DA:20,2
DA:23,3
DA:30,2
DA:32,2
DA:35,3
DA:45,2
DA:47,2
DA:50,3
DA:57,2
DA:59,2
DA:62,3
DA:65,2
DA:67,2
DA:70,3
DA:77,2
DA:79,2
LF:21
LH:21
BRF:0
BRH:0
end_of_record
TN:
SF:src\components\ui\carousel.tsx
FN:33,useCarousel
FN:47,(anonymous_2)
FN:69,(anonymous_3)
FN:78,(anonymous_4)
FN:82,(anonymous_5)
FN:87,(anonymous_6)
FN:99,(anonymous_7)
FN:107,(anonymous_8)
FN:116,(anonymous_9)
FN:154,(anonymous_10)
FN:176,(anonymous_11)
FN:198,(anonymous_12)
FN:227,(anonymous_13)
FNF:13
FNH:0
FNDA:0,useCarousel
FNDA:0,(anonymous_2)
FNDA:0,(anonymous_3)
FNDA:0,(anonymous_4)
FNDA:0,(anonymous_5)
FNDA:0,(anonymous_6)
FNDA:0,(anonymous_7)
FNDA:0,(anonymous_8)
FNDA:0,(anonymous_9)
FNDA:0,(anonymous_10)
FNDA:0,(anonymous_11)
FNDA:0,(anonymous_12)
FNDA:0,(anonymous_13)
DA:31,0
DA:34,0
DA:36,0
DA:37,0
DA:40,0
DA:43,0
DA:54,0
DA:55,0
DA:59,0
DA:66,0
DA:67,0
DA:69,0
DA:70,0
DA:71,0
DA:74,0
DA:75,0
DA:78,0
DA:79,0
DA:82,0
DA:83,0
DA:86,0
DA:88,0
DA:89,0
DA:90,0
DA:91,0
DA:92,0
DA:93,0
DA:99,0
DA:100,0
DA:101,0
DA:104,0
DA:107,0
DA:108,0
DA:109,0
DA:112,0
DA:113,0
DA:114,0
DA:116,0
DA:117,0
DA:121,0
DA:149,0
DA:151,0
DA:154,0
DA:155,0
DA:157,0
DA:171,0
DA:173,0
DA:176,0
DA:177,0
DA:179,0
DA:193,0
DA:195,0
DA:198,0
DA:199,0
DA:201,0
DA:222,0
DA:224,0
DA:227,0
DA:228,0
DA:230,0
DA:251,0
LF:61
LH:0
BRDA:36,0,0,0
BRDA:49,1,0,0
BRDA:62,2,0,0
BRDA:62,2,1,0
BRDA:70,3,0,0
BRDA:79,4,0,0
BRDA:79,4,1,0
BRDA:79,5,0,0
BRDA:79,5,1,0
BRDA:83,6,0,0
BRDA:83,6,1,0
BRDA:83,7,0,0
BRDA:83,7,1,0
BRDA:88,8,0,0
BRDA:88,8,1,0
BRDA:91,9,0,0
BRDA:100,10,0,0
BRDA:100,11,0,0
BRDA:100,11,1,0
BRDA:108,12,0,0
BRDA:117,13,0,0
BRDA:117,13,1,0
BRDA:117,14,0,0
BRDA:117,14,1,0
BRDA:128,15,0,0
BRDA:128,15,1,0
BRDA:128,16,0,0
BRDA:128,16,1,0
BRDA:128,17,0,0
BRDA:128,17,1,0
BRDA:128,18,0,0
BRDA:128,18,1,0
BRDA:163,19,0,0
BRDA:163,19,1,0
BRDA:186,20,0,0
BRDA:186,20,1,0
BRDA:198,21,0,0
BRDA:198,22,0,0
BRDA:208,23,0,0
BRDA:208,23,1,0
BRDA:227,24,0,0
BRDA:227,25,0,0
BRDA:237,26,0,0
BRDA:237,26,1,0
BRF:44
BRH:0
end_of_record
TN:
SF:src\components\ui\chart.tsx
FN:25,useChart
FN:43,(anonymous_2)
FN:68,(anonymous_3)
FN:70,(anonymous_4)
FN:82,(anonymous_5)
FN:85,(anonymous_6)
FN:114,(anonymous_7)
FN:134,(anonymous_8)
FN:186,(anonymous_9)
FN:267,(anonymous_10)
FN:286,(anonymous_11)
FN:318,getPayloadConfigFromPayload
FNF:12
FNH:0
FNDA:0,useChart
FNDA:0,(anonymous_2)
FNDA:0,(anonymous_3)
FNDA:0,(anonymous_4)
FNDA:0,(anonymous_5)
FNDA:0,(anonymous_6)
FNDA:0,(anonymous_7)
FNDA:0,(anonymous_8)
FNDA:0,(anonymous_9)
FNDA:0,(anonymous_10)
FNDA:0,(anonymous_11)
FNDA:0,getPayloadConfigFromPayload
DA:7,0
DA:23,0
DA:26,0
DA:28,0
DA:29,0
DA:32,0
DA:35,0
DA:43,0
DA:44,0
DA:45,0
DA:47,0
DA:66,0
DA:68,0
DA:69,0
DA:70,0
DA:73,0
DA:74,0
DA:77,0
DA:82,0
DA:87,0
DA:89,0
DA:101,0
DA:103,0
DA:132,0
DA:134,0
DA:135,0
DA:136,0
DA:139,0
DA:140,0
DA:141,0
DA:143,0
DA:147,0
DA:148,0
DA:155,0
DA:156,0
DA:159,0
DA:170,0
DA:171,0
DA:174,0
DA:176,0
DA:187,0
DA:188,0
DA:189,0
DA:191,0
DA:255,0
DA:257,0
DA:259,0
DA:271,0
DA:273,0
DA:274,0
DA:277,0
DA:287,0
DA:288,0
DA:290,0
DA:315,0
DA:323,0
DA:324,0
DA:328,0
DA:334,0
DA:336,0
DA:340,0
DA:341,0
DA:346,0
DA:351,0
LF:64
LH:0
BRDA:28,0,0,0
BRDA:45,1,0,0
BRDA:45,1,1,0
BRDA:70,2,0,0
BRDA:70,2,1,0
BRDA:73,3,0,0
BRDA:87,4,0,0
BRDA:87,4,1,0
BRDA:87,5,0,0
BRDA:87,5,1,0
BRDA:87,6,0,0
BRDA:87,6,1,0
BRDA:89,7,0,0
BRDA:89,7,1,0
BRDA:119,8,0,0
BRDA:120,9,0,0
BRDA:121,10,0,0
BRDA:135,11,0,0
BRDA:135,12,0,0
BRDA:135,12,1,0
BRDA:135,13,0,0
BRDA:135,13,1,0
BRDA:135,14,0,0
BRDA:135,14,1,0
BRDA:140,15,0,0
BRDA:140,15,1,0
BRDA:140,15,2,0
BRDA:140,15,3,0
BRDA:143,16,0,0
BRDA:143,16,1,0
BRDA:143,17,0,0
BRDA:143,17,1,0
BRDA:144,18,0,0
BRDA:144,18,1,0
BRDA:144,19,0,0
BRDA:144,19,1,0
BRDA:144,20,0,0
BRDA:144,20,1,0
BRDA:145,21,0,0
BRDA:145,21,1,0
BRDA:145,22,0,0
BRDA:145,22,1,0
BRDA:147,23,0,0
BRDA:155,24,0,0
BRDA:170,25,0,0
BRDA:170,26,0,0
BRDA:170,26,1,0
BRDA:170,27,0,0
BRDA:170,27,1,0
BRDA:170,28,0,0
BRDA:170,28,1,0
BRDA:174,29,0,0
BRDA:174,29,1,0
BRDA:184,30,0,0
BRDA:184,30,1,0
BRDA:187,31,0,0
BRDA:187,31,1,0
BRDA:187,31,2,0
BRDA:187,31,3,0
BRDA:189,32,0,0
BRDA:189,32,1,0
BRDA:189,32,2,0
BRDA:196,33,0,0
BRDA:196,33,1,0
BRDA:199,34,0,0
BRDA:199,34,1,0
BRDA:199,35,0,0
BRDA:199,35,1,0
BRDA:199,35,2,0
BRDA:199,36,0,0
BRDA:199,36,1,0
BRDA:199,37,0,0
BRDA:199,37,1,0
BRDA:203,38,0,0
BRDA:203,38,1,0
BRDA:203,39,0,0
BRDA:203,39,1,0
BRDA:203,40,0,0
BRDA:203,40,1,0
BRDA:206,41,0,0
BRDA:206,41,1,0
BRDA:215,42,0,0
BRDA:215,42,1,0
BRDA:230,43,0,0
BRDA:230,43,1,0
BRDA:234,44,0,0
BRDA:234,44,1,0
BRDA:236,45,0,0
BRDA:236,45,1,0
BRDA:236,46,0,0
BRDA:236,46,1,0
BRDA:236,47,0,0
BRDA:236,47,1,0
BRDA:239,48,0,0
BRDA:239,48,1,0
BRDA:268,49,0,0
BRDA:268,50,0,0
BRDA:273,51,0,0
BRDA:273,52,0,0
BRDA:273,52,1,0
BRDA:273,53,0,0
BRDA:273,53,1,0
BRDA:282,54,0,0
BRDA:282,54,1,0
BRDA:287,55,0,0
BRDA:287,55,1,0
BRDA:287,55,2,0
BRDA:297,56,0,0
BRDA:297,56,1,0
BRDA:297,57,0,0
BRDA:297,57,1,0
BRDA:297,58,0,0
BRDA:297,58,1,0
BRDA:297,59,0,0
BRDA:297,59,1,0
BRDA:307,60,0,0
BRDA:307,60,1,0
BRDA:307,61,0,0
BRDA:307,61,1,0
BRDA:323,62,0,0
BRDA:323,63,0,0
BRDA:323,63,1,0
BRDA:328,64,0,0
BRDA:328,64,1,0
BRDA:328,65,0,0
BRDA:328,65,1,0
BRDA:328,65,2,0
BRDA:336,66,0,0
BRDA:336,66,1,0
BRDA:337,67,0,0
BRDA:337,67,1,0
BRDA:341,68,0,0
BRDA:342,69,0,0
BRDA:342,69,1,0
BRDA:342,69,2,0
BRDA:351,70,0,0
BRDA:351,70,1,0
BRF:137
BRH:0
end_of_record
TN:
SF:src\components\ui\checkbox.tsx
FN:10,(anonymous_7)
FNF:1
FNH:0
FNDA:0,(anonymous_7)
DA:1,1
DA:2,1
DA:3,1
DA:5,1
DA:7,1
DA:10,0
DA:26,1
DA:28,1
LF:8
LH:7
BRF:0
BRH:0
end_of_record
TN:
SF:src\components\ui\collapsible.tsx
FNF:0
FNH:0
DA:3,0
DA:5,0
DA:7,0
LF:3
LH:0
BRF:0
BRH:0
end_of_record
TN:
SF:src\components\ui\command.tsx
FN:12,(anonymous_1)
FN:26,(anonymous_2)
FN:41,(anonymous_3)
FN:60,(anonymous_4)
FN:73,(anonymous_5)
FN:86,(anonymous_6)
FN:102,(anonymous_7)
FN:114,(anonymous_8)
FN:127,(anonymous_9)
FNF:9
FNH:0
FNDA:0,(anonymous_1)
FNDA:0,(anonymous_2)
FNDA:0,(anonymous_3)
FNDA:0,(anonymous_4)
FNDA:0,(anonymous_5)
FNDA:0,(anonymous_6)
FNDA:0,(anonymous_7)
FNDA:0,(anonymous_8)
FNDA:0,(anonymous_9)
DA:9,0
DA:12,0
DA:22,0
DA:26,0
DA:27,0
DA:38,0
DA:41,0
DA:55,0
DA:57,0
DA:60,0
DA:68,0
DA:70,0
DA:74,0
DA:81,0
DA:83,0
DA:86,0
DA:97,0
DA:99,0
DA:102,0
DA:109,0
DA:111,0
DA:114,0
DA:125,0
DA:127,0
DA:128,0
DA:129,0
DA:131,0
DA:141,0
LF:28
LH:0
BRF:0
BRH:0
end_of_record
TN:
SF:src\components\ui\context-menu.tsx
FN:24,(anonymous_1)
FN:43,(anonymous_2)
FN:58,(anonymous_3)
FN:77,(anonymous_4)
FN:93,(anonymous_5)
FN:117,(anonymous_6)
FN:141,(anonymous_7)
FN:157,(anonymous_8)
FN:166,(anonymous_9)
FNF:9
FNH:0
FNDA:0,(anonymous_1)
FNDA:0,(anonymous_2)
FNDA:0,(anonymous_3)
FNDA:0,(anonymous_4)
FNDA:0,(anonymous_5)
FNDA:0,(anonymous_6)
FNDA:0,(anonymous_7)
FNDA:0,(anonymous_8)
FNDA:0,(anonymous_9)
DA:7,0
DA:9,0
DA:11,0
DA:13,0
DA:15,0
DA:17,0
DA:19,0
DA:24,0
DA:38,0
DA:40,0
DA:43,0
DA:53,0
DA:55,0
DA:58,0
DA:70,0
DA:72,0
DA:77,0
DA:88,0
DA:90,0
DA:93,0
DA:111,0
DA:114,0
DA:117,0
DA:134,0
DA:136,0
DA:141,0
DA:152,0
DA:154,0
DA:157,0
DA:164,0
DA:166,0
DA:167,0
DA:168,0
DA:170,0
DA:180,0
LF:35
LH:0
BRDA:29,0,0,0
BRDA:29,0,1,0
BRDA:82,1,0,0
BRDA:82,1,1,0
BRDA:146,2,0,0
BRDA:146,2,1,0
BRF:6
BRH:0
end_of_record
TN:
SF:src\components\ui\dialog.tsx
FN:18,(anonymous_7)
FN:33,(anonymous_8)
FN:54,(anonymous_9)
FN:68,(anonymous_10)
FN:85,(anonymous_11)
FN:100,(anonymous_12)
FNF:6
FNH:6
FNDA:2,(anonymous_7)
FNDA:2,(anonymous_8)
FNDA:1,(anonymous_9)
FNDA:1,(anonymous_10)
FNDA:1,(anonymous_11)
FNDA:1,(anonymous_12)
DA:1,2
DA:2,2
DA:3,2
DA:5,2
DA:7,2
DA:9,2
DA:11,2
DA:13,2
DA:15,2
DA:18,2
DA:28,2
DA:30,2
DA:33,2
DA:52,2
DA:54,2
DA:55,1
DA:56,1
DA:57,1
DA:66,2
DA:68,2
DA:69,1
DA:70,1
DA:71,1
DA:80,2
DA:82,2
DA:85,1
DA:95,2
DA:97,2
DA:100,1
DA:107,2
DA:110,2
DA:111,2
DA:112,2
DA:113,2
DA:114,2
DA:115,2
DA:116,2
DA:117,2
DA:118,2
DA:119,2
LF:40
LH:40
BRF:0
BRH:0
end_of_record
TN:
SF:src\components\ui\drawer.tsx
FN:6,(anonymous_1)
FN:26,(anonymous_2)
FN:38,(anonymous_3)
FN:56,(anonymous_4)
FN:67,(anonymous_5)
FN:81,(anonymous_6)
FN:96,(anonymous_7)
FNF:7
FNH:0
FNDA:0,(anonymous_1)
FNDA:0,(anonymous_2)
FNDA:0,(anonymous_3)
FNDA:0,(anonymous_4)
FNDA:0,(anonymous_5)
FNDA:0,(anonymous_6)
FNDA:0,(anonymous_7)
DA:6,0
DA:7,0
DA:8,0
DA:9,0
DA:15,0
DA:17,0
DA:19,0
DA:21,0
DA:23,0
DA:26,0
DA:33,0
DA:35,0
DA:38,0
DA:54,0
DA:56,0
DA:57,0
DA:58,0
DA:59,0
DA:65,0
DA:67,0
DA:68,0
DA:69,0
DA:70,0
DA:76,0
DA:78,0
DA:81,0
DA:91,0
DA:93,0
DA:96,0
DA:103,0
LF:30
LH:0
BRDA:7,0,0,0
BRF:1
BRH:0
end_of_record
TN:
SF:src\components\ui\dropdown-menu.tsx
FN:24,(anonymous_7)
FN:44,(anonymous_8)
FN:60,(anonymous_9)
FN:80,(anonymous_10)
FN:96,(anonymous_11)
FN:120,(anonymous_12)
FN:144,(anonymous_13)
FN:160,(anonymous_14)
FN:169,(anonymous_15)
FNF:9
FNH:4
FNDA:0,(anonymous_7)
FNDA:0,(anonymous_8)
FNDA:2,(anonymous_9)
FNDA:2,(anonymous_10)
FNDA:0,(anonymous_11)
FNDA:0,(anonymous_12)
FNDA:1,(anonymous_13)
FNDA:1,(anonymous_14)
FNDA:0,(anonymous_15)
DA:1,2
DA:2,2
DA:3,2
DA:5,2
DA:7,2
DA:9,2
DA:11,2
DA:13,2
DA:15,2
DA:17,2
DA:19,2
DA:24,0
DA:38,2
DA:41,2
DA:44,0
DA:54,2
DA:57,2
DA:60,2
DA:73,2
DA:75,2
DA:80,2
DA:91,2
DA:93,2
DA:96,0
DA:114,2
DA:117,2
DA:120,0
DA:137,2
DA:139,2
DA:144,1
DA:155,2
DA:157,2
DA:160,1
DA:167,2
DA:169,2
DA:170,0
DA:171,0
DA:173,0
DA:180,2
DA:183,2
DA:184,2
DA:185,2
DA:186,2
DA:187,2
DA:188,2
DA:189,2
DA:190,2
DA:191,2
DA:192,2
DA:193,2
DA:194,2
DA:195,2
DA:196,2
DA:197,2
LF:54
LH:47
BRDA:29,0,0,0
BRDA:29,0,1,0
BRDA:60,1,0,2
BRDA:85,2,0,2
BRDA:85,2,1,0
BRDA:149,3,0,1
BRDA:149,3,1,0
BRF:7
BRH:3
end_of_record
TN:
SF:src\components\ui\form.tsx
FN:29,(anonymous_7)
FN:42,(anonymous_8)
FN:76,(anonymous_9)
FN:90,(anonymous_10)
FN:107,(anonymous_11)
FN:129,(anonymous_12)
FN:146,(anonymous_13)
FNF:7
FNH:7
FNDA:3,(anonymous_7)
FNDA:12,(anonymous_8)
FNDA:3,(anonymous_9)
FNDA:3,(anonymous_10)
FNDA:3,(anonymous_11)
FNDA:3,(anonymous_12)
FNDA:3,(anonymous_13)
DA:1,2
DA:3,2
DA:4,2
DA:13,2
DA:14,2
DA:16,2
DA:25,2
DA:29,2
DA:33,3
DA:35,3
DA:42,2
DA:43,12
DA:44,12
DA:45,12
DA:47,12
DA:49,12
DA:50,0
DA:53,12
DA:55,12
DA:69,2
DA:73,2
DA:76,3
DA:77,3
DA:79,3
DA:85,2
DA:87,2
DA:90,3
DA:91,3
DA:93,3
DA:102,2
DA:104,2
DA:107,3
DA:108,3
DA:110,3
DA:124,2
DA:126,2
DA:129,3
DA:130,3
DA:132,3
DA:141,2
DA:143,2
DA:146,3
DA:147,3
DA:148,3
DA:150,3
DA:151,3
DA:154,0
DA:165,2
DA:168,2
DA:169,2
DA:170,2
DA:171,2
DA:172,2
DA:173,2
DA:174,2
DA:175,2
LF:56
LH:54
BRDA:49,0,0,0
BRDA:96,1,0,3
BRDA:96,1,1,0
BRDA:115,2,0,3
BRDA:115,2,1,0
BRDA:148,3,0,0
BRDA:148,3,1,3
BRDA:148,4,0,0
BRDA:148,4,1,0
BRDA:148,5,0,0
BRDA:148,5,1,0
BRDA:150,6,0,3
BRF:12
BRH:4
end_of_record
TN:
SF:src\components\ui\hover-card.tsx
FN:13,(anonymous_1)
FNF:1
FNH:0
FNDA:0,(anonymous_1)
DA:6,0
DA:8,0
DA:10,0
DA:13,0
DA:25,0
LF:5
LH:0
BRDA:13,0,0,0
BRDA:13,1,0,0
BRF:2
BRH:0
end_of_record
TN:
SF:src\components\ui\input-otp.tsx
FN:10,(anonymous_1)
FN:26,(anonymous_2)
FN:34,(anonymous_3)
FN:62,(anonymous_4)
FNF:4
FNH:0
FNDA:0,(anonymous_1)
FNDA:0,(anonymous_2)
FNDA:0,(anonymous_3)
FNDA:0,(anonymous_4)
DA:7,0
DA:10,0
DA:21,0
DA:23,0
DA:26,0
DA:29,0
DA:31,0
DA:34,0
DA:35,0
DA:36,0
DA:38,0
DA:57,0
DA:59,0
DA:62,0
DA:67,0
LF:15
LH:0
BRDA:43,0,0,0
BRDA:43,0,1,0
BRDA:49,1,0,0
BRDA:49,1,1,0
BRF:4
BRH:0
end_of_record
TN:
SF:src\components\ui\input.tsx
FN:6,(anonymous_7)
FNF:1
FNH:1
FNDA:10,(anonymous_7)
DA:1,3
DA:3,3
DA:5,3
DA:6,10
DA:7,10
DA:20,3
DA:22,3
LF:7
LH:7
BRF:0
BRH:0
end_of_record
TN:
SF:src\components\ui\label.tsx
FN:15,(anonymous_7)
FNF:1
FNH:1
FNDA:3,(anonymous_7)
DA:1,2
DA:2,2
DA:3,2
DA:5,2
DA:7,2
DA:11,2
DA:15,3
DA:22,2
DA:24,2
LF:9
LH:9
BRF:0
BRH:0
end_of_record
TN:
SF:src\components\ui\menubar.tsx
FN:20,(anonymous_1)
FN:35,(anonymous_2)
FN:52,(anonymous_3)
FN:71,(anonymous_4)
FN:87,(anonymous_5)
FN:113,(anonymous_6)
FN:129,(anonymous_7)
FN:152,(anonymous_8)
FN:176,(anonymous_9)
FN:192,(anonymous_10)
FN:201,(anonymous_11)
FNF:11
FNH:0
FNDA:0,(anonymous_1)
FNDA:0,(anonymous_2)
FNDA:0,(anonymous_3)
FNDA:0,(anonymous_4)
FNDA:0,(anonymous_5)
FNDA:0,(anonymous_6)
FNDA:0,(anonymous_7)
FNDA:0,(anonymous_8)
FNDA:0,(anonymous_9)
FNDA:0,(anonymous_10)
FNDA:0,(anonymous_11)
DA:7,0
DA:9,0
DA:11,0
DA:13,0
DA:15,0
DA:17,0
DA:20,0
DA:30,0
DA:32,0
DA:35,0
DA:45,0
DA:47,0
DA:52,0
DA:66,0
DA:68,0
DA:71,0
DA:81,0
DA:83,0
DA:88,0
DA:90,0
DA:106,0
DA:108,0
DA:113,0
DA:124,0
DA:126,0
DA:129,0
DA:147,0
DA:149,0
DA:152,0
DA:169,0
DA:171,0
DA:176,0
DA:187,0
DA:189,0
DA:192,0
DA:199,0
DA:201,0
DA:202,0
DA:203,0
DA:205,0
DA:215,0
LF:41
LH:0
BRDA:57,0,0,0
BRDA:57,0,1,0
BRDA:88,1,0,0
BRDA:88,2,0,0
BRDA:88,3,0,0
BRDA:118,4,0,0
BRDA:118,4,1,0
BRDA:181,5,0,0
BRDA:181,5,1,0
BRF:9
BRH:0
end_of_record
TN:
SF:src\components\ui\navigation-menu.tsx
FN:11,(anonymous_1)
FN:29,(anonymous_2)
FN:50,(anonymous_3)
FN:68,(anonymous_4)
FN:85,(anonymous_5)
FN:103,(anonymous_6)
FNF:6
FNH:0
FNDA:0,(anonymous_1)
FNDA:0,(anonymous_2)
FNDA:0,(anonymous_3)
FNDA:0,(anonymous_4)
FNDA:0,(anonymous_5)
FNDA:0,(anonymous_6)
DA:8,0
DA:11,0
DA:24,0
DA:26,0
DA:29,0
DA:39,0
DA:41,0
DA:43,0
DA:47,0
DA:50,0
DA:63,0
DA:65,0
DA:68,0
DA:78,0
DA:80,0
DA:82,0
DA:85,0
DA:97,0
DA:100,0
DA:103,0
DA:115,0
LF:21
LH:0
BRF:0
BRH:0
end_of_record
TN:
SF:src\components\ui\pagination.tsx
FN:7,(anonymous_1)
FN:20,(anonymous_2)
FN:32,(anonymous_3)
FN:42,(anonymous_4)
FN:62,(anonymous_5)
FN:78,(anonymous_6)
FN:94,(anonymous_7)
FNF:7
FNH:0
FNDA:0,(anonymous_1)
FNDA:0,(anonymous_2)
FNDA:0,(anonymous_3)
FNDA:0,(anonymous_4)
FNDA:0,(anonymous_5)
FNDA:0,(anonymous_6)
FNDA:0,(anonymous_7)
DA:7,0
DA:15,0
DA:17,0
DA:20,0
DA:27,0
DA:29,0
DA:32,0
DA:35,0
DA:42,0
DA:45,0
DA:46,0
DA:47,0
DA:60,0
DA:62,0
DA:63,0
DA:64,0
DA:65,0
DA:76,0
DA:78,0
DA:79,0
DA:80,0
DA:81,0
DA:92,0
DA:94,0
DA:95,0
DA:96,0
DA:97,0
DA:107,0
LF:28
LH:0
BRDA:45,0,0,0
BRDA:49,1,0,0
BRDA:49,1,1,0
BRDA:52,2,0,0
BRDA:52,2,1,0
BRF:5
BRH:0
end_of_record
TN:
SF:src\components\ui\popover.tsx
FN:13,(anonymous_7)
FNF:1
FNH:0
FNDA:0,(anonymous_7)
DA:1,1
DA:2,1
DA:4,1
DA:6,1
DA:8,1
DA:10,1
DA:13,0
DA:27,1
DA:29,1
LF:9
LH:8
BRDA:13,0,0,0
BRDA:13,1,0,0
BRF:2
BRH:0
end_of_record
TN:
SF:src\components\ui\progress.tsx
FN:12,(anonymous_7)
FNF:1
FNH:0
FNDA:0,(anonymous_7)
DA:2,1
DA:3,1
DA:5,1
DA:7,1
DA:12,0
DA:27,1
DA:29,1
LF:7
LH:6
BRDA:23,0,0,0
BRDA:23,0,1,0
BRF:2
BRH:0
end_of_record
TN:
SF:src\components\ui\radio-group.tsx
FN:10,(anonymous_1)
FN:24,(anonymous_2)
FNF:2
FNH:0
FNDA:0,(anonymous_1)
FNDA:0,(anonymous_2)
DA:7,0
DA:10,0
DA:11,0
DA:19,0
DA:21,0
DA:24,0
DA:25,0
DA:40,0
LF:8
LH:0
BRF:0
BRH:0
end_of_record
TN:
SF:src\components\ui\resizable.tsx
FN:6,(anonymous_1)
FN:21,(anonymous_2)
FNF:2
FNH:0
FNDA:0,(anonymous_1)
FNDA:0,(anonymous_2)
DA:6,0
DA:7,0
DA:8,0
DA:9,0
DA:19,0
DA:21,0
DA:23,0
DA:24,0
DA:27,0
LF:9
LH:0
BRDA:35,0,0,0
BRDA:35,0,1,0
BRF:2
BRH:0
end_of_record
TN:
SF:src\components\ui\scroll-area.tsx
FN:9,(anonymous_1)
FN:27,(anonymous_2)
FNF:2
FNH:0
FNDA:0,(anonymous_1)
FNDA:0,(anonymous_2)
DA:6,0
DA:9,0
DA:22,0
DA:24,0
DA:27,0
DA:44,0
LF:6
LH:0
BRDA:27,0,0,0
BRDA:33,1,0,0
BRDA:33,1,1,0
BRDA:35,2,0,0
BRDA:35,2,1,0
BRF:5
BRH:0
end_of_record
TN:
SF:src\components\ui\select.tsx
FN:16,(anonymous_7)
FN:36,(anonymous_8)
FN:53,(anonymous_9)
FN:71,(anonymous_10)
FN:103,(anonymous_11)
FN:115,(anonymous_12)
FN:138,(anonymous_13)
FNF:7
FNH:5
FNDA:7,(anonymous_7)
FNDA:7,(anonymous_8)
FNDA:7,(anonymous_9)
FNDA:7,(anonymous_10)
FNDA:0,(anonymous_11)
FNDA:9,(anonymous_12)
FNDA:0,(anonymous_13)
DA:1,2
DA:2,2
DA:3,2
DA:5,2
DA:7,2
DA:9,2
DA:11,2
DA:13,2
DA:16,7
DA:31,2
DA:33,2
DA:36,7
DA:48,2
DA:50,2
DA:53,7
DA:65,2
DA:68,2
DA:71,7
DA:98,2
DA:100,2
DA:103,0
DA:110,2
DA:112,2
DA:115,9
DA:133,2
DA:135,2
DA:138,0
DA:145,2
DA:148,2
DA:149,2
DA:150,2
DA:151,2
DA:152,2
DA:153,2
DA:154,2
DA:155,2
DA:156,2
DA:157,2
LF:38
LH:36
BRDA:71,0,0,7
BRDA:77,1,0,7
BRDA:77,1,1,7
BRDA:88,2,0,7
BRDA:88,2,1,7
BRF:5
BRH:5
end_of_record
TN:
SF:src\components\ui\separator.tsx
FN:10,(anonymous_7)
FNF:1
FNH:0
FNDA:0,(anonymous_7)
DA:1,1
DA:2,1
DA:4,1
DA:6,1
DA:11,0
DA:13,0
DA:27,1
DA:29,1
LF:8
LH:6
BRDA:11,0,0,0
BRDA:11,1,0,0
BRDA:20,2,0,0
BRDA:20,2,1,0
BRF:4
BRH:0
end_of_record
TN:
SF:src\components\ui\sheet.tsx
FN:19,(anonymous_7)
FN:57,(anonymous_8)
FN:75,(anonymous_9)
FN:89,(anonymous_10)
FN:106,(anonymous_11)
FN:118,(anonymous_12)
FNF:6
FNH:0
FNDA:0,(anonymous_7)
FNDA:0,(anonymous_8)
FNDA:0,(anonymous_9)
FNDA:0,(anonymous_10)
FNDA:0,(anonymous_11)
FNDA:0,(anonymous_12)
DA:1,1
DA:2,1
DA:3,1
DA:4,1
DA:6,1
DA:8,1
DA:10,1
DA:12,1
DA:14,1
DA:16,1
DA:19,0
DA:29,1
DA:31,1
DA:54,1
DA:57,0
DA:73,1
DA:75,1
DA:76,0
DA:77,0
DA:78,0
DA:87,1
DA:89,1
DA:90,0
DA:91,0
DA:92,0
DA:101,1
DA:103,1
DA:106,0
DA:113,1
DA:115,1
DA:118,0
DA:125,1
DA:128,1
DA:129,1
LF:34
LH:24
BRDA:57,0,0,0
BRF:1
BRH:0
end_of_record
TN:
SF:src\components\ui\sidebar.tsx
FN:39,useSidebar
FN:56,(anonymous_2)
FN:76,(anonymous_3)
FN:91,(anonymous_4)
FN:93,(anonymous_5)
FN:94,(anonymous_6)
FN:98,(anonymous_7)
FN:99,(anonymous_8)
FN:110,(anonymous_9)
FN:118,(anonymous_10)
FN:165,(anonymous_11)
FN:263,(anonymous_12)
FN:273,(anonymous_13)
FN:289,(anonymous_14)
FN:318,(anonymous_15)
FN:336,(anonymous_16)
FN:354,(anonymous_17)
FN:369,(anonymous_18)
FN:384,(anonymous_19)
FN:399,(anonymous_20)
FN:417,(anonymous_21)
FN:432,(anonymous_22)
FN:453,(anonymous_23)
FN:476,(anonymous_24)
FN:489,(anonymous_25)
FN:502,(anonymous_26)
FN:542,(anonymous_27)
FN:599,(anonymous_28)
FN:627,(anonymous_29)
FN:650,(anonymous_30)
FN:652,(anonymous_31)
FN:686,(anonymous_32)
FN:703,(anonymous_33)
FN:713,(anonymous_34)
FNF:34
FNH:0
FNDA:0,useSidebar
FNDA:0,(anonymous_2)
FNDA:0,(anonymous_3)
FNDA:0,(anonymous_4)
FNDA:0,(anonymous_5)
FNDA:0,(anonymous_6)
FNDA:0,(anonymous_7)
FNDA:0,(anonymous_8)
FNDA:0,(anonymous_9)
FNDA:0,(anonymous_10)
FNDA:0,(anonymous_11)
FNDA:0,(anonymous_12)
FNDA:0,(anonymous_13)
FNDA:0,(anonymous_14)
FNDA:0,(anonymous_15)
FNDA:0,(anonymous_16)
FNDA:0,(anonymous_17)
FNDA:0,(anonymous_18)
FNDA:0,(anonymous_19)
FNDA:0,(anonymous_20)
FNDA:0,(anonymous_21)
FNDA:0,(anonymous_22)
FNDA:0,(anonymous_23)
FNDA:0,(anonymous_24)
FNDA:0,(anonymous_25)
FNDA:0,(anonymous_26)
FNDA:0,(anonymous_27)
FNDA:0,(anonymous_28)
FNDA:0,(anonymous_29)
FNDA:0,(anonymous_30)
FNDA:0,(anonymous_31)
FNDA:0,(anonymous_32)
FNDA:0,(anonymous_33)
FNDA:0,(anonymous_34)
DA:20,0
DA:21,0
DA:22,0
DA:23,0
DA:24,0
DA:25,0
DA:37,0
DA:40,0
DA:41,0
DA:42,0
DA:45,0
DA:48,0
DA:63,0
DA:64,0
DA:68,0
DA:69,0
DA:73,0
DA:74,0
DA:75,0
DA:77,0
DA:78,0
DA:79,0
DA:81,0
DA:85,0
DA:91,0
DA:92,0
DA:93,0
DA:94,0
DA:98,0
DA:99,0
DA:100,0
DA:104,0
DA:105,0
DA:109,0
DA:110,0
DA:115,0
DA:117,0
DA:118,0
DA:130,0
DA:155,0
DA:157,0
DA:171,0
DA:172,0
DA:176,0
DA:178,0
DA:179,0
DA:193,0
DA:194,0
DA:213,0
DA:258,0
DA:260,0
DA:263,0
DA:264,0
DA:266,0
DA:274,0
DA:275,0
DA:284,0
DA:286,0
DA:289,0
DA:290,0
DA:292,0
DA:313,0
DA:315,0
DA:318,0
DA:319,0
DA:331,0
DA:333,0
DA:336,0
DA:337,0
DA:349,0
DA:351,0
DA:354,0
DA:355,0
DA:364,0
DA:366,0
DA:369,0
DA:370,0
DA:379,0
DA:381,0
DA:384,0
DA:385,0
DA:394,0
DA:396,0
DA:399,0
DA:400,0
DA:412,0
DA:414,0
DA:417,0
DA:418,0
DA:427,0
DA:429,0
DA:432,0
DA:433,0
DA:435,0
DA:448,0
DA:450,0
DA:453,0
DA:454,0
DA:456,0
DA:471,0
DA:473,0
DA:476,0
DA:484,0
DA:486,0
DA:489,0
DA:497,0
DA:499,0
DA:502,0
DA:510,0
DA:512,0
DA:534,0
DA:549,0
DA:550,0
DA:554,0
DA:555,0
DA:558,0
DA:568,0
DA:569,0
DA:572,0
DA:573,0
DA:578,0
DA:591,0
DA:593,0
DA:599,0
DA:600,0
DA:602,0
DA:622,0
DA:624,0
DA:627,0
DA:643,0
DA:645,0
DA:650,0
DA:652,0
DA:653,0
DA:656,0
DA:681,0
DA:683,0
DA:686,0
DA:698,0
DA:700,0
DA:703,0
DA:704,0
DA:706,0
DA:713,0
DA:714,0
DA:716,0
DA:734,0
LF:147
LH:0
BRDA:41,0,0,0
BRDA:58,1,0,0
BRDA:74,2,0,0
BRDA:74,2,1,0
BRDA:74,3,0,0
BRDA:74,3,1,0
BRDA:77,4,0,0
BRDA:77,4,1,0
BRDA:78,5,0,0
BRDA:78,5,1,0
BRDA:92,6,0,0
BRDA:92,6,1,0
BRDA:100,7,0,0
BRDA:101,8,0,0
BRDA:101,8,1,0
BRDA:101,8,2,0
BRDA:115,9,0,0
BRDA:115,9,1,0
BRDA:167,10,0,0
BRDA:168,11,0,0
BRDA:169,12,0,0
BRDA:178,13,0,0
BRDA:193,14,0,0
BRDA:218,15,0,0
BRDA:218,15,1,0
BRDA:228,16,0,0
BRDA:228,16,1,0
BRDA:228,17,0,0
BRDA:228,17,1,0
BRDA:236,18,0,0
BRDA:236,18,1,0
BRDA:240,19,0,0
BRDA:240,19,1,0
BRDA:240,20,0,0
BRDA:240,20,1,0
BRDA:274,21,0,0
BRDA:274,21,1,0
BRDA:274,22,0,0
BRDA:274,22,1,0
BRDA:432,23,0,0
BRDA:433,24,0,0
BRDA:433,24,1,0
BRDA:453,25,0,0
BRDA:454,26,0,0
BRDA:454,26,1,0
BRDA:544,27,0,0
BRDA:545,28,0,0
BRDA:546,29,0,0
BRDA:547,30,0,0
BRDA:554,31,0,0
BRDA:554,31,1,0
BRDA:568,32,0,0
BRDA:572,33,0,0
BRDA:584,34,0,0
BRDA:584,34,1,0
BRDA:599,35,0,0
BRDA:599,36,0,0
BRDA:600,37,0,0
BRDA:600,37,1,0
BRDA:614,38,0,0
BRDA:614,38,1,0
BRDA:650,39,0,0
BRDA:663,40,0,0
BRDA:663,40,1,0
BRDA:713,41,0,0
BRDA:713,42,0,0
BRDA:714,43,0,0
BRDA:714,43,1,0
BRDA:725,44,0,0
BRDA:725,44,1,0
BRDA:726,45,0,0
BRDA:726,45,1,0
BRF:72
BRH:0
end_of_record
TN:
SF:src\components\ui\skeleton.tsx
FN:3,Skeleton
FNF:1
FNH:1
FNDA:27,Skeleton
DA:1,2
DA:4,27
DA:5,27
DA:7,27
DA:15,2
LF:5
LH:5
BRF:0
BRH:0
end_of_record
TN:
SF:src\components\ui\slider.tsx
FN:9,(anonymous_1)
FNF:1
FNH:0
FNDA:0,(anonymous_1)
DA:6,0
DA:9,0
DA:24,0
LF:3
LH:0
BRF:0
BRH:0
end_of_record
TN:
SF:src\components\ui\sonner.tsx
FN:6,(anonymous_1)
FNF:1
FNH:1
FNDA:1,(anonymous_1)
DA:1,1
DA:2,1
DA:6,1
DA:7,1
DA:9,1
DA:29,1
LF:6
LH:6
BRDA:7,0,0,1
BRF:1
BRH:1
end_of_record
TN:
SF:src\components\ui\spinner.tsx
FN:8,Spinner
FN:9,(anonymous_1)
FNF:2
FNH:2
FNDA:4,Spinner
FNDA:4,(anonymous_1)
DA:8,2
DA:9,4
DA:10,4
DA:11,1
DA:12,1
DA:13,2
DA:17,4
LF:7
LH:7
BRDA:8,0,0,2
BRDA:8,1,0,3
BRDA:10,2,0,1
BRDA:10,2,1,1
BRDA:10,2,2,2
BRF:5
BRH:5
end_of_record
TN:
SF:src\components\ui\switch.tsx
FN:9,(anonymous_7)
FNF:1
FNH:0
FNDA:0,(anonymous_7)
DA:1,1
DA:2,1
DA:4,1
DA:6,1
DA:9,0
DA:25,1
DA:27,1
LF:7
LH:6
BRF:0
BRH:0
end_of_record
TN:
SF:src\components\ui\table.tsx
FN:8,(anonymous_7)
FN:22,(anonymous_8)
FN:30,(anonymous_9)
FN:42,(anonymous_10)
FN:57,(anonymous_11)
FN:72,(anonymous_12)
FN:87,(anonymous_13)
FN:99,(anonymous_14)
FNF:8
FNH:0
FNDA:0,(anonymous_7)
FNDA:0,(anonymous_8)
FNDA:0,(anonymous_9)
FNDA:0,(anonymous_10)
FNDA:0,(anonymous_11)
FNDA:0,(anonymous_12)
FNDA:0,(anonymous_13)
FNDA:0,(anonymous_14)
DA:1,1
DA:3,1
DA:5,1
DA:8,0
DA:17,1
DA:19,1
DA:22,0
DA:25,1
DA:27,1
DA:30,0
DA:37,1
DA:39,1
DA:42,0
DA:52,1
DA:54,1
DA:57,0
DA:67,1
DA:69,1
DA:72,0
DA:82,1
DA:84,1
DA:87,0
DA:94,1
DA:96,1
DA:99,0
DA:106,1
DA:109,1
DA:110,1
DA:111,1
DA:112,1
DA:113,1
DA:114,1
DA:115,1
DA:116,1
LF:34
LH:26
BRF:0
BRH:0
end_of_record
TN:
SF:src\components\ui\tabs.tsx
FN:11,(anonymous_7)
FN:26,(anonymous_8)
FN:41,(anonymous_9)
FNF:3
FNH:0
FNDA:0,(anonymous_7)
FNDA:0,(anonymous_8)
FNDA:0,(anonymous_9)
DA:1,1
DA:2,1
DA:4,1
DA:6,1
DA:8,1
DA:11,0
DA:21,1
DA:23,1
DA:26,0
DA:36,1
DA:38,1
DA:41,0
DA:51,1
DA:53,1
LF:14
LH:11
BRF:0
BRH:0
end_of_record
TN:
SF:src\components\ui\textarea.tsx
FN:9,(anonymous_7)
FNF:1
FNH:0
FNDA:0,(anonymous_7)
DA:1,1
DA:3,1
DA:8,1
DA:9,0
DA:10,0
DA:22,1
DA:24,1
LF:7
LH:5
BRF:0
BRH:0
end_of_record
TN:
SF:src\components\ui\toast.tsx
FN:13,(anonymous_7)
FN:45,(anonymous_8)
FN:59,(anonymous_9)
FN:74,(anonymous_10)
FN:92,(anonymous_11)
FN:104,(anonymous_12)
FNF:6
FNH:1
FNDA:1,(anonymous_7)
FNDA:0,(anonymous_8)
FNDA:0,(anonymous_9)
FNDA:0,(anonymous_10)
FNDA:0,(anonymous_11)
FNDA:0,(anonymous_12)
DA:1,1
DA:2,1
DA:3,1
DA:4,1
DA:6,1
DA:8,1
DA:10,1
DA:13,1
DA:23,1
DA:25,1
DA:41,1
DA:45,0
DA:46,0
DA:54,1
DA:56,1
DA:59,0
DA:69,1
DA:71,1
DA:74,0
DA:87,1
DA:89,1
DA:92,0
DA:99,1
DA:101,1
DA:104,0
DA:111,1
DA:120,1
DA:121,1
DA:122,1
DA:123,1
DA:124,1
DA:125,1
DA:126,1
LF:33
LH:27
BRF:0
BRH:0
end_of_record
TN:
SF:src\components\ui\toaster.tsx
FN:11,Toaster
FN:16,(anonymous_2)
FNF:2
FNH:1
FNDA:1,Toaster
FNDA:0,(anonymous_2)
DA:1,1
DA:2,1
DA:11,1
DA:12,1
DA:14,1
DA:16,0
DA:17,0
LF:7
LH:5
BRDA:20,0,0,0
BRDA:20,0,1,0
BRDA:21,1,0,0
BRDA:21,1,1,0
BRF:4
BRH:0
end_of_record
TN:
SF:src\components\ui\toggle-group.tsx
FN:19,(anonymous_1)
FN:37,(anonymous_2)
FNF:2
FNH:0
FNDA:0,(anonymous_1)
FNDA:0,(anonymous_2)
DA:8,0
DA:15,0
DA:19,0
DA:31,0
DA:33,0
DA:37,0
DA:38,0
DA:40,0
DA:57,0
LF:9
LH:0
BRDA:45,0,0,0
BRDA:45,0,1,0
BRDA:46,1,0,0
BRDA:46,1,1,0
BRF:4
BRH:0
end_of_record
TN:
SF:src\components\ui\toggle.tsx
FN:33,(anonymous_1)
FNF:1
FNH:0
FNDA:0,(anonymous_1)
DA:7,0
DA:29,0
DA:33,0
DA:41,0
LF:4
LH:0
BRF:0
BRH:0
end_of_record
TN:
SF:src\components\ui\tooltip.tsx
FN:15,(anonymous_7)
FNF:1
FNH:0
FNDA:0,(anonymous_7)
DA:1,1
DA:2,1
DA:4,1
DA:6,1
DA:8,1
DA:10,1
DA:12,1
DA:15,0
DA:26,1
DA:28,1
LF:10
LH:9
BRDA:15,0,0,0
BRF:1
BRH:0
end_of_record
TN:
SF:src\components\ui\use-toast.ts
FN:3,(anonymous_0)
FN:3,(anonymous_1)
FNF:2
FNH:1
FNDA:0,(anonymous_0)
FNDA:2,(anonymous_1)
DA:1,2
DA:3,4
LF:2
LH:2
BRF:0
BRH:0
end_of_record
TN:
SF:src\config\api.config.ts
FN:25,(anonymous_0)
FNF:1
FNH:0
FNDA:0,(anonymous_0)
DA:6,0
DA:25,0
DA:26,0
DA:27,0
DA:34,0
LF:5
LH:0
BRDA:26,0,0,0
BRF:1
BRH:0
end_of_record
TN:
SF:src\hooks\use-mobile.tsx
FN:5,useIsMobile
FN:8,(anonymous_7)
FN:10,(anonymous_8)
FN:15,(anonymous_9)
FNF:4
FNH:4
FNDA:9,useIsMobile
FNDA:4,(anonymous_7)
FNDA:1,(anonymous_8)
FNDA:4,(anonymous_9)
DA:1,1
DA:3,1
DA:5,1
DA:6,9
DA:8,9
DA:9,4
DA:10,4
DA:11,1
DA:13,4
DA:14,4
DA:15,4
DA:18,9
LF:12
LH:12
BRF:0
BRH:0
end_of_record
TN:
SF:src\hooks\use-toast.ts
FN:27,genId
FN:58,(anonymous_8)
FN:63,(anonymous_9)
FN:74,(anonymous_10)
FN:85,(anonymous_11)
FN:98,(anonymous_12)
FN:105,(anonymous_13)
FN:124,(anonymous_14)
FN:133,dispatch
FN:135,(anonymous_16)
FN:142,toast
FN:145,(anonymous_18)
FN:150,(anonymous_19)
FN:158,(anonymous_20)
FN:171,useToast
FN:174,(anonymous_22)
FN:176,(anonymous_23)
FN:187,(anonymous_24)
FNF:18
FNH:13
FNDA:6,genId
FNDA:2,(anonymous_8)
FNDA:1,(anonymous_9)
FNDA:9,(anonymous_10)
FNDA:0,(anonymous_11)
FNDA:0,(anonymous_12)
FNDA:2,(anonymous_13)
FNDA:1,(anonymous_14)
FNDA:9,dispatch
FNDA:7,(anonymous_16)
FNDA:6,toast
FNDA:0,(anonymous_18)
FNDA:0,(anonymous_19)
FNDA:0,(anonymous_20)
FNDA:8,useToast
FNDA:8,(anonymous_22)
FNDA:8,(anonymous_23)
FNDA:2,(anonymous_24)
DA:1,3
DA:8,3
DA:9,3
DA:18,3
DA:25,3
DA:28,6
DA:29,6
DA:56,3
DA:58,3
DA:59,2
DA:60,0
DA:63,2
DA:64,1
DA:65,1
DA:71,2
DA:74,3
DA:75,9
DA:77,6
DA:83,0
DA:86,0
DA:91,2
DA:95,2
DA:96,2
DA:98,0
DA:99,0
DA:103,2
DA:106,2
DA:116,1
DA:117,0
DA:122,1
DA:124,1
DA:129,3
DA:131,3
DA:134,9
DA:135,9
DA:136,7
DA:142,6
DA:143,6
DA:145,6
DA:146,0
DA:150,6
DA:152,6
DA:159,0
DA:164,6
DA:172,8
DA:174,8
DA:175,8
DA:176,8
DA:177,8
DA:178,8
DA:179,8
DA:184,8
DA:187,2
DA:191,3
LF:54
LH:46
BRDA:59,0,0,0
BRDA:75,1,0,6
BRDA:75,1,1,0
BRDA:75,1,2,2
BRDA:75,1,3,1
BRDA:86,2,0,0
BRDA:86,2,1,0
BRDA:95,3,0,2
BRDA:95,3,1,0
BRDA:106,4,0,2
BRDA:106,4,1,0
BRDA:106,5,0,2
BRDA:106,5,1,0
BRDA:116,6,0,0
BRDA:159,7,0,0
BRDA:178,8,0,8
BRF:16
BRH:7
end_of_record
TN:
SF:src\lib\utils.ts
FN:4,cn
FNF:1
FNH:1
FNDA:148,cn
DA:1,10
DA:2,10
DA:4,10
DA:5,148
LF:4
LH:4
BRF:0
BRH:0
end_of_record
TN:
SF:src\pages\Customers.tsx
FN:29,(anonymous_7)
FN:33,(anonymous_8)
FN:38,Customers
FN:48,(anonymous_10)
FN:48,(anonymous_11)
FN:103,(anonymous_12)
FN:108,(anonymous_13)
FN:108,(anonymous_14)
FN:159,(anonymous_15)
FN:159,(anonymous_16)
FN:206,(anonymous_17)
FN:212,(anonymous_18)
FN:220,(anonymous_19)
FN:220,(anonymous_20)
FN:274,(anonymous_21)
FN:284,(anonymous_22)
FN:290,(anonymous_23)
FN:299,(anonymous_24)
FN:300,(anonymous_25)
FN:301,(anonymous_26)
FN:312,(anonymous_27)
FN:370,(anonymous_28)
FN:381,(anonymous_29)
FN:382,(anonymous_30)
FN:383,(anonymous_31)
FN:384,(anonymous_32)
FN:423,(anonymous_33)
FN:467,(anonymous_34)
FN:472,(anonymous_35)
FN:476,(anonymous_36)
FN:482,(anonymous_37)
FN:509,(anonymous_38)
FN:527,(anonymous_39)
FNF:33
FNH:0
FNDA:0,(anonymous_7)
FNDA:0,(anonymous_8)
FNDA:0,Customers
FNDA:0,(anonymous_10)
FNDA:0,(anonymous_11)
FNDA:0,(anonymous_12)
FNDA:0,(anonymous_13)
FNDA:0,(anonymous_14)
FNDA:0,(anonymous_15)
FNDA:0,(anonymous_16)
FNDA:0,(anonymous_17)
FNDA:0,(anonymous_18)
FNDA:0,(anonymous_19)
FNDA:0,(anonymous_20)
FNDA:0,(anonymous_21)
FNDA:0,(anonymous_22)
FNDA:0,(anonymous_23)
FNDA:0,(anonymous_24)
FNDA:0,(anonymous_25)
FNDA:0,(anonymous_26)
FNDA:0,(anonymous_27)
FNDA:0,(anonymous_28)
FNDA:0,(anonymous_29)
FNDA:0,(anonymous_30)
FNDA:0,(anonymous_31)
FNDA:0,(anonymous_32)
FNDA:0,(anonymous_33)
FNDA:0,(anonymous_34)
FNDA:0,(anonymous_35)
FNDA:0,(anonymous_36)
FNDA:0,(anonymous_37)
FNDA:0,(anonymous_38)
FNDA:0,(anonymous_39)
DA:1,1
DA:2,1
DA:3,1
DA:4,1
DA:5,1
DA:6,1
DA:7,1
DA:13,1
DA:14,1
DA:16,1
DA:17,1
DA:18,1
DA:25,1
DA:29,1
DA:30,0
DA:31,0
DA:33,0
DA:38,1
DA:39,0
DA:40,0
DA:41,0
DA:42,0
DA:43,0
DA:44,0
DA:45,0
DA:48,0
DA:49,0
DA:50,0
DA:52,0
DA:53,0
DA:54,0
DA:55,0
DA:58,0
DA:59,0
DA:63,0
DA:64,0
DA:66,0
DA:76,0
DA:77,0
DA:78,0
DA:80,0
DA:81,0
DA:82,0
DA:84,0
DA:85,0
DA:92,0
DA:93,0
DA:99,0
DA:103,0
DA:104,0
DA:108,0
DA:109,0
DA:110,0
DA:111,0
DA:112,0
DA:114,0
DA:115,0
DA:117,0
DA:118,0
DA:120,0
DA:129,0
DA:130,0
DA:131,0
DA:133,0
DA:134,0
DA:135,0
DA:139,0
DA:141,0
DA:142,0
DA:149,0
DA:150,0
DA:159,0
DA:160,0
DA:161,0
DA:162,0
DA:163,0
DA:165,0
DA:166,0
DA:168,0
DA:176,0
DA:177,0
DA:178,0
DA:180,0
DA:181,0
DA:182,0
DA:186,0
DA:188,0
DA:189,0
DA:196,0
DA:197,0
DA:206,0
DA:207,0
DA:208,0
DA:212,0
DA:213,0
DA:214,0
DA:215,0
DA:216,0
DA:220,0
DA:221,0
DA:222,0
DA:223,0
DA:224,0
DA:226,0
DA:230,0
DA:232,0
DA:233,0
DA:235,0
DA:244,0
DA:245,0
DA:246,0
DA:248,0
DA:249,0
DA:250,0
DA:254,0
DA:256,0
DA:257,0
DA:264,0
DA:265,0
DA:274,0
DA:275,0
DA:276,0
DA:277,0
DA:279,0
DA:284,0
DA:285,0
DA:286,0
DA:290,0
DA:291,0
DA:292,0
DA:299,0
DA:300,0
DA:301,0
DA:303,0
DA:312,0
DA:370,0
DA:381,0
DA:382,0
DA:383,0
DA:384,0
DA:424,0
DA:467,0
DA:472,0
DA:476,0
DA:482,0
DA:509,0
DA:527,0
LF:147
LH:15
BRDA:30,0,0,0
BRDA:54,1,0,0
BRDA:58,2,0,0
BRDA:58,2,1,0
BRDA:64,3,0,0
BRDA:64,3,1,0
BRDA:80,4,0,0
BRDA:80,4,1,0
BRDA:80,5,0,0
BRDA:80,5,1,0
BRDA:84,6,0,0
BRDA:84,6,1,0
BRDA:118,7,0,0
BRDA:118,7,1,0
BRDA:133,8,0,0
BRDA:133,8,1,0
BRDA:141,9,0,0
BRDA:141,9,1,0
BRDA:144,10,0,0
BRDA:144,10,1,0
BRDA:166,11,0,0
BRDA:166,11,1,0
BRDA:180,12,0,0
BRDA:180,12,1,0
BRDA:188,13,0,0
BRDA:188,13,1,0
BRDA:191,14,0,0
BRDA:191,14,1,0
BRDA:233,15,0,0
BRDA:233,15,1,0
BRDA:248,16,0,0
BRDA:248,16,1,0
BRDA:256,17,0,0
BRDA:256,17,1,0
BRDA:259,18,0,0
BRDA:259,18,1,0
BRDA:275,19,0,0
BRDA:285,20,0,0
BRDA:286,21,0,0
BRDA:286,21,1,0
BRDA:286,22,0,0
BRDA:286,22,1,0
BRDA:292,23,0,0
BRDA:292,23,1,0
BRDA:292,23,2,0
BRDA:292,23,3,0
BRDA:292,23,4,0
BRDA:292,23,5,0
BRDA:292,23,6,0
BRDA:336,24,0,0
BRDA:336,24,1,0
BRDA:347,25,0,0
BRDA:347,25,1,0
BRDA:377,26,0,0
BRDA:377,26,1,0
BRDA:410,27,0,0
BRDA:410,27,1,0
BRDA:416,28,0,0
BRDA:416,28,1,0
BRDA:432,29,0,0
BRDA:432,29,1,0
BRDA:439,30,0,0
BRDA:439,30,1,0
BRDA:441,31,0,0
BRDA:441,31,1,0
BRDA:446,32,0,0
BRDA:446,32,1,0
BRDA:449,33,0,0
BRDA:449,33,1,0
BRDA:451,34,0,0
BRDA:451,34,1,0
BRDA:454,35,0,0
BRDA:454,35,1,0
BRDA:455,36,0,0
BRDA:455,36,1,0
BRDA:475,37,0,0
BRDA:475,37,1,0
BRF:77
BRH:0
end_of_record
TN:
SF:src\pages\Dashboard.tsx
FN:11,Dashboard
FN:21,(anonymous_8)
FN:22,(anonymous_9)
FN:22,(anonymous_10)
FN:37,(anonymous_11)
FN:41,(anonymous_12)
FN:58,(anonymous_13)
FN:74,(anonymous_14)
FN:76,(anonymous_15)
FN:167,DashboardSkeleton
FN:176,(anonymous_17)
FNF:11
FNH:6
FNDA:5,Dashboard
FNDA:3,(anonymous_8)
FNDA:3,(anonymous_9)
FNDA:3,(anonymous_10)
FNDA:0,(anonymous_11)
FNDA:0,(anonymous_12)
FNDA:0,(anonymous_13)
FNDA:0,(anonymous_14)
FNDA:0,(anonymous_15)
FNDA:3,DashboardSkeleton
FNDA:12,(anonymous_17)
DA:1,2
DA:2,2
DA:3,2
DA:4,2
DA:5,2
DA:6,2
DA:7,2
DA:8,2
DA:9,2
DA:11,2
DA:13,5
DA:14,5
DA:15,5
DA:16,5
DA:17,5
DA:18,5
DA:21,5
DA:22,3
DA:23,3
DA:24,3
DA:26,3
DA:27,2
DA:28,2
DA:30,0
DA:34,2
DA:35,2
DA:37,2
DA:42,0
DA:49,2
DA:53,2
DA:54,2
DA:56,2
DA:58,0
DA:66,2
DA:70,2
DA:71,0
DA:73,0
DA:74,0
DA:76,0
DA:83,0
DA:86,0
DA:88,2
DA:89,2
DA:95,2
DA:99,3
DA:102,5
DA:103,3
DA:106,2
DA:168,3
DA:177,12
LF:50
LH:41
BRDA:27,0,0,2
BRDA:27,0,1,0
BRDA:27,1,0,2
BRDA:27,1,1,2
BRDA:35,2,0,2
BRDA:35,3,0,2
BRDA:35,3,1,2
BRDA:39,4,0,0
BRDA:39,4,1,0
BRDA:40,5,0,0
BRDA:40,5,1,0
BRDA:42,6,0,0
BRDA:42,6,1,0
BRDA:42,7,0,0
BRDA:42,7,1,0
BRDA:42,8,0,0
BRDA:42,8,1,0
BRDA:45,9,0,0
BRDA:45,9,1,0
BRDA:45,9,2,0
BRDA:46,10,0,0
BRDA:46,10,1,0
BRDA:46,10,2,0
BRDA:54,11,0,2
BRDA:54,12,0,2
BRDA:54,12,1,2
BRDA:59,13,0,0
BRDA:59,13,1,0
BRDA:60,14,0,0
BRDA:60,14,1,0
BRDA:61,15,0,0
BRDA:61,15,1,0
BRDA:61,15,2,0
BRDA:62,16,0,0
BRDA:62,16,1,0
BRDA:62,16,2,0
BRDA:62,16,3,0
BRDA:63,17,0,0
BRDA:63,17,1,0
BRDA:63,17,2,0
BRDA:64,18,0,0
BRDA:64,18,1,0
BRDA:71,19,0,0
BRDA:71,20,0,0
BRDA:71,20,1,0
BRDA:74,21,0,0
BRDA:74,21,1,0
BRDA:74,22,0,0
BRDA:74,22,1,0
BRDA:77,23,0,0
BRDA:77,23,1,0
BRDA:78,24,0,0
BRDA:78,24,1,0
BRDA:79,25,0,0
BRDA:79,25,1,0
BRDA:80,26,0,0
BRDA:80,26,1,0
BRDA:80,26,2,0
BRDA:81,27,0,0
BRDA:81,27,1,0
BRDA:81,28,0,0
BRDA:81,28,1,0
BRDA:81,28,2,0
BRDA:102,29,0,3
BRDA:119,30,0,0
BRDA:119,30,1,2
BRDA:119,31,0,2
BRDA:119,31,1,0
BRDA:119,32,0,2
BRDA:119,32,1,2
BRDA:119,33,0,0
BRDA:119,33,1,2
BRDA:119,34,0,2
BRDA:119,34,1,2
BRDA:122,35,0,0
BRDA:122,35,1,2
BRDA:122,36,0,2
BRDA:122,36,1,0
BRDA:122,37,0,2
BRDA:122,37,1,2
BRDA:122,38,0,0
BRDA:122,38,1,2
BRDA:122,39,0,2
BRDA:122,39,1,2
BRDA:122,40,0,0
BRDA:122,40,1,2
BRDA:122,41,0,2
BRDA:122,41,1,0
BRDA:122,42,0,2
BRDA:122,42,1,2
BRDA:122,43,0,0
BRDA:122,43,1,2
BRDA:122,44,0,2
BRDA:122,44,1,2
BRDA:123,45,0,0
BRDA:123,45,1,2
BRDA:123,46,0,2
BRDA:123,46,1,0
BRDA:123,47,0,2
BRDA:123,47,1,2
BRDA:123,48,0,0
BRDA:123,48,1,2
BRDA:123,49,0,2
BRDA:123,49,1,2
BRDA:123,50,0,0
BRDA:123,50,1,0
BRDA:127,51,0,0
BRDA:127,51,1,2
BRDA:127,52,0,2
BRDA:127,52,1,0
BRDA:127,53,0,2
BRDA:127,53,1,2
BRDA:127,54,0,0
BRDA:127,54,1,2
BRDA:127,55,0,2
BRDA:127,55,1,2
BRDA:130,56,0,0
BRDA:130,56,1,2
BRDA:130,57,0,2
BRDA:130,57,1,0
BRDA:130,58,0,2
BRDA:130,58,1,2
BRDA:130,59,0,0
BRDA:130,59,1,2
BRDA:130,60,0,2
BRDA:130,60,1,2
BRDA:130,61,0,0
BRDA:130,61,1,2
BRDA:130,62,0,2
BRDA:130,62,1,0
BRDA:130,63,0,2
BRDA:130,63,1,2
BRDA:130,64,0,0
BRDA:130,64,1,2
BRDA:130,65,0,2
BRDA:130,65,1,2
BRDA:131,66,0,0
BRDA:131,66,1,2
BRDA:131,67,0,2
BRDA:131,67,1,0
BRDA:131,68,0,2
BRDA:131,68,1,2
BRDA:131,69,0,0
BRDA:131,69,1,2
BRDA:131,70,0,2
BRDA:131,70,1,2
BRDA:131,71,0,0
BRDA:131,71,1,0
BRDA:135,72,0,2
BRDA:135,72,1,2
BRDA:135,73,0,2
BRDA:135,73,1,0
BRDA:135,74,0,2
BRDA:135,74,1,2
BRDA:135,75,0,2
BRDA:135,75,1,0
BRDA:135,76,0,2
BRDA:135,76,1,2
BRDA:135,77,0,0
BRDA:135,77,1,2
BRDA:135,78,0,2
BRDA:135,78,1,2
BRDA:138,79,0,0
BRDA:138,79,1,2
BRDA:138,80,0,2
BRDA:138,80,1,0
BRDA:138,81,0,2
BRDA:138,81,1,2
BRDA:138,82,0,0
BRDA:138,82,1,2
BRDA:138,83,0,2
BRDA:138,83,1,2
BRDA:138,84,0,0
BRDA:138,84,1,2
BRDA:138,85,0,2
BRDA:138,85,1,0
BRDA:138,86,0,2
BRDA:138,86,1,2
BRDA:138,87,0,0
BRDA:138,87,1,2
BRDA:138,88,0,2
BRDA:138,88,1,2
BRDA:139,89,0,0
BRDA:139,89,1,2
BRDA:139,90,0,2
BRDA:139,90,1,0
BRDA:139,91,0,2
BRDA:139,91,1,2
BRDA:139,92,0,0
BRDA:139,92,1,2
BRDA:139,93,0,2
BRDA:139,93,1,2
BRDA:139,94,0,0
BRDA:139,94,1,0
BRDA:143,95,0,2
BRDA:143,95,1,2
BRDA:143,96,0,2
BRDA:143,96,1,0
BRDA:143,97,0,2
BRDA:143,97,1,2
BRDA:143,98,0,2
BRDA:143,98,1,0
BRDA:143,99,0,2
BRDA:143,99,1,2
BRDA:143,100,0,0
BRDA:143,100,1,2
BRDA:143,101,0,2
BRDA:143,101,1,2
BRDA:146,102,0,0
BRDA:146,102,1,2
BRDA:146,103,0,2
BRDA:146,103,1,0
BRDA:146,104,0,2
BRDA:146,104,1,2
BRDA:146,105,0,0
BRDA:146,105,1,2
BRDA:146,106,0,2
BRDA:146,106,1,2
BRDA:146,107,0,0
BRDA:146,107,1,2
BRDA:146,108,0,2
BRDA:146,108,1,0
BRDA:146,109,0,2
BRDA:146,109,1,2
BRDA:146,110,0,0
BRDA:146,110,1,2
BRDA:146,111,0,2
BRDA:146,111,1,2
BRDA:147,112,0,0
BRDA:147,112,1,2
BRDA:147,113,0,2
BRDA:147,113,1,0
BRDA:147,114,0,2
BRDA:147,114,1,2
BRDA:147,115,0,0
BRDA:147,115,1,2
BRDA:147,116,0,2
BRDA:147,116,1,2
BRDA:147,117,0,0
BRDA:147,117,1,0
BRDA:153,118,0,0
BRDA:153,118,1,2
BRDA:156,119,0,0
BRDA:156,119,1,2
BRDA:159,120,0,0
BRDA:159,120,1,2
BRF:246
BRH:133
end_of_record
TN:
SF:src\pages\Employees.tsx
FN:29,(anonymous_7)
FN:32,(anonymous_8)
FN:37,Employees
FN:47,(anonymous_10)
FN:47,(anonymous_11)
FN:102,(anonymous_12)
FN:107,(anonymous_13)
FN:107,(anonymous_14)
FN:160,(anonymous_15)
FN:160,(anonymous_16)
FN:207,(anonymous_17)
FN:213,(anonymous_18)
FN:223,(anonymous_19)
FN:229,(anonymous_20)
FN:238,(anonymous_21)
FN:245,(anonymous_22)
FN:289,(anonymous_23)
FN:300,(anonymous_24)
FN:301,(anonymous_25)
FN:302,(anonymous_26)
FN:303,(anonymous_27)
FN:304,(anonymous_28)
FN:343,(anonymous_29)
FN:384,(anonymous_30)
FN:390,(anonymous_31)
FN:395,(anonymous_32)
FN:401,(anonymous_33)
FN:427,(anonymous_34)
FN:431,(anonymous_35)
FN:448,(anonymous_36)
FN:453,(anonymous_37)
FNF:31
FNH:0
FNDA:0,(anonymous_7)
FNDA:0,(anonymous_8)
FNDA:0,Employees
FNDA:0,(anonymous_10)
FNDA:0,(anonymous_11)
FNDA:0,(anonymous_12)
FNDA:0,(anonymous_13)
FNDA:0,(anonymous_14)
FNDA:0,(anonymous_15)
FNDA:0,(anonymous_16)
FNDA:0,(anonymous_17)
FNDA:0,(anonymous_18)
FNDA:0,(anonymous_19)
FNDA:0,(anonymous_20)
FNDA:0,(anonymous_21)
FNDA:0,(anonymous_22)
FNDA:0,(anonymous_23)
FNDA:0,(anonymous_24)
FNDA:0,(anonymous_25)
FNDA:0,(anonymous_26)
FNDA:0,(anonymous_27)
FNDA:0,(anonymous_28)
FNDA:0,(anonymous_29)
FNDA:0,(anonymous_30)
FNDA:0,(anonymous_31)
FNDA:0,(anonymous_32)
FNDA:0,(anonymous_33)
FNDA:0,(anonymous_34)
FNDA:0,(anonymous_35)
FNDA:0,(anonymous_36)
FNDA:0,(anonymous_37)
DA:1,1
DA:2,1
DA:3,1
DA:4,1
DA:5,1
DA:6,1
DA:7,1
DA:13,1
DA:14,1
DA:16,1
DA:17,1
DA:25,1
DA:26,1
DA:29,1
DA:30,0
DA:32,0
DA:37,1
DA:38,0
DA:39,0
DA:40,0
DA:41,0
DA:42,0
DA:43,0
DA:44,0
DA:47,0
DA:48,0
DA:49,0
DA:51,0
DA:52,0
DA:53,0
DA:54,0
DA:57,0
DA:58,0
DA:62,0
DA:63,0
DA:65,0
DA:75,0
DA:76,0
DA:77,0
DA:79,0
DA:80,0
DA:81,0
DA:83,0
DA:84,0
DA:91,0
DA:92,0
DA:98,0
DA:102,0
DA:103,0
DA:107,0
DA:108,0
DA:109,0
DA:112,0
DA:113,0
DA:115,0
DA:116,0
DA:118,0
DA:119,0
DA:121,0
DA:130,0
DA:131,0
DA:132,0
DA:134,0
DA:135,0
DA:136,0
DA:140,0
DA:142,0
DA:143,0
DA:150,0
DA:151,0
DA:160,0
DA:161,0
DA:162,0
DA:163,0
DA:164,0
DA:166,0
DA:167,0
DA:169,0
DA:177,0
DA:178,0
DA:179,0
DA:181,0
DA:182,0
DA:183,0
DA:187,0
DA:189,0
DA:190,0
DA:197,0
DA:198,0
DA:207,0
DA:208,0
DA:209,0
DA:213,0
DA:214,0
DA:215,0
DA:216,0
DA:218,0
DA:223,0
DA:224,0
DA:225,0
DA:229,0
DA:230,0
DA:231,0
DA:238,0
DA:239,0
DA:241,0
DA:245,0
DA:289,0
DA:300,0
DA:301,0
DA:302,0
DA:303,0
DA:304,0
DA:344,0
DA:384,0
DA:390,0
DA:395,0
DA:401,0
DA:428,0
DA:429,0
DA:431,0
DA:449,0
DA:450,0
DA:451,0
DA:454,0
DA:455,0
LF:126
LH:15
BRDA:53,0,0,0
BRDA:57,1,0,0
BRDA:57,1,1,0
BRDA:63,2,0,0
BRDA:63,2,1,0
BRDA:79,3,0,0
BRDA:79,3,1,0
BRDA:79,4,0,0
BRDA:79,4,1,0
BRDA:83,5,0,0
BRDA:83,5,1,0
BRDA:119,6,0,0
BRDA:119,6,1,0
BRDA:134,7,0,0
BRDA:134,7,1,0
BRDA:142,8,0,0
BRDA:142,8,1,0
BRDA:145,9,0,0
BRDA:145,9,1,0
BRDA:167,10,0,0
BRDA:167,10,1,0
BRDA:181,11,0,0
BRDA:181,11,1,0
BRDA:189,12,0,0
BRDA:189,12,1,0
BRDA:192,13,0,0
BRDA:192,13,1,0
BRDA:214,14,0,0
BRDA:224,15,0,0
BRDA:225,16,0,0
BRDA:225,16,1,0
BRDA:225,17,0,0
BRDA:225,17,1,0
BRDA:231,18,0,0
BRDA:231,18,1,0
BRDA:231,18,2,0
BRDA:231,18,3,0
BRDA:231,18,4,0
BRDA:231,18,5,0
BRDA:231,18,6,0
BRDA:296,19,0,0
BRDA:296,19,1,0
BRDA:330,20,0,0
BRDA:330,20,1,0
BRDA:336,21,0,0
BRDA:336,21,1,0
BRDA:353,22,0,0
BRDA:353,22,1,0
BRDA:357,23,0,0
BRDA:357,23,1,0
BRDA:359,24,0,0
BRDA:359,24,1,0
BRDA:364,25,0,0
BRDA:364,25,1,0
BRDA:369,26,0,0
BRDA:369,26,1,0
BRDA:370,27,0,0
BRDA:370,27,1,0
BRDA:374,28,0,0
BRDA:374,28,1,0
BRDA:389,29,0,0
BRDA:389,29,1,0
BRDA:394,30,0,0
BRDA:394,30,1,0
BRF:64
BRH:0
end_of_record
TN:
SF:src\pages\Finance.tsx
FN:140,Finance
FN:150,(anonymous_1)
FN:153,(anonymous_2)
FN:159,(anonymous_3)
FN:160,(anonymous_4)
FN:164,(anonymous_5)
FN:169,(anonymous_6)
FN:256,(anonymous_7)
FN:308,(anonymous_8)
FN:353,(anonymous_9)
FN:382,(anonymous_10)
FN:383,(anonymous_11)
FNF:12
FNH:0
FNDA:0,Finance
FNDA:0,(anonymous_1)
FNDA:0,(anonymous_2)
FNDA:0,(anonymous_3)
FNDA:0,(anonymous_4)
FNDA:0,(anonymous_5)
FNDA:0,(anonymous_6)
FNDA:0,(anonymous_7)
FNDA:0,(anonymous_8)
FNDA:0,(anonymous_9)
FNDA:0,(anonymous_10)
FNDA:0,(anonymous_11)
DA:2,1
DA:3,1
DA:4,1
DA:5,1
DA:6,1
DA:7,1
DA:8,1
DA:9,1
DA:15,1
DA:17,1
DA:18,1
DA:21,1
DA:88,1
DA:140,1
DA:141,0
DA:142,0
DA:143,0
DA:149,0
DA:151,0
DA:154,0
DA:159,0
DA:160,0
DA:161,0
DA:164,0
DA:165,0
DA:166,0
DA:169,0
DA:170,0
DA:171,0
DA:174,0
DA:256,0
DA:309,0
DA:354,0
DA:382,0
DA:384,0
LF:35
LH:14
BRDA:149,0,0,0
BRDA:149,0,1,0
BRDA:151,1,0,0
BRDA:151,1,1,0
BRDA:154,2,0,0
BRDA:154,2,1,0
BRDA:165,3,0,0
BRDA:165,3,1,0
BRDA:170,4,0,0
BRDA:170,4,1,0
BRDA:185,5,0,0
BRDA:185,5,1,0
BRDA:191,6,0,0
BRDA:191,6,1,0
BRDA:196,7,0,0
BRDA:196,7,1,0
BRDA:267,8,0,0
BRDA:267,8,1,0
BRDA:287,9,0,0
BRDA:287,9,1,0
BRDA:318,10,0,0
BRDA:318,10,1,0
BRDA:320,11,0,0
BRDA:320,11,1,0
BRDA:376,12,0,0
BRDA:376,12,1,0
BRDA:381,13,0,0
BRDA:381,13,1,0
BRDA:388,14,0,0
BRDA:388,14,1,0
BRDA:405,15,0,0
BRDA:405,15,1,0
BRF:32
BRH:0
end_of_record
TN:
SF:src\pages\Index.tsx
FN:5,(anonymous_0)
FN:8,(anonymous_1)
FNF:2
FNH:0
FNDA:0,(anonymous_0)
FNDA:0,(anonymous_1)
DA:2,1
DA:3,1
DA:5,1
DA:6,0
DA:8,0
DA:10,0
DA:13,0
DA:16,1
LF:8
LH:4
BRF:0
BRH:0
end_of_record
TN:
SF:src\pages\Inventory.tsx
FN:34,Inventory
FN:40,(anonymous_1)
FN:42,(anonymous_2)
FN:71,(anonymous_3)
FN:130,(anonymous_4)
FN:189,(anonymous_5)
FNF:6
FNH:0
FNDA:0,Inventory
FNDA:0,(anonymous_1)
FNDA:0,(anonymous_2)
FNDA:0,(anonymous_3)
FNDA:0,(anonymous_4)
FNDA:0,(anonymous_5)
DA:2,1
DA:3,1
DA:4,1
DA:5,1
DA:6,1
DA:7,1
DA:8,1
DA:9,1
DA:17,1
DA:25,1
DA:34,1
DA:35,0
DA:36,0
DA:39,0
DA:41,0
DA:43,0
DA:47,0
DA:71,0
DA:131,0
DA:190,0
LF:20
LH:11
BRDA:39,0,0,0
BRDA:39,0,1,0
BRDA:43,1,0,0
BRDA:43,1,1,0
BRDA:53,2,0,0
BRDA:53,2,1,0
BRDA:68,3,0,0
BRDA:68,3,1,0
BRDA:82,4,0,0
BRDA:82,4,1,0
BRF:10
BRH:0
end_of_record
TN:
SF:src\pages\Maintenance.tsx
FN:28,Maintenance
FN:37,(anonymous_8)
FN:37,(anonymous_9)
FN:72,(anonymous_10)
FN:77,(anonymous_11)
FN:77,(anonymous_12)
FN:105,(anonymous_13)
FN:105,(anonymous_14)
FN:133,(anonymous_15)
FN:139,(anonymous_16)
FN:146,(anonymous_17)
FN:157,(anonymous_18)
FN:158,(anonymous_19)
FN:159,(anonymous_20)
FN:166,(anonymous_21)
FN:176,(anonymous_22)
FN:188,(anonymous_23)
FN:252,(anonymous_24)
FN:263,(anonymous_25)
FN:264,(anonymous_26)
FN:265,(anonymous_27)
FN:266,(anonymous_28)
FN:267,(anonymous_29)
FN:305,(anonymous_30)
FN:360,(anonymous_31)
FN:362,(anonymous_32)
FN:367,(anonymous_33)
FN:373,(anonymous_34)
FN:405,(anonymous_35)
FNF:29
FNH:0
FNDA:0,Maintenance
FNDA:0,(anonymous_8)
FNDA:0,(anonymous_9)
FNDA:0,(anonymous_10)
FNDA:0,(anonymous_11)
FNDA:0,(anonymous_12)
FNDA:0,(anonymous_13)
FNDA:0,(anonymous_14)
FNDA:0,(anonymous_15)
FNDA:0,(anonymous_16)
FNDA:0,(anonymous_17)
FNDA:0,(anonymous_18)
FNDA:0,(anonymous_19)
FNDA:0,(anonymous_20)
FNDA:0,(anonymous_21)
FNDA:0,(anonymous_22)
FNDA:0,(anonymous_23)
FNDA:0,(anonymous_24)
FNDA:0,(anonymous_25)
FNDA:0,(anonymous_26)
FNDA:0,(anonymous_27)
FNDA:0,(anonymous_28)
FNDA:0,(anonymous_29)
FNDA:0,(anonymous_30)
FNDA:0,(anonymous_31)
FNDA:0,(anonymous_32)
FNDA:0,(anonymous_33)
FNDA:0,(anonymous_34)
FNDA:0,(anonymous_35)
DA:1,1
DA:2,1
DA:3,1
DA:4,1
DA:5,1
DA:6,1
DA:7,1
DA:13,1
DA:14,1
DA:15,1
DA:17,1
DA:18,1
DA:19,1
DA:26,1
DA:28,1
DA:29,0
DA:30,0
DA:31,0
DA:32,0
DA:33,0
DA:34,0
DA:37,0
DA:38,0
DA:39,0
DA:41,0
DA:42,0
DA:43,0
DA:44,0
DA:47,0
DA:49,0
DA:50,0
DA:51,0
DA:53,0
DA:54,0
DA:61,0
DA:62,0
DA:68,0
DA:72,0
DA:73,0
DA:77,0
DA:78,0
DA:79,0
DA:81,0
DA:82,0
DA:86,0
DA:88,0
DA:95,0
DA:96,0
DA:105,0
DA:106,0
DA:107,0
DA:109,0
DA:110,0
DA:114,0
DA:116,0
DA:123,0
DA:124,0
DA:133,0
DA:134,0
DA:135,0
DA:139,0
DA:140,0
DA:141,0
DA:142,0
DA:146,0
DA:147,0
DA:157,0
DA:158,0
DA:159,0
DA:160,0
DA:163,0
DA:166,0
DA:167,0
DA:168,0
DA:169,0
DA:171,0
DA:176,0
DA:177,0
DA:178,0
DA:179,0
DA:181,0
DA:184,0
DA:189,0
DA:190,0
DA:252,0
DA:263,0
DA:264,0
DA:265,0
DA:266,0
DA:267,0
DA:306,0
DA:360,0
DA:362,0
DA:367,0
DA:373,0
DA:405,0
LF:96
LH:15
BRDA:43,0,0,0
BRDA:49,1,0,0
BRDA:49,1,1,0
BRDA:49,2,0,0
BRDA:49,2,1,0
BRDA:81,3,0,0
BRDA:81,3,1,0
BRDA:90,4,0,0
BRDA:90,4,1,0
BRDA:109,5,0,0
BRDA:109,5,1,0
BRDA:118,6,0,0
BRDA:118,6,1,0
BRDA:147,7,0,0
BRDA:147,7,1,0
BRDA:147,7,2,0
BRDA:147,7,3,0
BRDA:147,7,4,0
BRDA:147,7,5,0
BRDA:147,7,6,0
BRDA:147,7,7,0
BRDA:163,8,0,0
BRDA:163,8,1,0
BRDA:167,9,0,0
BRDA:177,10,0,0
BRDA:178,11,0,0
BRDA:259,12,0,0
BRDA:259,12,1,0
BRDA:292,13,0,0
BRDA:292,13,1,0
BRDA:298,14,0,0
BRDA:298,14,1,0
BRDA:316,15,0,0
BRDA:316,15,1,0
BRDA:318,16,0,0
BRDA:318,16,1,0
BRDA:324,17,0,0
BRDA:324,17,1,0
BRDA:326,18,0,0
BRDA:326,18,1,0
BRDA:337,19,0,0
BRDA:337,19,1,0
BRDA:339,20,0,0
BRDA:339,20,1,0
BRDA:345,21,0,0
BRDA:345,21,1,0
BRDA:361,22,0,0
BRDA:361,22,1,0
BRDA:366,23,0,0
BRDA:366,23,1,0
BRDA:393,24,0,0
BRDA:393,24,1,0
BRDA:396,25,0,0
BRDA:396,25,1,0
BRDA:403,26,0,0
BRDA:403,26,1,0
BRF:56
BRH:0
end_of_record
TN:
SF:src\pages\NotFound.tsx
FN:7,(anonymous_0)
FN:10,(anonymous_1)
FNF:2
FNH:0
FNDA:0,(anonymous_0)
FNDA:0,(anonymous_1)
DA:2,1
DA:3,1
DA:4,1
DA:5,1
DA:7,1
DA:8,0
DA:10,0
DA:11,0
DA:17,0
DA:33,1
LF:10
LH:6
BRF:0
BRH:0
end_of_record
TN:
SF:src\pages\Reports.tsx
FN:25,Reports
FN:37,(anonymous_9)
FN:38,fetchReports
FN:72,(anonymous_12)
FN:77,(anonymous_13)
FN:88,(anonymous_14)
FN:92,(anonymous_15)
FN:138,(anonymous_16)
FN:149,(anonymous_17)
FN:166,(anonymous_18)
FN:170,(anonymous_19)
FN:183,(anonymous_20)
FNF:12
FNH:0
FNDA:0,Reports
FNDA:0,(anonymous_9)
FNDA:0,fetchReports
FNDA:0,(anonymous_12)
FNDA:0,(anonymous_13)
FNDA:0,(anonymous_14)
FNDA:0,(anonymous_15)
FNDA:0,(anonymous_16)
FNDA:0,(anonymous_17)
FNDA:0,(anonymous_18)
FNDA:0,(anonymous_19)
FNDA:0,(anonymous_20)
DA:1,1
DA:2,1
DA:3,1
DA:4,1
DA:5,1
DA:6,1
DA:7,1
DA:8,1
DA:10,1
DA:11,1
DA:12,1
DA:13,1
DA:16,1
DA:25,1
DA:26,0
DA:27,0
DA:31,0
DA:32,0
DA:33,0
DA:34,0
DA:35,0
DA:37,0
DA:39,0
DA:40,0
DA:42,0
DA:44,0
DA:47,0
DA:48,0
DA:49,0
DA:52,0
DA:53,0
DA:54,0
DA:56,0
DA:57,0
DA:58,0
DA:61,0
DA:62,0
DA:63,0
DA:65,0
DA:69,0
DA:72,0
DA:73,0
DA:74,0
DA:77,0
DA:78,0
DA:79,0
DA:80,0
DA:81,0
DA:82,0
DA:85,0
DA:88,0
DA:92,0
DA:93,0
DA:94,0
DA:97,0
DA:138,0
DA:150,0
DA:151,0
DA:166,0
DA:170,0
DA:183,0
LF:61
LH:14
BRDA:47,0,0,0
BRDA:52,1,0,0
BRDA:52,1,1,0
BRDA:54,2,0,0
BRDA:54,2,1,0
BRDA:85,3,0,0
BRDA:85,3,1,0
BRDA:85,4,0,0
BRDA:85,4,1,0
BRDA:87,5,0,0
BRDA:87,5,1,0
BRDA:88,6,0,0
BRDA:88,6,1,0
BRDA:88,7,0,0
BRDA:88,7,1,0
BRDA:93,8,0,0
BRDA:93,8,1,0
BRDA:94,9,0,0
BRDA:94,9,1,0
BRDA:130,10,0,0
BRDA:130,10,1,0
BRDA:134,11,0,0
BRDA:134,11,1,0
BRDA:141,12,0,0
BRDA:141,12,1,0
BRDA:157,13,0,0
BRDA:157,13,1,0
BRDA:182,14,0,0
BRDA:182,14,1,0
BRDA:182,14,2,0
BRF:30
BRH:0
end_of_record
TN:
SF:src\pages\Sales.tsx
FN:115,Sales
FN:123,(anonymous_1)
FN:131,(anonymous_2)
FN:133,(anonymous_3)
FN:134,(anonymous_4)
FN:136,(anonymous_5)
FN:137,(anonymous_6)
FN:187,(anonymous_7)
FN:231,(anonymous_8)
FNF:9
FNH:0
FNDA:0,Sales
FNDA:0,(anonymous_1)
FNDA:0,(anonymous_2)
FNDA:0,(anonymous_3)
FNDA:0,(anonymous_4)
FNDA:0,(anonymous_5)
FNDA:0,(anonymous_6)
FNDA:0,(anonymous_7)
FNDA:0,(anonymous_8)
DA:19,0
DA:116,0
DA:117,0
DA:123,0
DA:124,0
DA:131,0
DA:132,0
DA:133,0
DA:134,0
DA:135,0
DA:136,0
DA:137,0
DA:139,0
DA:187,0
DA:232,0
LF:15
LH:0
BRDA:124,0,0,0
BRDA:124,0,1,0
BRDA:124,0,2,0
BRDA:124,0,3,0
BRDA:237,1,0,0
BRDA:237,1,1,0
BRDA:238,2,0,0
BRDA:238,2,1,0
BRF:8
BRH:0
end_of_record
TN:
SF:src\pages\Settings.tsx
FN:28,Settings
FN:32,(anonymous_1)
FN:36,(anonymous_2)
FNF:3
FNH:0
FNDA:0,Settings
FNDA:0,(anonymous_1)
FNDA:0,(anonymous_2)
DA:1,1
DA:2,1
DA:3,1
DA:4,1
DA:5,1
DA:6,1
DA:7,1
DA:8,1
DA:9,1
DA:10,1
DA:11,1
DA:12,1
DA:13,1
DA:20,1
DA:26,1
DA:28,1
DA:29,0
DA:30,0
DA:32,0
DA:33,0
DA:36,0
DA:37,0
DA:38,0
DA:45,0
LF:24
LH:16
BRDA:92,0,0,0
BRDA:92,0,1,0
BRDA:191,1,0,0
BRDA:191,1,1,0
BRDA:294,2,0,0
BRDA:294,2,1,0
BRDA:411,3,0,0
BRDA:411,3,1,0
BRDA:526,4,0,0
BRDA:526,4,1,0
BRDA:624,5,0,0
BRDA:624,5,1,0
BRDA:730,6,0,0
BRDA:730,6,1,0
BRDA:846,7,0,0
BRDA:846,7,1,0
BRF:16
BRH:0
end_of_record
TN:
SF:src\pages\auth\AdminLogin.tsx
FN:12,AdminLogin
FN:18,(anonymous_8)
FN:18,(anonymous_9)
FN:73,(anonymous_10)
FN:83,(anonymous_11)
FN:95,(anonymous_12)
FNF:6
FNH:0
FNDA:0,AdminLogin
FNDA:0,(anonymous_8)
FNDA:0,(anonymous_9)
FNDA:0,(anonymous_10)
FNDA:0,(anonymous_11)
FNDA:0,(anonymous_12)
DA:1,1
DA:2,1
DA:3,1
DA:4,1
DA:5,1
DA:6,1
DA:7,1
DA:8,1
DA:9,1
DA:12,1
DA:13,0
DA:14,0
DA:15,0
DA:16,0
DA:18,0
DA:19,0
DA:20,0
DA:22,0
DA:23,0
DA:25,0
DA:26,0
DA:29,0
DA:30,0
DA:31,0
DA:32,0
DA:36,0
DA:37,0
DA:38,0
DA:39,0
DA:40,0
DA:41,0
DA:44,0
DA:45,0
DA:47,0
DA:50,0
DA:51,0
DA:53,0
DA:57,0
DA:73,0
DA:83,0
DA:95,0
LF:41
LH:10
BRDA:25,0,0,0
BRDA:25,0,1,0
BRDA:25,1,0,0
BRDA:25,1,1,0
BRDA:29,2,0,0
BRDA:40,3,0,0
BRDA:47,4,0,0
BRDA:47,4,1,0
BRDA:91,5,0,0
BRDA:91,5,1,0
BRF:10
BRH:0
end_of_record
TN:
SF:src\pages\auth\CustomerLogin.tsx
FN:13,CustomerLogin
FN:19,(anonymous_8)
FN:19,(anonymous_9)
FN:77,(anonymous_10)
FN:87,(anonymous_11)
FN:99,(anonymous_12)
FNF:6
FNH:0
FNDA:0,CustomerLogin
FNDA:0,(anonymous_8)
FNDA:0,(anonymous_9)
FNDA:0,(anonymous_10)
FNDA:0,(anonymous_11)
FNDA:0,(anonymous_12)
DA:2,1
DA:3,1
DA:4,1
DA:5,1
DA:6,1
DA:7,1
DA:8,1
DA:9,1
DA:10,1
DA:13,1
DA:14,0
DA:15,0
DA:16,0
DA:17,0
DA:19,0
DA:20,0
DA:21,0
DA:23,0
DA:24,0
DA:26,0
DA:27,0
DA:30,0
DA:31,0
DA:32,0
DA:33,0
DA:37,0
DA:38,0
DA:39,0
DA:40,0
DA:41,0
DA:43,0
DA:44,0
DA:45,0
DA:48,0
DA:49,0
DA:51,0
DA:54,0
DA:55,0
DA:57,0
DA:61,0
DA:77,0
DA:87,0
DA:99,0
LF:43
LH:10
BRDA:26,0,0,0
BRDA:26,0,1,0
BRDA:26,1,0,0
BRDA:26,1,1,0
BRDA:30,2,0,0
BRDA:41,3,0,0
BRDA:41,3,1,0
BRDA:41,4,0,0
BRDA:41,4,1,0
BRDA:41,5,0,0
BRDA:41,5,1,0
BRDA:43,6,0,0
BRDA:45,7,0,0
BRDA:45,7,1,0
BRDA:45,8,0,0
BRDA:45,8,1,0
BRDA:45,9,0,0
BRDA:45,9,1,0
BRDA:51,10,0,0
BRDA:51,10,1,0
BRDA:95,11,0,0
BRDA:95,11,1,0
BRF:22
BRH:0
end_of_record
TN:
SF:src\pages\auth\EmployeeLogin.tsx
FN:20,EmployeeLogin
FN:26,(anonymous_8)
FN:26,(anonymous_9)
FN:44,(anonymous_10)
FN:105,(anonymous_11)
FN:115,(anonymous_12)
FN:127,(anonymous_13)
FNF:7
FNH:0
FNDA:0,EmployeeLogin
FNDA:0,(anonymous_8)
FNDA:0,(anonymous_9)
FNDA:0,(anonymous_10)
FNDA:0,(anonymous_11)
FNDA:0,(anonymous_12)
FNDA:0,(anonymous_13)
DA:1,1
DA:2,1
DA:3,1
DA:4,1
DA:5,1
DA:6,1
DA:7,1
DA:8,1
DA:9,1
DA:20,1
DA:21,0
DA:22,0
DA:23,0
DA:24,0
DA:26,0
DA:27,0
DA:28,0
DA:30,0
DA:32,0
DA:34,0
DA:36,0
DA:37,0
DA:38,0
DA:40,0
DA:41,0
DA:43,0
DA:44,0
DA:45,0
DA:50,0
DA:51,0
DA:54,0
DA:55,0
DA:56,0
DA:59,0
DA:63,0
DA:64,0
DA:65,0
DA:67,0
DA:75,0
DA:76,0
DA:78,0
DA:79,0
DA:82,0
DA:83,0
DA:85,0
DA:89,0
DA:105,0
DA:115,0
DA:127,0
LF:49
LH:10
BRDA:40,0,0,0
BRDA:40,0,1,0
BRDA:40,1,0,0
BRDA:40,1,1,0
BRDA:59,2,0,0
BRDA:59,2,1,0
BRDA:59,3,0,0
BRDA:59,3,1,0
BRDA:61,4,0,0
BRDA:61,4,1,0
BRDA:64,5,0,0
BRDA:64,5,1,0
BRDA:64,5,2,0
BRDA:65,6,0,0
BRDA:65,6,1,0
BRDA:68,7,0,0
BRDA:68,7,1,0
BRDA:72,8,0,0
BRDA:72,8,1,0
BRDA:72,8,2,0
BRDA:79,9,0,0
BRDA:79,9,1,0
BRDA:123,10,0,0
BRDA:123,10,1,0
BRF:24
BRH:0
end_of_record
TN:
SF:src\pages\auth\Login.tsx
FN:8,Login
FN:21,(anonymous_1)
FN:35,(anonymous_2)
FN:49,(anonymous_3)
FNF:4
FNH:0
FNDA:0,Login
FNDA:0,(anonymous_1)
FNDA:0,(anonymous_2)
FNDA:0,(anonymous_3)
DA:2,1
DA:3,1
DA:4,1
DA:5,1
DA:6,1
DA:8,1
DA:9,0
DA:11,0
DA:21,0
DA:35,0
DA:49,0
LF:11
LH:6
BRF:0
BRH:0
end_of_record
TN:
SF:src\pages\customer\Dashboard.tsx
FN:13,CustomerDashboard
FN:28,(anonymous_8)
FN:29,(anonymous_9)
FN:29,(anonymous_10)
FN:65,(anonymous_11)
FN:91,(anonymous_12)
FN:91,(anonymous_13)
FN:106,(anonymous_14)
FN:142,(anonymous_15)
FNF:9
FNH:0
FNDA:0,CustomerDashboard
FNDA:0,(anonymous_8)
FNDA:0,(anonymous_9)
FNDA:0,(anonymous_10)
FNDA:0,(anonymous_11)
FNDA:0,(anonymous_12)
FNDA:0,(anonymous_13)
FNDA:0,(anonymous_14)
FNDA:0,(anonymous_15)
DA:1,1
DA:2,1
DA:3,1
DA:5,1
DA:6,1
DA:7,1
DA:8,1
DA:9,1
DA:10,1
DA:11,1
DA:13,1
DA:14,0
DA:15,0
DA:16,0
DA:17,0
DA:18,0
DA:19,0
DA:20,0
DA:21,0
DA:22,0
DA:28,0
DA:29,0
DA:30,0
DA:32,0
DA:34,0
DA:36,0
DA:37,0
DA:40,0
DA:41,0
DA:42,0
DA:46,0
DA:47,0
DA:51,0
DA:52,0
DA:53,0
DA:61,0
DA:62,0
DA:65,0
DA:69,0
DA:73,0
DA:74,0
DA:78,0
DA:81,0
DA:82,0
DA:85,0
DA:87,0
DA:91,0
DA:92,0
DA:94,0
DA:96,0
DA:97,0
DA:100,0
DA:103,0
DA:106,0
DA:110,0
DA:113,0
DA:116,0
DA:123,0
DA:126,0
DA:128,0
DA:132,0
DA:133,0
DA:136,0
DA:137,0
DA:142,0
DA:143,0
DA:144,0
DA:145,0
DA:146,0
DA:147,0
DA:148,0
DA:151,0
DA:152,0
DA:155,0
LF:74
LH:11
BRDA:14,0,0,0
BRDA:14,0,1,0
BRDA:15,1,0,0
BRDA:15,1,1,0
BRDA:16,2,0,0
BRDA:16,2,1,0
BRDA:36,3,0,0
BRDA:36,3,1,0
BRDA:36,4,0,0
BRDA:36,4,1,0
BRDA:40,5,0,0
BRDA:40,6,0,0
BRDA:40,6,1,0
BRDA:46,7,0,0
BRDA:46,8,0,0
BRDA:46,8,1,0
BRDA:51,9,0,0
BRDA:54,10,0,0
BRDA:54,10,1,0
BRDA:54,11,0,0
BRDA:54,11,1,0
BRDA:54,12,0,0
BRDA:54,12,1,0
BRDA:55,13,0,0
BRDA:55,13,1,0
BRDA:55,14,0,0
BRDA:55,14,1,0
BRDA:55,15,0,0
BRDA:55,15,1,0
BRDA:56,16,0,0
BRDA:56,16,1,0
BRDA:56,17,0,0
BRDA:56,17,1,0
BRDA:56,18,0,0
BRDA:56,18,1,0
BRDA:61,19,0,0
BRDA:73,20,0,0
BRDA:96,21,0,0
BRDA:96,21,1,0
BRDA:96,22,0,0
BRDA:96,22,1,0
BRDA:100,23,0,0
BRDA:100,23,1,0
BRDA:103,24,0,0
BRDA:103,24,1,0
BRDA:106,25,0,0
BRDA:106,25,1,0
BRDA:106,26,0,0
BRDA:106,26,1,0
BRDA:106,27,0,0
BRDA:106,27,1,0
BRDA:113,28,0,0
BRDA:113,28,1,0
BRDA:117,29,0,0
BRDA:117,29,1,0
BRDA:118,30,0,0
BRDA:118,30,1,0
BRDA:119,31,0,0
BRDA:119,31,1,0
BRDA:119,32,0,0
BRDA:119,32,1,0
BRDA:119,33,0,0
BRDA:119,33,1,0
BRDA:132,34,0,0
BRDA:132,34,1,0
BRDA:151,35,0,0
BRF:66
BRH:0
end_of_record
TN:
SF:src\pages\customer\FuelPurchases.tsx
FN:146,(anonymous_7)
FN:154,FuelPurchases
FN:180,(anonymous_9)
FN:181,(anonymous_10)
FN:181,(anonymous_11)
FN:227,(anonymous_12)
FN:240,(anonymous_13)
FN:241,(anonymous_14)
FN:303,(anonymous_15)
FN:320,(anonymous_16)
FN:332,(anonymous_17)
FN:370,(anonymous_18)
FN:398,(anonymous_19)
FN:409,(anonymous_20)
FNF:14
FNH:0
FNDA:0,(anonymous_7)
FNDA:0,FuelPurchases
FNDA:0,(anonymous_9)
FNDA:0,(anonymous_10)
FNDA:0,(anonymous_11)
FNDA:0,(anonymous_12)
FNDA:0,(anonymous_13)
FNDA:0,(anonymous_14)
FNDA:0,(anonymous_15)
FNDA:0,(anonymous_16)
FNDA:0,(anonymous_17)
FNDA:0,(anonymous_18)
FNDA:0,(anonymous_19)
FNDA:0,(anonymous_20)
DA:1,1
DA:2,1
DA:3,1
DA:9,1
DA:10,1
DA:11,1
DA:12,1
DA:14,1
DA:15,1
DA:16,1
DA:23,1
DA:32,1
DA:146,1
DA:147,0
DA:148,0
DA:150,0
DA:154,1
DA:155,0
DA:156,0
DA:160,0
DA:161,0
DA:164,0
DA:165,0
DA:166,0
DA:172,0
DA:180,0
DA:181,0
DA:182,0
DA:184,0
DA:187,0
DA:188,0
DA:190,0
DA:191,0
DA:194,0
DA:201,0
DA:202,0
DA:203,0
DA:204,0
DA:206,0
DA:207,0
DA:210,0
DA:213,0
DA:214,0
DA:217,0
DA:219,0
DA:223,0
DA:227,0
DA:229,0
DA:233,0
DA:234,0
DA:236,0
DA:240,0
DA:241,0
DA:243,0
DA:303,0
[...]
FNDA:0,FuelInventory
FNDA:0,(anonymous_8)
FNDA:0,(anonymous_9)
FNDA:0,(anonymous_10)
FNDA:0,(anonymous_11)
FNDA:0,(anonymous_12)
FNDA:0,(anonymous_13)
FNDA:0,(anonymous_14)
FNDA:0,(anonymous_15)
FNDA:0,(anonymous_16)
FNDA:0,(anonymous_17)
FNDA:0,(anonymous_18)
FNDA:0,(anonymous_19)
FNDA:0,(anonymous_20)
FNDA:0,(anonymous_21)
FNDA:0,(anonymous_22)
FNDA:0,(anonymous_23)
FNDA:0,(anonymous_24)
FNDA:0,(anonymous_25)
FNDA:0,(anonymous_26)
FNDA:0,(anonymous_27)
FNDA:0,(anonymous_28)
FNDA:0,(anonymous_29)
FNDA:0,(anonymous_30)
FNDA:0,(anonymous_31)
FNDA:0,(anonymous_32)
FNDA:0,(anonymous_33)
DA:1,1
DA:2,1
DA:3,1
DA:4,1
DA:5,1
DA:6,1
DA:7,1
DA:13,1
DA:14,1
DA:15,1
DA:16,1
DA:17,1
DA:18,1
DA:21,1
DA:22,0
DA:23,0
DA:24,0
DA:25,0
DA:26,0
DA:29,0
DA:30,0
DA:31,0
DA:34,0
DA:35,0
DA:38,0
DA:39,0
DA:40,0
DA:41,0
DA:42,0
DA:43,0
DA:44,0
DA:46,0
DA:47,0
DA:50,0
DA:51,0
DA:52,0
DA:54,0
DA:59,0
DA:61,0
DA:65,0
DA:66,0
DA:67,0
DA:69,0
DA:70,0
DA:72,0
DA:73,0
DA:77,0
DA:81,0
DA:83,0
DA:84,0
DA:85,0
DA:88,0
DA:89,0
DA:90,0
DA:93,0
DA:94,0
DA:96,0
DA:97,0
DA:100,0
DA:101,0
DA:102,0
DA:103,0
DA:107,0
DA:110,0
DA:115,0
DA:116,0
DA:121,0
DA:123,0
DA:126,0
DA:127,0
DA:132,0
DA:133,0
DA:134,0
DA:137,0
DA:139,0
DA:140,0
DA:141,0
DA:145,0
DA:146,0
DA:149,0
DA:150,0
DA:153,0
DA:154,0
DA:162,0
DA:216,0
DA:229,0
DA:232,0
DA:235,0
DA:238,0
DA:290,0
DA:324,0
DA:331,0
DA:355,0
DA:356,0
DA:358,0
DA:376,0
DA:377,0
DA:379,0
LF:98
LH:14
BRDA:43,0,0,0
BRDA:43,0,1,0
BRDA:46,1,0,0
BRDA:46,1,1,0
BRDA:61,2,0,0
BRDA:61,2,1,0
BRDA:65,3,0,0
BRDA:66,4,0,0
BRDA:66,5,0,0
BRDA:66,5,1,0
BRDA:69,6,0,0
BRDA:69,7,0,0
BRDA:69,7,1,0
BRDA:72,8,0,0
BRDA:72,9,0,0
BRDA:72,9,1,0
BRDA:97,10,0,0
BRDA:101,11,0,0
BRDA:115,12,0,0
BRDA:115,12,1,0
BRDA:134,13,0,0
BRDA:134,13,1,0
BRDA:137,14,0,0
BRDA:137,14,1,0
BRDA:139,15,0,0
BRDA:141,16,0,0
BRDA:141,16,1,0
BRDA:145,17,0,0
BRDA:145,17,1,0
BRDA:145,18,0,0
BRDA:145,18,1,0
BRDA:146,19,0,0
BRDA:146,19,1,0
BRDA:149,20,0,0
BRDA:149,21,0,0
BRDA:149,21,1,0
BRDA:153,22,0,0
BRDA:153,23,0,0
BRDA:153,23,1,0
BRDA:197,24,0,0
BRDA:197,24,1,0
BRDA:197,25,0,0
BRDA:197,25,1,0
BRDA:202,26,0,0
BRDA:202,26,1,0
BRDA:223,27,0,0
BRDA:223,27,1,0
BRDA:224,28,0,0
BRDA:224,28,1,0
BRDA:225,29,0,0
BRDA:225,29,1,0
BRDA:253,30,0,0
BRDA:253,30,1,0
BRDA:253,30,2,0
BRDA:282,31,0,0
BRDA:282,31,1,0
BRDA:285,32,0,0
BRDA:285,32,1,0
BRDA:285,33,0,0
BRDA:285,33,1,0
BRDA:296,34,0,0
BRDA:296,34,1,0
BRDA:301,35,0,0
BRDA:301,35,1,0
BRDA:311,36,0,0
BRDA:311,36,1,0
BRDA:312,37,0,0
BRDA:312,37,1,0
BRDA:313,38,0,0
BRDA:313,38,1,0
BRDA:314,39,0,0
BRDA:314,39,1,0
BRDA:329,40,0,0
BRDA:329,40,1,0
BRDA:372,41,0,0
BRDA:372,41,1,0
BRF:76
BRH:0
end_of_record
TN:
SF:src\pages\inventory\Products.tsx
FN:35,Products
FN:48,(anonymous_8)
FN:52,(anonymous_9)
FN:52,(anonymous_10)
FN:73,(anonymous_11)
FN:82,(anonymous_12)
FN:84,(anonymous_13)
FN:84,(anonymous_14)
FN:87,(anonymous_15)
FN:115,(anonymous_16)
FN:120,(anonymous_17)
FN:156,(anonymous_18)
FN:167,(anonymous_19)
FN:170,(anonymous_20)
FN:171,(anonymous_21)
FN:195,(anonymous_22)
FN:206,(anonymous_23)
FN:256,(anonymous_24)
FN:275,(anonymous_25)
FN:282,(anonymous_26)
FN:305,(anonymous_27)
FN:309,(anonymous_28)
FN:326,(anonymous_29)
FN:330,(anonymous_30)
FNF:24
FNH:0
FNDA:0,Products
FNDA:0,(anonymous_8)
FNDA:0,(anonymous_9)
FNDA:0,(anonymous_10)
FNDA:0,(anonymous_11)
FNDA:0,(anonymous_12)
FNDA:0,(anonymous_13)
FNDA:0,(anonymous_14)
FNDA:0,(anonymous_15)
FNDA:0,(anonymous_16)
FNDA:0,(anonymous_17)
FNDA:0,(anonymous_18)
FNDA:0,(anonymous_19)
FNDA:0,(anonymous_20)
FNDA:0,(anonymous_21)
FNDA:0,(anonymous_22)
FNDA:0,(anonymous_23)
FNDA:0,(anonymous_24)
FNDA:0,(anonymous_25)
FNDA:0,(anonymous_26)
FNDA:0,(anonymous_27)
FNDA:0,(anonymous_28)
FNDA:0,(anonymous_29)
FNDA:0,(anonymous_30)
DA:1,1
DA:2,1
DA:3,1
DA:4,1
DA:5,1
DA:6,1
DA:7,1
DA:13,1
DA:14,1
DA:15,1
DA:16,1
DA:17,1
DA:18,1
DA:35,1
DA:36,0
DA:37,0
DA:38,0
DA:39,0
DA:40,0
DA:43,0
DA:44,0
DA:45,0
DA:48,0
DA:49,0
DA:52,0
DA:53,0
DA:54,0
DA:55,0
DA:56,0
DA:57,0
DA:58,0
DA:60,0
DA:61,0
DA:64,0
DA:65,0
DA:66,0
DA:68,0
DA:73,0
DA:74,0
DA:82,0
DA:84,0
DA:85,0
DA:87,0
DA:88,0
DA:91,0
DA:94,0
DA:99,0
DA:100,0
DA:105,0
DA:107,0
DA:110,0
DA:111,0
DA:115,0
DA:116,0
DA:117,0
DA:120,0
DA:121,0
DA:122,0
DA:125,0
DA:126,0
DA:129,0
DA:130,0
DA:138,0
DA:156,0
DA:167,0
DA:171,0
DA:195,0
DA:206,0
DA:257,0
DA:275,0
DA:282,0
DA:306,0
DA:307,0
DA:309,0
DA:327,0
DA:328,0
DA:330,0
LF:77
LH:14
BRDA:57,0,0,0
BRDA:57,0,1,0
BRDA:60,1,0,0
BRDA:60,1,1,0
BRDA:74,2,0,0
BRDA:74,2,1,0
BRDA:74,2,2,0
BRDA:74,2,3,0
BRDA:74,2,4,0
BRDA:74,2,5,0
BRDA:88,3,0,0
BRDA:99,4,0,0
BRDA:99,4,1,0
BRDA:125,5,0,0
BRDA:125,6,0,0
BRDA:125,6,1,0
BRDA:129,7,0,0
BRDA:129,8,0,0
BRDA:129,8,1,0
BRDA:163,9,0,0
BRDA:163,9,1,0
BRDA:221,10,0,0
BRDA:221,10,1,0
BRDA:221,10,2,0
BRDA:249,11,0,0
BRDA:249,11,1,0
BRDA:252,12,0,0
BRDA:252,12,1,0
BRDA:252,13,0,0
BRDA:252,13,1,0
BRDA:263,14,0,0
BRDA:263,14,1,0
BRDA:280,15,0,0
BRDA:280,15,1,0
BRDA:323,16,0,0
BRDA:323,16,1,0
BRF:36
BRH:0
end_of_record
TN:
SF:src\pages\sales\Transactions.tsx
FN:54,Transactions
FN:65,(anonymous_8)
FN:66,(anonymous_9)
FN:66,(anonymous_10)
FN:105,(anonymous_11)
FN:114,(anonymous_12)
FN:126,(anonymous_13)
FN:126,(anonymous_14)
FN:128,(anonymous_15)
FN:129,(anonymous_16)
FN:131,(anonymous_17)
FN:132,(anonymous_18)
FN:182,(anonymous_19)
FN:195,(anonymous_20)
FN:196,(anonymous_21)
FN:197,(anonymous_22)
FN:198,(anonymous_23)
FN:241,(anonymous_24)
FNF:18
FNH:0
FNDA:0,Transactions
FNDA:0,(anonymous_8)
FNDA:0,(anonymous_9)
FNDA:0,(anonymous_10)
FNDA:0,(anonymous_11)
FNDA:0,(anonymous_12)
FNDA:0,(anonymous_13)
FNDA:0,(anonymous_14)
FNDA:0,(anonymous_15)
FNDA:0,(anonymous_16)
FNDA:0,(anonymous_17)
FNDA:0,(anonymous_18)
FNDA:0,(anonymous_19)
FNDA:0,(anonymous_20)
FNDA:0,(anonymous_21)
FNDA:0,(anonymous_22)
FNDA:0,(anonymous_23)
FNDA:0,(anonymous_24)
DA:1,1
DA:2,1
DA:13,1
DA:14,1
DA:15,1
DA:16,1
DA:17,1
DA:23,1
DA:25,1
DA:26,1
DA:27,1
DA:28,1
DA:54,1
DA:55,0
DA:56,0
DA:57,0
DA:61,0
DA:62,0
DA:65,0
DA:66,0
DA:67,0
DA:68,0
DA:70,0
DA:71,0
DA:72,0
DA:78,0
DA:80,0
DA:81,0
DA:83,0
DA:90,0
DA:91,0
DA:97,0
DA:101,0
DA:105,0
DA:106,0
DA:107,0
DA:109,0
DA:114,0
DA:116,0
DA:120,0
DA:122,0
DA:126,0
DA:127,0
DA:128,0
DA:129,0
DA:130,0
DA:131,0
DA:132,0
DA:134,0
DA:182,0
DA:195,0
DA:196,0
DA:197,0
DA:198,0
DA:242,0
LF:55
LH:13
BRDA:71,0,0,0
BRDA:71,1,0,0
BRDA:71,1,1,0
BRDA:71,2,0,0
BRDA:71,2,1,0
BRDA:71,3,0,0
BRDA:71,3,1,0
BRDA:71,4,0,0
BRDA:71,4,1,0
BRDA:71,5,0,0
BRDA:71,5,1,0
BRDA:80,6,0,0
BRDA:80,6,1,0
BRDA:80,7,0,0
BRDA:80,7,1,0
BRDA:116,8,0,0
BRDA:116,8,1,0
BRDA:120,9,0,0
BRDA:120,9,1,0
BRDA:122,10,0,0
BRDA:122,10,1,0
BRDA:128,11,0,0
BRDA:128,11,1,0
BRDA:131,12,0,0
BRDA:131,12,1,0
BRDA:160,13,0,0
BRDA:160,13,1,0
BRDA:169,14,0,0
BRDA:169,14,1,0
BRDA:191,15,0,0
BRDA:191,15,1,0
BRDA:225,16,0,0
BRDA:225,16,1,0
BRDA:234,17,0,0
BRDA:234,17,1,0
BRDA:251,18,0,0
BRDA:251,18,1,0
BRDA:259,19,0,0
BRDA:259,19,1,0
BRDA:264,20,0,0
BRDA:264,20,1,0
BRF:41
BRH:0
end_of_record
TN:
SF:src\services\api.ts
FN:8,(anonymous_7)
FN:11,(anonymous_8)
FN:11,(anonymous_9)
FN:33,(anonymous_10)
FN:33,(anonymous_11)
FN:72,(anonymous_12)
FN:72,(anonymous_13)
FN:79,(anonymous_14)
FN:83,(anonymous_15)
FN:84,(anonymous_16)
FN:92,(anonymous_17)
FN:93,(anonymous_18)
FN:97,(anonymous_19)
FN:107,(anonymous_20)
FN:115,(anonymous_21)
FN:116,(anonymous_22)
FN:124,(anonymous_23)
FN:124,(anonymous_24)
FN:148,(anonymous_25)
FN:152,(anonymous_26)
FN:156,(anonymous_27)
FN:164,(anonymous_28)
FN:174,(anonymous_29)
FN:184,(anonymous_30)
FN:185,(anonymous_31)
FN:189,(anonymous_32)
FN:193,(anonymous_33)
FN:197,(anonymous_34)
FN:198,(anonymous_35)
FN:206,(anonymous_36)
FN:212,(anonymous_37)
FN:213,(anonymous_38)
FN:217,(anonymous_39)
FN:221,(anonymous_40)
FN:224,(anonymous_41)
FN:233,(anonymous_42)
FN:233,(anonymous_43)
FN:249,(anonymous_44)
FN:249,(anonymous_45)
FN:252,(anonymous_46)
FN:252,(anonymous_47)
FN:258,(anonymous_48)
FN:258,(anonymous_49)
FN:264,(anonymous_50)
FN:264,(anonymous_51)
FN:269,(anonymous_52)
FN:280,(anonymous_53)
FN:280,(anonymous_54)
FN:291,(anonymous_55)
FN:291,(anonymous_56)
FN:294,(anonymous_57)
FN:294,(anonymous_58)
FN:300,(anonymous_59)
FN:300,(anonymous_60)
FN:306,(anonymous_61)
FN:306,(anonymous_62)
FN:311,(anonymous_63)
FN:311,(anonymous_64)
FN:321,(anonymous_65)
FN:322,(anonymous_66)
FN:323,(anonymous_67)
FN:327,(anonymous_68)
FN:331,(anonymous_69)
FN:334,(anonymous_70)
FN:341,(anonymous_71)
FN:346,(anonymous_72)
FN:346,(anonymous_73)
FN:361,(anonymous_74)
FN:361,(anonymous_75)
FN:364,(anonymous_76)
FN:364,(anonymous_77)
FN:370,(anonymous_78)
FN:370,(anonymous_79)
FN:376,(anonymous_80)
FN:376,(anonymous_81)
FN:381,(anonymous_82)
FN:381,(anonymous_83)
FN:387,(anonymous_84)
FN:387,(anonymous_85)
FN:395,(anonymous_86)
FN:395,(anonymous_87)
FN:401,(anonymous_88)
FN:401,(anonymous_89)
FN:411,(anonymous_90)
FN:411,(anonymous_91)
FN:426,(anonymous_92)
FN:426,(anonymous_93)
FN:432,(anonymous_94)
FN:432,(anonymous_95)
FN:438,(anonymous_96)
FN:438,(anonymous_97)
FN:447,(anonymous_98)
FN:447,(anonymous_99)
FN:463,(anonymous_100)
FN:463,(anonymous_101)
FN:466,(anonymous_102)
FN:466,(anonymous_103)
FN:472,(anonymous_104)
FN:472,(anonymous_105)
FN:478,(anonymous_106)
FN:478,(anonymous_107)
FN:483,(anonymous_108)
FN:483,(anonymous_109)
FN:493,(anonymous_110)
FN:493,(anonymous_111)
FN:509,(anonymous_112)
FN:509,(anonymous_113)
FN:512,(anonymous_114)
FN:512,(anonymous_115)
FN:518,(anonymous_116)
FN:518,(anonymous_117)
FN:524,(anonymous_118)
FN:524,(anonymous_119)
FN:529,(anonymous_120)
FN:529,(anonymous_121)
FN:539,(anonymous_122)
FN:539,(anonymous_123)
FN:555,(anonymous_124)
FN:555,(anonymous_125)
FN:558,(anonymous_126)
FN:558,(anonymous_127)
FN:564,(anonymous_128)
FN:564,(anonymous_129)
FN:570,(anonymous_130)
FN:570,(anonymous_131)
FN:575,(anonymous_132)
FN:575,(anonymous_133)
FN:587,(anonymous_134)
FN:588,(anonymous_135)
FN:589,(anonymous_136)
FN:590,(anonymous_137)
FN:591,(anonymous_138)
FN:592,(anonymous_139)
FN:595,(anonymous_140)
FN:596,(anonymous_141)
FN:597,(anonymous_142)
FN:605,(anonymous_143)
FN:610,(anonymous_144)
FN:628,(anonymous_145)
FN:629,(anonymous_146)
FN:633,(anonymous_147)
FN:637,(anonymous_148)
FN:640,(anonymous_149)
FN:643,(anonymous_150)
FN:646,(anonymous_151)
FN:647,(anonymous_152)
FN:660,(anonymous_153)
FN:661,(anonymous_154)
FN:662,(anonymous_155)
FN:666,(anonymous_156)
FN:670,(anonymous_157)
FNF:151
FNH:5
FNDA:2,(anonymous_7)
FNDA:0,(anonymous_8)
FNDA:0,(anonymous_9)
FNDA:2,(anonymous_10)
FNDA:2,(anonymous_11)
FNDA:0,(anonymous_12)
FNDA:0,(anonymous_13)
FNDA:0,(anonymous_14)
FNDA:0,(anonymous_15)
FNDA:0,(anonymous_16)
FNDA:0,(anonymous_17)
FNDA:0,(anonymous_18)
FNDA:0,(anonymous_19)
FNDA:0,(anonymous_20)
FNDA:0,(anonymous_21)
FNDA:0,(anonymous_22)
FNDA:0,(anonymous_23)
FNDA:0,(anonymous_24)
FNDA:0,(anonymous_25)
FNDA:0,(anonymous_26)
FNDA:0,(anonymous_27)
FNDA:0,(anonymous_28)
FNDA:0,(anonymous_29)
FNDA:0,(anonymous_30)
FNDA:0,(anonymous_31)
FNDA:0,(anonymous_32)
FNDA:0,(anonymous_33)
FNDA:0,(anonymous_34)
FNDA:0,(anonymous_35)
FNDA:0,(anonymous_36)
FNDA:0,(anonymous_37)
FNDA:0,(anonymous_38)
FNDA:0,(anonymous_39)
FNDA:0,(anonymous_40)
FNDA:0,(anonymous_41)
FNDA:0,(anonymous_42)
FNDA:0,(anonymous_43)
FNDA:0,(anonymous_44)
FNDA:0,(anonymous_45)
FNDA:0,(anonymous_46)
FNDA:0,(anonymous_47)
FNDA:0,(anonymous_48)
FNDA:0,(anonymous_49)
FNDA:0,(anonymous_50)
FNDA:0,(anonymous_51)
FNDA:0,(anonymous_52)
FNDA:2,(anonymous_53)
FNDA:2,(anonymous_54)
FNDA:0,(anonymous_55)
FNDA:0,(anonymous_56)
FNDA:0,(anonymous_57)
FNDA:0,(anonymous_58)
FNDA:0,(anonymous_59)
FNDA:0,(anonymous_60)
FNDA:0,(anonymous_61)
FNDA:0,(anonymous_62)
FNDA:0,(anonymous_63)
FNDA:0,(anonymous_64)
FNDA:0,(anonymous_65)
FNDA:0,(anonymous_66)
FNDA:0,(anonymous_67)
FNDA:0,(anonymous_68)
FNDA:0,(anonymous_69)
FNDA:0,(anonymous_70)
FNDA:0,(anonymous_71)
FNDA:0,(anonymous_72)
FNDA:0,(anonymous_73)
FNDA:0,(anonymous_74)
FNDA:0,(anonymous_75)
FNDA:0,(anonymous_76)
FNDA:0,(anonymous_77)
FNDA:0,(anonymous_78)
FNDA:0,(anonymous_79)
FNDA:0,(anonymous_80)
FNDA:0,(anonymous_81)
FNDA:0,(anonymous_82)
FNDA:0,(anonymous_83)
FNDA:0,(anonymous_84)
FNDA:0,(anonymous_85)
FNDA:0,(anonymous_86)
FNDA:0,(anonymous_87)
FNDA:0,(anonymous_88)
FNDA:0,(anonymous_89)
FNDA:0,(anonymous_90)
FNDA:0,(anonymous_91)
FNDA:0,(anonymous_92)
FNDA:0,(anonymous_93)
FNDA:0,(anonymous_94)
FNDA:0,(anonymous_95)
FNDA:0,(anonymous_96)
FNDA:0,(anonymous_97)
FNDA:0,(anonymous_98)
FNDA:0,(anonymous_99)
FNDA:0,(anonymous_100)
FNDA:0,(anonymous_101)
FNDA:0,(anonymous_102)
FNDA:0,(anonymous_103)
FNDA:0,(anonymous_104)
FNDA:0,(anonymous_105)
FNDA:0,(anonymous_106)
FNDA:0,(anonymous_107)
FNDA:0,(anonymous_108)
FNDA:0,(anonymous_109)
FNDA:0,(anonymous_110)
FNDA:0,(anonymous_111)
FNDA:0,(anonymous_112)
FNDA:0,(anonymous_113)
FNDA:0,(anonymous_114)
FNDA:0,(anonymous_115)
FNDA:0,(anonymous_116)
FNDA:0,(anonymous_117)
FNDA:0,(anonymous_118)
FNDA:0,(anonymous_119)
FNDA:0,(anonymous_120)
FNDA:0,(anonymous_121)
FNDA:0,(anonymous_122)
FNDA:0,(anonymous_123)
FNDA:0,(anonymous_124)
FNDA:0,(anonymous_125)
FNDA:0,(anonymous_126)
FNDA:0,(anonymous_127)
FNDA:0,(anonymous_128)
FNDA:0,(anonymous_129)
FNDA:0,(anonymous_130)
FNDA:0,(anonymous_131)
FNDA:0,(anonymous_132)
FNDA:0,(anonymous_133)
FNDA:0,(anonymous_134)
FNDA:0,(anonymous_135)
FNDA:0,(anonymous_136)
FNDA:0,(anonymous_137)
FNDA:0,(anonymous_138)
FNDA:0,(anonymous_139)
FNDA:0,(anonymous_140)
FNDA:0,(anonymous_141)
FNDA:0,(anonymous_142)
FNDA:0,(anonymous_143)
FNDA:0,(anonymous_144)
FNDA:0,(anonymous_145)
FNDA:0,(anonymous_146)
FNDA:0,(anonymous_147)
FNDA:0,(anonymous_148)
FNDA:0,(anonymous_149)
FNDA:0,(anonymous_150)
FNDA:0,(anonymous_151)
FNDA:0,(anonymous_152)
FNDA:0,(anonymous_153)
FNDA:0,(anonymous_154)
FNDA:0,(anonymous_155)
FNDA:0,(anonymous_156)
FNDA:0,(anonymous_157)
DA:5,2
DA:8,2
DA:11,2
DA:12,0
DA:14,0
DA:15,0
DA:17,0
DA:18,0
DA:25,0
DA:33,2
DA:34,2
DA:36,2
DA:37,2
DA:39,2
DA:40,0
DA:44,2
DA:50,2
DA:51,2
DA:52,0
DA:53,0
DA:55,2
DA:58,2
DA:60,2
DA:65,0
DA:69,2
DA:72,0
DA:73,0
DA:74,0
DA:79,0
DA:83,0
DA:84,0
DA:92,0
DA:93,0
DA:98,0
DA:99,0
DA:100,0
DA:101,0
DA:102,0
DA:104,0
DA:105,0
DA:108,0
DA:109,0
DA:110,0
DA:112,0
DA:113,0
DA:115,0
DA:116,0
DA:124,0
DA:125,0
DA:127,0
DA:128,0
DA:133,0
DA:134,0
DA:137,0
DA:138,0
DA:139,0
DA:142,0
DA:144,0
DA:145,0
DA:149,0
DA:150,0
DA:152,0
DA:157,0
DA:158,0
DA:159,0
DA:161,0
DA:162,0
DA:165,0
DA:166,0
DA:167,0
DA:168,0
DA:169,0
DA:171,0
DA:172,0
DA:175,0
DA:176,0
DA:177,0
DA:178,0
DA:179,0
DA:181,0
DA:182,0
DA:184,0
DA:185,0
DA:189,0
DA:193,0
DA:197,0
DA:198,0
DA:206,0
DA:212,0
DA:213,0
DA:217,0
DA:221,0
DA:225,0
DA:233,0
DA:234,0
DA:235,0
DA:236,0
DA:237,0
DA:238,0
DA:240,0
DA:241,0
DA:249,0
DA:250,0
DA:252,0
DA:253,0
DA:258,0
DA:259,0
DA:264,0
DA:265,0
DA:270,0
DA:271,0
DA:272,0
DA:273,0
DA:274,0
DA:280,2
DA:281,2
DA:291,0
DA:292,0
DA:294,0
DA:295,0
DA:300,0
DA:301,0
DA:306,0
DA:307,0
DA:311,0
DA:312,0
DA:321,0
DA:322,0
DA:323,0
DA:327,0
DA:331,0
DA:335,0
DA:336,0
DA:337,0
DA:339,0
DA:341,0
DA:346,0
DA:347,0
DA:348,0
DA:349,0
DA:350,0
DA:352,0
DA:353,0
DA:361,0
DA:362,0
DA:364,0
DA:365,0
DA:370,0
DA:371,0
DA:376,0
DA:377,0
DA:381,0
DA:382,0
DA:387,0
DA:388,0
DA:389,0
DA:390,0
DA:392,0
DA:393,0
DA:395,0
DA:396,0
DA:401,0
DA:402,0
DA:411,0
DA:412,0
DA:413,0
DA:414,0
DA:415,0
DA:417,0
DA:418,0
DA:426,0
DA:427,0
DA:432,0
DA:433,0
DA:438,0
DA:439,0
DA:447,0
DA:448,0
DA:449,0
DA:450,0
DA:451,0
DA:452,0
DA:454,0
DA:455,0
DA:463,0
DA:464,0
DA:466,0
DA:467,0
DA:472,0
DA:473,0
DA:478,0
DA:479,0
DA:483,0
DA:484,0
DA:493,0
DA:494,0
DA:495,0
DA:496,0
DA:497,0
DA:498,0
DA:500,0
DA:501,0
DA:509,0
DA:510,0
DA:512,0
DA:513,0
DA:518,0
DA:519,0
DA:524,0
DA:525,0
DA:529,0
DA:530,0
DA:539,0
DA:540,0
DA:541,0
DA:542,0
DA:543,0
DA:544,0
DA:546,0
DA:547,0
DA:555,0
DA:556,0
DA:558,0
DA:559,0
DA:564,0
DA:565,0
DA:570,0
DA:571,0
DA:575,0
DA:576,0
DA:577,0
DA:578,0
DA:580,0
DA:581,0
DA:587,0
DA:588,0
DA:589,0
DA:590,0
DA:591,0
DA:592,0
DA:595,0
DA:596,0
DA:598,0
DA:599,0
DA:600,0
DA:602,0
DA:603,0
DA:605,0
DA:611,0
DA:612,0
DA:613,0
DA:614,0
DA:615,0
DA:616,0
DA:617,0
DA:619,0
DA:620,0
DA:628,0
DA:629,0
DA:633,0
DA:637,0
DA:640,0
DA:643,0
DA:646,0
DA:648,0
DA:649,0
DA:650,0
DA:651,0
DA:653,0
DA:654,0
DA:660,0
DA:661,0
DA:662,0
DA:666,0
DA:670,0
LF:275
LH:17
BRDA:17,0,0,0
BRDA:20,1,0,0
BRDA:20,1,1,0
BRDA:33,2,0,0
BRDA:37,3,0,2
BRDA:37,3,1,2
BRDA:39,4,0,0
BRDA:51,5,0,0
BRDA:51,5,1,2
BRDA:99,6,0,0
BRDA:100,7,0,0
BRDA:101,8,0,0
BRDA:102,9,0,0
BRDA:104,10,0,0
BRDA:104,10,1,0
BRDA:109,11,0,0
BRDA:110,12,0,0
BRDA:112,13,0,0
BRDA:112,13,1,0
BRDA:134,14,0,0
BRDA:134,14,1,0
BRDA:137,15,0,0
BRDA:137,16,0,0
BRDA:137,16,1,0
BRDA:137,16,2,0
BRDA:158,17,0,0
BRDA:159,18,0,0
BRDA:161,19,0,0
BRDA:161,19,1,0
BRDA:166,20,0,0
BRDA:167,21,0,0
BRDA:168,22,0,0
BRDA:169,23,0,0
BRDA:171,24,0,0
BRDA:171,24,1,0
BRDA:176,25,0,0
BRDA:177,26,0,0
BRDA:178,27,0,0
BRDA:179,28,0,0
BRDA:181,29,0,0
BRDA:181,29,1,0
BRDA:197,30,0,0
BRDA:197,30,1,0
BRDA:235,31,0,0
BRDA:235,32,0,0
BRDA:235,32,1,0
BRDA:235,33,0,0
BRDA:235,33,1,0
BRDA:236,34,0,0
BRDA:236,35,0,0
BRDA:236,35,1,0
BRDA:236,36,0,0
BRDA:236,36,1,0
BRDA:237,37,0,0
BRDA:237,38,0,0
BRDA:237,38,1,0
BRDA:237,39,0,0
BRDA:237,39,1,0
BRDA:238,40,0,0
BRDA:238,41,0,0
BRDA:238,41,1,0
BRDA:238,42,0,0
BRDA:238,42,1,0
BRDA:240,43,0,0
BRDA:240,43,1,0
BRDA:271,44,0,0
BRDA:272,45,0,0
BRDA:273,46,0,0
BRDA:273,46,1,0
BRDA:336,47,0,0
BRDA:336,48,0,0
BRDA:336,48,1,0
BRDA:348,49,0,0
BRDA:348,50,0,0
BRDA:348,50,1,0
BRDA:348,51,0,0
BRDA:348,51,1,0
BRDA:349,52,0,0
BRDA:349,53,0,0
BRDA:349,53,1,0
BRDA:349,54,0,0
BRDA:349,54,1,0
BRDA:350,55,0,0
BRDA:350,56,0,0
BRDA:350,56,1,0
BRDA:350,57,0,0
BRDA:350,57,1,0
BRDA:352,58,0,0
BRDA:352,58,1,0
BRDA:389,59,0,0
BRDA:390,60,0,0
BRDA:392,61,0,0
BRDA:392,61,1,0
BRDA:413,62,0,0
BRDA:413,63,0,0
BRDA:413,63,1,0
BRDA:413,64,0,0
BRDA:413,64,1,0
BRDA:414,65,0,0
BRDA:414,66,0,0
BRDA:414,66,1,0
BRDA:414,67,0,0
BRDA:414,67,1,0
BRDA:415,68,0,0
BRDA:415,69,0,0
BRDA:415,69,1,0
BRDA:415,70,0,0
BRDA:415,70,1,0
BRDA:417,71,0,0
BRDA:417,71,1,0
BRDA:449,72,0,0
BRDA:449,73,0,0
BRDA:449,73,1,0
BRDA:449,74,0,0
BRDA:449,74,1,0
BRDA:450,75,0,0
BRDA:450,76,0,0
BRDA:450,76,1,0
BRDA:450,77,0,0
BRDA:450,77,1,0
BRDA:451,78,0,0
BRDA:451,79,0,0
BRDA:451,79,1,0
BRDA:451,80,0,0
BRDA:451,80,1,0
BRDA:452,81,0,0
BRDA:452,82,0,0
BRDA:452,82,1,0
BRDA:452,83,0,0
BRDA:452,83,1,0
BRDA:454,84,0,0
BRDA:454,84,1,0
BRDA:495,85,0,0
BRDA:495,86,0,0
BRDA:495,86,1,0
BRDA:495,87,0,0
BRDA:495,87,1,0
BRDA:496,88,0,0
BRDA:496,89,0,0
BRDA:496,89,1,0
BRDA:496,90,0,0
BRDA:496,90,1,0
BRDA:497,91,0,0
BRDA:497,92,0,0
BRDA:497,92,1,0
BRDA:497,93,0,0
BRDA:497,93,1,0
BRDA:498,94,0,0
BRDA:498,95,0,0
BRDA:498,95,1,0
BRDA:498,96,0,0
BRDA:498,96,1,0
BRDA:500,97,0,0
BRDA:500,97,1,0
BRDA:541,98,0,0
BRDA:541,99,0,0
BRDA:541,99,1,0
BRDA:541,100,0,0
BRDA:541,100,1,0
BRDA:542,101,0,0
BRDA:542,102,0,0
BRDA:542,102,1,0
BRDA:542,103,0,0
BRDA:542,103,1,0
BRDA:543,104,0,0
BRDA:543,105,0,0
BRDA:543,105,1,0
BRDA:543,106,0,0
BRDA:543,106,1,0
BRDA:544,107,0,0
BRDA:544,108,0,0
BRDA:544,108,1,0
BRDA:544,109,0,0
BRDA:544,109,1,0
BRDA:546,110,0,0
BRDA:546,110,1,0
BRDA:577,111,0,0
BRDA:578,112,0,0
BRDA:580,113,0,0
BRDA:580,113,1,0
BRDA:599,114,0,0
BRDA:600,115,0,0
BRDA:602,116,0,0
BRDA:602,116,1,0
BRDA:612,117,0,0
BRDA:612,118,0,0
BRDA:612,118,1,0
BRDA:612,119,0,0
BRDA:612,119,1,0
BRDA:613,120,0,0
BRDA:613,121,0,0
BRDA:613,121,1,0
BRDA:613,122,0,0
BRDA:613,122,1,0
BRDA:614,123,0,0
BRDA:614,124,0,0
BRDA:614,124,1,0
BRDA:614,125,0,0
BRDA:614,125,1,0
BRDA:615,126,0,0
BRDA:615,127,0,0
BRDA:615,127,1,0
BRDA:615,128,0,0
BRDA:615,128,1,0
BRDA:616,129,0,0
BRDA:616,130,0,0
BRDA:616,130,1,0
BRDA:616,131,0,0
BRDA:616,131,1,0
BRDA:617,132,0,0
BRDA:617,133,0,0
BRDA:617,133,1,0
BRDA:617,134,0,0
BRDA:617,134,1,0
BRDA:619,135,0,0
BRDA:619,135,1,0
BRDA:649,136,0,0
BRDA:650,137,0,0
BRDA:651,138,0,0
BRDA:653,139,0,0
BRDA:653,139,1,0
BRF:221
BRH:3
end_of_record
TN:
SF:src\utils\customerDashboardMockData.ts
FN:2,(anonymous_0)
FNF:1
FNH:0
FNDA:0,(anonymous_0)
DA:2,1
DA:4,0
DA:14,0
DA:24,0
DA:31,0
DA:70,0
LF:6
LH:1
BRF:0
BRH:0
end_of_record
TN:
SF:src\utils\database-schema.ts
FNF:0
FNH:0
DA:9,0
LF:1
LH:0
BRF:0
BRH:0
end_of_record
